#! /c/Source/iverilog-install/bin/vvp
:ivl_version "12.0 (devel)" "(s20150603-1539-g2693dd32b)";
:ivl_delay_selection "TYPICAL";
:vpi_time_precision - 12;
:vpi_module "C:\iverilog\lib\ivl\system.vpi";
:vpi_module "C:\iverilog\lib\ivl\vhdl_sys.vpi";
:vpi_module "C:\iverilog\lib\ivl\vhdl_textio.vpi";
:vpi_module "C:\iverilog\lib\ivl\v2005_math.vpi";
:vpi_module "C:\iverilog\lib\ivl\va_math.vpi";
:vpi_module "C:\iverilog\lib\ivl\v2009.vpi";
S_000002278f9205e0 .scope package, "$unit" "$unit" 2 1;
 .timescale 0 0;
S_000002278f920770 .scope module, "bram_feeder" "bram_feeder" 3 6;
 .timescale -9 -12;
    .port_info 0 /INPUT 1 "clk";
    .port_info 1 /INPUT 1 "rst";
    .port_info 2 /INPUT 1 "frame_num_iv";
    .port_info 3 /INPUT 7 "frame_num_id";
    .port_info 4 /OUTPUT 8 "axiod";
    .port_info 5 /OUTPUT 1 "axiov";
P_000002278f97b830 .param/l "delay" 0 3 16, +C4<00000000000000000000000000010010>;
v000002278f9a6600_0 .net "axiod", 7 0, L_000002278f93b330;  1 drivers
v000002278f9a71e0_0 .var "axiov", 0 0;
v000002278f9a80e0_0 .var "byte_counter", 8 0;
o000002278f9b0148 .functor BUFZ 1, C4<z>; HiZ drive
v000002278f9a7d20_0 .net "clk", 0 0, o000002278f9b0148;  0 drivers
v000002278f9a8180_0 .var "delay_counter", 4 0;
v000002278f9a7000_0 .var "frame_addr", 15 0;
o000002278f9b04d8 .functor BUFZ 7, C4<zzzzzzz>; HiZ drive
v000002278f9a8360_0 .net "frame_num_id", 6 0, o000002278f9b04d8;  0 drivers
o000002278f9b0508 .functor BUFZ 1, C4<z>; HiZ drive
v000002278f9a73c0_0 .net "frame_num_iv", 0 0, o000002278f9b0508;  0 drivers
v000002278f9a6ec0_0 .var "frame_num_saved", 15 0;
v000002278f9a66a0_0 .var "reading_status", 0 0;
o000002278f9b0268 .functor BUFZ 1, C4<z>; HiZ drive
v000002278f9a70a0_0 .net "rst", 0 0, o000002278f9b0268;  0 drivers
E_000002278f97b870 .event anyedge, v000002278f9a6ec0_0, v000002278f9a80e0_0;
S_000002278f8faee0 .scope module, "image_BROM" "xilinx_single_port_ram_read_first" 3 64, 4 10 0, S_000002278f920770;
 .timescale 0 0;
    .port_info 0 /INPUT 16 "addra";
    .port_info 1 /INPUT 8 "dina";
    .port_info 2 /INPUT 1 "clka";
    .port_info 3 /INPUT 1 "wea";
    .port_info 4 /INPUT 1 "ena";
    .port_info 5 /INPUT 1 "rsta";
    .port_info 6 /INPUT 1 "regcea";
    .port_info 7 /OUTPUT 8 "douta";
P_000002278f8f4940 .param/str "INIT_FILE" 0 4 14, "data/mp3_song.mem";
P_000002278f8f4978 .param/l "RAM_DEPTH" 0 4 12, +C4<00000000000000001111101000000000>;
P_000002278f8f49b0 .param/str "RAM_PERFORMANCE" 0 4 13, "HIGH_PERFORMANCE";
P_000002278f8f49e8 .param/l "RAM_WIDTH" 0 4 11, +C4<00000000000000000000000000001000>;
v000002278f968b20 .array "BRAM", 0 63999, 7 0;
v000002278f968bc0_0 .net "addra", 15 0, v000002278f9a7000_0;  1 drivers
v000002278f968c60_0 .net "clka", 0 0, o000002278f9b0148;  alias, 0 drivers
L_000002278f9f30d8 .functor BUFT 1, C4<00000000>, C4<0>, C4<0>, C4<0>;
v000002278f968800_0 .net "dina", 7 0, L_000002278f9f30d8;  1 drivers
v000002278f968da0_0 .net "douta", 7 0, L_000002278f93b330;  alias, 1 drivers
L_000002278f9f3168 .functor BUFT 1, C4<1>, C4<0>, C4<0>, C4<0>;
v000002278f968440_0 .net "ena", 0 0, L_000002278f9f3168;  1 drivers
v000002278f968e40_0 .var "ram_data", 7 0;
L_000002278f9f31b0 .functor BUFT 1, C4<1>, C4<0>, C4<0>, C4<0>;
v000002278f9684e0_0 .net "regcea", 0 0, L_000002278f9f31b0;  1 drivers
v000002278f968ee0_0 .net "rsta", 0 0, o000002278f9b0268;  alias, 0 drivers
L_000002278f9f3120 .functor BUFT 1, C4<0>, C4<0>, C4<0>, C4<0>;
v000002278f968580_0 .net "wea", 0 0, L_000002278f9f3120;  1 drivers
S_000002278f8fb070 .scope function.vec4.u32, "clogb2" "clogb2" 4 74, 4 74 0, S_000002278f8faee0;
 .timescale 0 0;
; Variable clogb2 is vec4 return value of scope S_000002278f8fb070
v000002278f9683a0_0 .var/i "depth", 31 0;
TD_bram_feeder.image_BROM.clogb2 ;
    %pushi/vec4 0, 0, 32;
    %ret/vec4 0, 0, 32;  Assign to clogb2 (store_vec4_to_lval)
T_0.0 ;
    %load/vec4 v000002278f9683a0_0;
    %cmpi/s 0, 0, 32;
    %flag_or 5, 4; GT is !LE
    %flag_inv 5;
    %jmp/0xz T_0.1, 5;
    %load/vec4 v000002278f9683a0_0;
    %ix/load 4, 1, 0;
    %flag_set/imm 4, 0;
    %shiftr 4;
    %store/vec4 v000002278f9683a0_0, 0, 32;
    %retload/vec4 0; Load clogb2 (draw_signal_vec4)
    %addi 1, 0, 32;
    %ret/vec4 0, 0, 32;  Assign to clogb2 (store_vec4_to_lval)
    %jmp T_0.0;
T_0.1 ;
    %end;
S_000002278f8c29c0 .scope generate, "output_register" "output_register" 4 51, 4 51 0, S_000002278f8faee0;
 .timescale 0 0;
L_000002278f93b330 .functor BUFZ 8, v000002278f968760_0, C4<00000000>, C4<00000000>, C4<00000000>;
v000002278f968760_0 .var "douta_reg", 7 0;
E_000002278f97b970 .event posedge, v000002278f968c60_0;
S_000002278f8c2b50 .scope generate, "use_init_file" "use_init_file" 4 31, 4 31 0, S_000002278f8faee0;
 .timescale 0 0;
S_000002278f903fd0 .scope module, "header_finder" "header_finder" 5 17;
 .timescale -9 -12;
    .port_info 0 /INPUT 1 "clk";
    .port_info 1 /INPUT 1 "rst";
    .port_info 2 /INPUT 8 "axiid";
    .port_info 3 /INPUT 1 "axiiv";
    .port_info 4 /OUTPUT 1 "valid_header";
    .port_info 5 /OUTPUT 1 "prot";
    .port_info 6 /OUTPUT 2 "mode";
    .port_info 7 /OUTPUT 2 "mode_ext";
    .port_info 8 /OUTPUT 2 "emphasis";
    .port_info 9 /OUTPUT 11 "frame_size";
v000002278f9a6f60_0 .net *"_ivl_5", 1 0, L_000002278f9f2dd0;  1 drivers
L_000002278f9f31f8 .functor BUFT 1, C4<00000000000000>, C4<0>, C4<0>, C4<0>;
v000002278f9a7780_0 .net *"_ivl_9", 13 0, L_000002278f9f31f8;  1 drivers
o000002278f9b0718 .functor BUFZ 8, C4<zzzzzzzz>; HiZ drive
v000002278f9a6b00_0 .net "axiid", 7 0, o000002278f9b0718;  0 drivers
o000002278f9b0748 .functor BUFZ 1, C4<z>; HiZ drive
v000002278f9a6ce0_0 .net "axiiv", 0 0, o000002278f9b0748;  0 drivers
v000002278f9a6740_0 .var "bitrate", 8 0;
o000002278f9b07a8 .functor BUFZ 1, C4<z>; HiZ drive
v000002278f9a67e0_0 .net "clk", 0 0, o000002278f9b07a8;  0 drivers
v000002278f9a7500_0 .net "emphasis", 1 0, L_000002278f9f20b0;  1 drivers
v000002278f9a7c80_0 .var "frame_size", 10 0;
v000002278f9a7dc0_0 .var "header", 31 0;
v000002278f9a6d80_0 .net "layer", 1 0, L_000002278f9f1bb0;  1 drivers
v000002278f9a7e60_0 .net "mode", 1 0, L_000002278f9f2e70;  1 drivers
v000002278f9a6560_0 .net "mode_ext", 1 0, L_000002278f9f2830;  1 drivers
v000002278f9a6880_0 .net "padding", 0 0, L_000002278f9f1c50;  1 drivers
v000002278f9a7be0_0 .net "prot", 0 0, L_000002278f9f1430;  1 drivers
o000002278f9b0958 .functor BUFZ 1, C4<z>; HiZ drive
v000002278f9a75a0_0 .net "rst", 0 0, o000002278f9b0958;  0 drivers
v000002278f9a6ba0_0 .net "samp_rate", 15 0, L_000002278f9f11b0;  1 drivers
v000002278f9a69c0_0 .net "sync", 11 0, L_000002278f9f28d0;  1 drivers
v000002278f9a7f00_0 .var "valid_header", 0 0;
v000002278f9a6920_0 .net "version", 0 0, L_000002278f9f12f0;  1 drivers
E_000002278f97b2b0 .event anyedge, v000002278f9a6740_0, v000002278f9a6880_0;
E_000002278f97b9f0 .event anyedge, v000002278f9a7dc0_0;
E_000002278f97ba70 .event posedge, v000002278f9a67e0_0;
E_000002278f974470 .event anyedge, v000002278f9a69c0_0, v000002278f9a6920_0, v000002278f9a6ba0_0, v000002278f9a6740_0;
L_000002278f9f12f0 .part v000002278f9a7dc0_0, 19, 1;
L_000002278f9f1bb0 .part v000002278f9a7dc0_0, 17, 2;
L_000002278f9f2dd0 .part v000002278f9a7dc0_0, 10, 2;
L_000002278f9f11b0 .concat [ 2 14 0 0], L_000002278f9f2dd0, L_000002278f9f31f8;
L_000002278f9f28d0 .part v000002278f9a7dc0_0, 20, 12;
L_000002278f9f1430 .part v000002278f9a7dc0_0, 16, 1;
L_000002278f9f1c50 .part v000002278f9a7dc0_0, 9, 1;
L_000002278f9f2e70 .part v000002278f9a7dc0_0, 6, 2;
L_000002278f9f2830 .part v000002278f9a7dc0_0, 4, 2;
L_000002278f9f20b0 .part v000002278f9a7dc0_0, 0, 2;
S_000002278f904160 .scope module, "plexer" "plexer" 6 15;
 .timescale -9 -12;
    .port_info 0 /INPUT 1 "clk";
    .port_info 1 /INPUT 1 "rst";
    .port_info 2 /INPUT 1 "axiiv";
    .port_info 3 /INPUT 8 "axiid";
    .port_info 4 /INPUT 1 "valid_header";
    .port_info 5 /INPUT 2 "mode";
    .port_info 6 /INPUT 1 "prot";
    .port_info 7 /INPUT 11 "frame_size";
    .port_info 8 /OUTPUT 1 "crc_16_ov";
    .port_info 9 /OUTPUT 1 "side_info_ov";
    .port_info 10 /OUTPUT 1 "fifo_buffer_ov";
v000002278f9a6a60_0 .net *"_ivl_5", 2 0, v000002278f9a7a00_0;  1 drivers
o000002278f9b0c58 .functor BUFZ 8, C4<zzzzzzzz>; HiZ drive
v000002278f9a6c40_0 .net "axiid", 7 0, o000002278f9b0c58;  0 drivers
o000002278f9b0c88 .functor BUFZ 1, C4<z>; HiZ drive
v000002278f9a6e20_0 .net "axiiv", 0 0, o000002278f9b0c88;  0 drivers
v000002278f9a8220_0 .var "byte_counter", 11 0;
o000002278f9b0ce8 .functor BUFZ 1, C4<z>; HiZ drive
v000002278f9a7140_0 .net "clk", 0 0, o000002278f9b0ce8;  0 drivers
v000002278f9a7280_0 .net "crc_16_ov", 0 0, L_000002278f9f14d0;  1 drivers
v000002278f9a7aa0_0 .var "crc_length", 1 0;
v000002278f9a7320_0 .net "fifo_buffer_ov", 0 0, L_000002278f9f1d90;  1 drivers
o000002278f9b0da8 .functor BUFZ 11, C4<zzzzzzzzzzz>; HiZ drive
v000002278f9a76e0_0 .net "frame_size", 10 0, o000002278f9b0da8;  0 drivers
v000002278f9a7460_0 .var "frame_size_saved", 10 0;
o000002278f9b0e08 .functor BUFZ 2, C4<zz>; HiZ drive
v000002278f9a7640_0 .net "mode", 1 0, o000002278f9b0e08;  0 drivers
v000002278f9a7a00_0 .var "output_codeword", 2 0;
o000002278f9b0e68 .functor BUFZ 1, C4<z>; HiZ drive
v000002278f9a82c0_0 .net "prot", 0 0, o000002278f9b0e68;  0 drivers
o000002278f9b0e98 .functor BUFZ 1, C4<z>; HiZ drive
v000002278f9a7820_0 .net "rst", 0 0, o000002278f9b0e98;  0 drivers
v000002278f9a78c0_0 .var "side_info_length", 5 0;
v000002278f9a8400_0 .net "side_info_ov", 0 0, L_000002278f9f1570;  1 drivers
v000002278f9a7960_0 .var "status", 0 0;
o000002278f9b0f58 .functor BUFZ 1, C4<z>; HiZ drive
v000002278f9a7b40_0 .net "valid_header", 0 0, o000002278f9b0f58;  0 drivers
E_000002278f9743b0 .event posedge, v000002278f9a7140_0;
L_000002278f9f14d0 .part v000002278f9a7a00_0, 2, 1;
L_000002278f9f1570 .part v000002278f9a7a00_0, 1, 1;
L_000002278f9f1d90 .part v000002278f9a7a00_0, 0, 1;
S_000002278f911030 .scope module, "side_info_2ch" "side_info_2ch" 7 5;
 .timescale -9 -12;
    .port_info 0 /INPUT 1 "clk";
    .port_info 1 /INPUT 1 "rst";
    .port_info 2 /INPUT 8 "axiid";
    .port_info 3 /INPUT 1 "axiiv";
    .port_info 4 /OUTPUT 1 "axiov";
    .port_info 5 /OUTPUT 9 "main_data_begin";
    .port_info 6 /OUTPUT 3 "private_bits";
    .port_info 7 /OUTPUT 8 "scfsi";
    .port_info 8 /OUTPUT 48 "part2_3_length";
    .port_info 9 /OUTPUT 36 "big_values";
    .port_info 10 /OUTPUT 32 "global_gain";
    .port_info 11 /OUTPUT 16 "scalefac_compress";
    .port_info 12 /OUTPUT 4 "window_switching_flag";
    .port_info 13 /OUTPUT 8 "block_type";
    .port_info 14 /OUTPUT 4 "mixed_block_flag";
    .port_info 15 /OUTPUT 60 "table_select";
    .port_info 16 /OUTPUT 36 "subblock_gain";
    .port_info 17 /OUTPUT 16 "region0_count";
    .port_info 18 /OUTPUT 16 "region1_count";
    .port_info 19 /OUTPUT 4 "preflag";
    .port_info 20 /OUTPUT 4 "scalefac_scale";
    .port_info 21 /OUTPUT 4 "count1table_select";
o000002278f9b1198 .functor BUFZ 8, C4<zzzzzzzz>; HiZ drive
v000002278f9a7fa0_0 .net "axiid", 7 0, o000002278f9b1198;  0 drivers
o000002278f9b11c8 .functor BUFZ 1, C4<z>; HiZ drive
v000002278f9a8040_0 .net "axiiv", 0 0, o000002278f9b11c8;  0 drivers
v000002278f9f1e30_0 .var "axiov", 0 0;
v000002278f9f1110_0 .var "big_values", 35 0;
v000002278f9f2fb0_0 .var "block_type", 7 0;
o000002278f9b1288 .functor BUFZ 1, C4<z>; HiZ drive
v000002278f9f2d30_0 .net "clk", 0 0, o000002278f9b1288;  0 drivers
v000002278f9f1610_0 .var "count1table_select", 3 0;
v000002278f9f1930_0 .var "global_gain", 31 0;
v000002278f9f1b10_0 .var "main_data_begin", 8 0;
v000002278f9f1f70_0 .var "mixed_block_flag", 3 0;
v000002278f9f19d0_0 .var "part2_3_length", 47 0;
v000002278f9f1390_0 .var "preflag", 3 0;
v000002278f9f16b0_0 .var "private_bits", 2 0;
v000002278f9f2f10_0 .var "region0_count", 15 0;
v000002278f9f1cf0_0 .var "region1_count", 15 0;
o000002278f9b1468 .functor BUFZ 1, C4<z>; HiZ drive
v000002278f9f2470_0 .net "rst", 0 0, o000002278f9b1468;  0 drivers
v000002278f9f2650_0 .var "scalefac_compress", 15 0;
v000002278f9f2790_0 .var "scalefac_scale", 3 0;
v000002278f9f1ed0_0 .var "scfsi", 7 0;
v000002278f9f1250_0 .var "side_info_buffer", 23 0;
v000002278f9f1a70_0 .var "side_info_byte_counter", 5 0;
v000002278f9f2c90_0 .var "subblock_gain", 35 0;
v000002278f9f1750_0 .var "table_select", 59 0;
v000002278f9f2010_0 .var "window_switching_flag", 3 0;
E_000002278f974730 .event posedge, v000002278f9f2d30_0;
    .scope S_000002278f8c2b50;
T_1 ;
    %vpi_call/w 4 33 "$readmemh", P_000002278f8f4940, v000002278f968b20, 32'sb00000000000000000000000000000000, 32'sb00000000000000001111100111111111 {0 0 0};
    %end;
    .thread T_1;
    .scope S_000002278f8c29c0;
T_2 ;
    %pushi/vec4 0, 0, 8;
    %store/vec4 v000002278f968760_0, 0, 8;
    %end;
    .thread T_2, $init;
    .scope S_000002278f8c29c0;
T_3 ;
    %wait E_000002278f97b970;
    %load/vec4 v000002278f968ee0_0;
    %flag_set/vec4 8;
    %jmp/0xz  T_3.0, 8;
    %pushi/vec4 0, 0, 8;
    %assign/vec4 v000002278f968760_0, 0;
    %jmp T_3.1;
T_3.0 ;
    %load/vec4 v000002278f9684e0_0;
    %flag_set/vec4 8;
    %jmp/0xz  T_3.2, 8;
    %load/vec4 v000002278f968e40_0;
    %assign/vec4 v000002278f968760_0, 0;
T_3.2 ;
T_3.1 ;
    %jmp T_3;
    .thread T_3;
    .scope S_000002278f8faee0;
T_4 ;
    %pushi/vec4 0, 0, 8;
    %store/vec4 v000002278f968e40_0, 0, 8;
    %end;
    .thread T_4, $init;
    .scope S_000002278f8faee0;
T_5 ;
    %wait E_000002278f97b970;
    %load/vec4 v000002278f968440_0;
    %flag_set/vec4 8;
    %jmp/0xz  T_5.0, 8;
    %load/vec4 v000002278f968580_0;
    %flag_set/vec4 8;
    %jmp/0xz  T_5.2, 8;
    %load/vec4 v000002278f968800_0;
    %load/vec4 v000002278f968bc0_0;
    %pad/u 17;
    %ix/vec4 3;
    %ix/load 4, 0, 0; Constant delay
    %assign/vec4/a/d v000002278f968b20, 0, 4;
T_5.2 ;
    %load/vec4 v000002278f968bc0_0;
    %pad/u 17;
    %ix/vec4 4;
    %load/vec4a v000002278f968b20, 4;
    %assign/vec4 v000002278f968e40_0, 0;
T_5.0 ;
    %jmp T_5;
    .thread T_5;
    .scope S_000002278f920770;
T_6 ;
Ewait_0 .event/or E_000002278f97b870, E_0x0;
    %wait Ewait_0;
    %load/vec4 v000002278f9a6ec0_0;
    %ix/load 4, 9, 0;
    %flag_set/imm 4, 0;
    %shiftl 4;
    %load/vec4 v000002278f9a80e0_0;
    %pad/u 16;
    %add;
    %store/vec4 v000002278f9a7000_0, 0, 16;
    %jmp T_6;
    .thread T_6, $push;
    .scope S_000002278f920770;
T_7 ;
    %wait E_000002278f97b970;
    %load/vec4 v000002278f9a70a0_0;
    %flag_set/vec4 8;
    %jmp/0xz  T_7.0, 8;
    %pushi/vec4 0, 0, 9;
    %assign/vec4 v000002278f9a80e0_0, 0;
    %pushi/vec4 0, 0, 1;
    %assign/vec4 v000002278f9a66a0_0, 0;
    %pushi/vec4 0, 0, 5;
    %assign/vec4 v000002278f9a8180_0, 0;
    %jmp T_7.1;
T_7.0 ;
    %load/vec4 v000002278f9a73c0_0;
    %flag_set/vec4 8;
    %jmp/0xz  T_7.2, 8;
    %pushi/vec4 1, 0, 1;
    %assign/vec4 v000002278f9a66a0_0, 0;
    %load/vec4 v000002278f9a8360_0;
    %cmpi/u 124, 0, 7;
    %flag_mov 8, 5;
    %jmp/0 T_7.4, 8;
    %load/vec4 v000002278f9a8360_0;
    %pad/u 16;
    %jmp/1 T_7.5, 8;
T_7.4 ; End of true expr.
    %pushi/vec4 124, 0, 16;
    %jmp/0 T_7.5, 8;
 ; End of false expr.
    %blend;
T_7.5;
    %assign/vec4 v000002278f9a6ec0_0, 0;
    %pushi/vec4 0, 0, 9;
    %assign/vec4 v000002278f9a80e0_0, 0;
    %jmp T_7.3;
T_7.2 ;
    %load/vec4 v000002278f9a66a0_0;
    %flag_set/vec4 8;
    %jmp/0xz  T_7.6, 8;
    %load/vec4 v000002278f9a8180_0;
    %pad/u 32;
    %cmpi/e 18, 0, 32;
    %jmp/0xz  T_7.8, 4;
    %pushi/vec4 0, 0, 5;
    %assign/vec4 v000002278f9a8180_0, 0;
    %pushi/vec4 1, 0, 1;
    %assign/vec4 v000002278f9a71e0_0, 0;
    %load/vec4 v000002278f9a80e0_0;
    %addi 1, 0, 9;
    %assign/vec4 v000002278f9a80e0_0, 0;
    %load/vec4 v000002278f9a80e0_0;
    %cmpi/e 511, 0, 9;
    %jmp/0xz  T_7.10, 4;
    %pushi/vec4 0, 0, 1;
    %assign/vec4 v000002278f9a66a0_0, 0;
T_7.10 ;
    %jmp T_7.9;
T_7.8 ;
    %load/vec4 v000002278f9a8180_0;
    %addi 1, 0, 5;
    %assign/vec4 v000002278f9a8180_0, 0;
    %pushi/vec4 0, 0, 1;
    %assign/vec4 v000002278f9a71e0_0, 0;
T_7.9 ;
    %jmp T_7.7;
T_7.6 ;
    %pushi/vec4 0, 0, 1;
    %assign/vec4 v000002278f9a71e0_0, 0;
T_7.7 ;
T_7.3 ;
T_7.1 ;
    %jmp T_7;
    .thread T_7;
    .scope S_000002278f903fd0;
T_8 ;
Ewait_1 .event/or E_000002278f974470, E_0x0;
    %wait Ewait_1;
    %load/vec4 v000002278f9a69c0_0;
    %cmpi/e 4095, 0, 12;
    %flag_get/vec4 4;
    %jmp/0 T_8.4, 4;
    %load/vec4 v000002278f9a6920_0;
    %and;
T_8.4;
    %flag_set/vec4 10;
    %flag_get/vec4 10;
    %jmp/0 T_8.3, 10;
    %load/vec4 v000002278f9a6ba0_0;
    %pushi/vec4 0, 0, 16;
    %cmp/e;
    %flag_get/vec4 4;
    %and;
T_8.3;
    %flag_set/vec4 9;
    %flag_get/vec4 9;
    %jmp/0 T_8.2, 9;
    %pushi/vec4 0, 0, 32;
    %load/vec4 v000002278f9a6740_0;
    %pad/u 32;
    %cmp/u;
    %flag_get/vec4 5;
    %and;
T_8.2;
    %flag_set/vec4 8;
    %jmp/0xz  T_8.0, 8;
    %pushi/vec4 1, 0, 1;
    %store/vec4 v000002278f9a7f00_0, 0, 1;
    %jmp T_8.1;
T_8.0 ;
    %pushi/vec4 0, 0, 1;
    %store/vec4 v000002278f9a7f00_0, 0, 1;
T_8.1 ;
    %jmp T_8;
    .thread T_8, $push;
    .scope S_000002278f903fd0;
T_9 ;
    %wait E_000002278f97ba70;
    %load/vec4 v000002278f9a75a0_0;
    %flag_set/vec4 8;
    %jmp/0xz  T_9.0, 8;
    %pushi/vec4 0, 0, 32;
    %assign/vec4 v000002278f9a7dc0_0, 0;
    %jmp T_9.1;
T_9.0 ;
    %load/vec4 v000002278f9a6ce0_0;
    %flag_set/vec4 8;
    %jmp/0xz  T_9.2, 8;
    %load/vec4 v000002278f9a7dc0_0;
    %parti/s 24, 0, 2;
    %load/vec4 v000002278f9a6b00_0;
    %concat/vec4; draw_concat_vec4
    %assign/vec4 v000002278f9a7dc0_0, 0;
T_9.2 ;
T_9.1 ;
    %jmp T_9;
    .thread T_9;
    .scope S_000002278f903fd0;
T_10 ;
Ewait_2 .event/or E_000002278f97b9f0, E_0x0;
    %wait Ewait_2;
    %load/vec4 v000002278f9a7dc0_0;
    %parti/s 4, 12, 5;
    %dup/vec4;
    %pushi/vec4 1, 0, 4;
    %cmp/u;
    %jmp/1 T_10.0, 6;
    %dup/vec4;
    %pushi/vec4 2, 0, 4;
    %cmp/u;
    %jmp/1 T_10.1, 6;
    %dup/vec4;
    %pushi/vec4 3, 0, 4;
    %cmp/u;
    %jmp/1 T_10.2, 6;
    %dup/vec4;
    %pushi/vec4 4, 0, 4;
    %cmp/u;
    %jmp/1 T_10.3, 6;
    %dup/vec4;
    %pushi/vec4 5, 0, 4;
    %cmp/u;
    %jmp/1 T_10.4, 6;
    %dup/vec4;
    %pushi/vec4 6, 0, 4;
    %cmp/u;
    %jmp/1 T_10.5, 6;
    %dup/vec4;
    %pushi/vec4 7, 0, 4;
    %cmp/u;
    %jmp/1 T_10.6, 6;
    %dup/vec4;
    %pushi/vec4 8, 0, 4;
    %cmp/u;
    %jmp/1 T_10.7, 6;
    %dup/vec4;
    %pushi/vec4 9, 0, 4;
    %cmp/u;
    %jmp/1 T_10.8, 6;
    %dup/vec4;
    %pushi/vec4 10, 0, 4;
    %cmp/u;
    %jmp/1 T_10.9, 6;
    %dup/vec4;
    %pushi/vec4 11, 0, 4;
    %cmp/u;
    %jmp/1 T_10.10, 6;
    %dup/vec4;
    %pushi/vec4 12, 0, 4;
    %cmp/u;
    %jmp/1 T_10.11, 6;
    %dup/vec4;
    %pushi/vec4 13, 0, 4;
    %cmp/u;
    %jmp/1 T_10.12, 6;
    %dup/vec4;
    %pushi/vec4 14, 0, 4;
    %cmp/u;
    %jmp/1 T_10.13, 6;
    %pushi/vec4 0, 0, 9;
    %store/vec4 v000002278f9a6740_0, 0, 9;
    %jmp T_10.15;
T_10.0 ;
    %pushi/vec4 32, 0, 9;
    %store/vec4 v000002278f9a6740_0, 0, 9;
    %jmp T_10.15;
T_10.1 ;
    %pushi/vec4 40, 0, 9;
    %store/vec4 v000002278f9a6740_0, 0, 9;
    %jmp T_10.15;
T_10.2 ;
    %pushi/vec4 48, 0, 9;
    %store/vec4 v000002278f9a6740_0, 0, 9;
    %jmp T_10.15;
T_10.3 ;
    %pushi/vec4 56, 0, 9;
    %store/vec4 v000002278f9a6740_0, 0, 9;
    %jmp T_10.15;
T_10.4 ;
    %pushi/vec4 64, 0, 9;
    %store/vec4 v000002278f9a6740_0, 0, 9;
    %jmp T_10.15;
T_10.5 ;
    %pushi/vec4 80, 0, 9;
    %store/vec4 v000002278f9a6740_0, 0, 9;
    %jmp T_10.15;
T_10.6 ;
    %pushi/vec4 96, 0, 9;
    %store/vec4 v000002278f9a6740_0, 0, 9;
    %jmp T_10.15;
T_10.7 ;
    %pushi/vec4 112, 0, 9;
    %store/vec4 v000002278f9a6740_0, 0, 9;
    %jmp T_10.15;
T_10.8 ;
    %pushi/vec4 128, 0, 9;
    %store/vec4 v000002278f9a6740_0, 0, 9;
    %jmp T_10.15;
T_10.9 ;
    %pushi/vec4 160, 0, 9;
    %store/vec4 v000002278f9a6740_0, 0, 9;
    %jmp T_10.15;
T_10.10 ;
    %pushi/vec4 192, 0, 9;
    %store/vec4 v000002278f9a6740_0, 0, 9;
    %jmp T_10.15;
T_10.11 ;
    %pushi/vec4 224, 0, 9;
    %store/vec4 v000002278f9a6740_0, 0, 9;
    %jmp T_10.15;
T_10.12 ;
    %pushi/vec4 256, 0, 9;
    %store/vec4 v000002278f9a6740_0, 0, 9;
    %jmp T_10.15;
T_10.13 ;
    %pushi/vec4 320, 0, 9;
    %store/vec4 v000002278f9a6740_0, 0, 9;
    %jmp T_10.15;
T_10.15 ;
    %pop/vec4 1;
    %jmp T_10;
    .thread T_10, $push;
    .scope S_000002278f903fd0;
T_11 ;
Ewait_3 .event/or E_000002278f97b2b0, E_0x0;
    %wait Ewait_3;
    %load/vec4 v000002278f9a6740_0;
    %dup/vec4;
    %pushi/vec4 32, 0, 9;
    %cmp/u;
    %jmp/1 T_11.0, 6;
    %dup/vec4;
    %pushi/vec4 40, 0, 9;
    %cmp/u;
    %jmp/1 T_11.1, 6;
    %dup/vec4;
    %pushi/vec4 48, 0, 9;
    %cmp/u;
    %jmp/1 T_11.2, 6;
    %dup/vec4;
    %pushi/vec4 56, 0, 9;
    %cmp/u;
    %jmp/1 T_11.3, 6;
    %dup/vec4;
    %pushi/vec4 64, 0, 9;
    %cmp/u;
    %jmp/1 T_11.4, 6;
    %dup/vec4;
    %pushi/vec4 80, 0, 9;
    %cmp/u;
    %jmp/1 T_11.5, 6;
    %dup/vec4;
    %pushi/vec4 96, 0, 9;
    %cmp/u;
    %jmp/1 T_11.6, 6;
    %dup/vec4;
    %pushi/vec4 112, 0, 9;
    %cmp/u;
    %jmp/1 T_11.7, 6;
    %dup/vec4;
    %pushi/vec4 128, 0, 9;
    %cmp/u;
    %jmp/1 T_11.8, 6;
    %dup/vec4;
    %pushi/vec4 160, 0, 9;
    %cmp/u;
    %jmp/1 T_11.9, 6;
    %dup/vec4;
    %pushi/vec4 192, 0, 9;
    %cmp/u;
    %jmp/1 T_11.10, 6;
    %dup/vec4;
    %pushi/vec4 224, 0, 9;
    %cmp/u;
    %jmp/1 T_11.11, 6;
    %dup/vec4;
    %pushi/vec4 256, 0, 9;
    %cmp/u;
    %jmp/1 T_11.12, 6;
    %dup/vec4;
    %pushi/vec4 320, 0, 9;
    %cmp/u;
    %jmp/1 T_11.13, 6;
    %pushi/vec4 0, 0, 11;
    %store/vec4 v000002278f9a7c80_0, 0, 11;
    %jmp T_11.15;
T_11.0 ;
    %load/vec4 v000002278f9a6880_0;
    %flag_set/vec4 8;
    %jmp/0 T_11.16, 8;
    %pushi/vec4 105, 0, 11;
    %jmp/1 T_11.17, 8;
T_11.16 ; End of true expr.
    %pushi/vec4 104, 0, 11;
    %jmp/0 T_11.17, 8;
 ; End of false expr.
    %blend;
T_11.17;
    %store/vec4 v000002278f9a7c80_0, 0, 11;
    %jmp T_11.15;
T_11.1 ;
    %load/vec4 v000002278f9a6880_0;
    %flag_set/vec4 8;
    %jmp/0 T_11.18, 8;
    %pushi/vec4 131, 0, 11;
    %jmp/1 T_11.19, 8;
T_11.18 ; End of true expr.
    %pushi/vec4 130, 0, 11;
    %jmp/0 T_11.19, 8;
 ; End of false expr.
    %blend;
T_11.19;
    %store/vec4 v000002278f9a7c80_0, 0, 11;
    %jmp T_11.15;
T_11.2 ;
    %load/vec4 v000002278f9a6880_0;
    %flag_set/vec4 8;
    %jmp/0 T_11.20, 8;
    %pushi/vec4 157, 0, 11;
    %jmp/1 T_11.21, 8;
T_11.20 ; End of true expr.
    %pushi/vec4 156, 0, 11;
    %jmp/0 T_11.21, 8;
 ; End of false expr.
    %blend;
T_11.21;
    %store/vec4 v000002278f9a7c80_0, 0, 11;
    %jmp T_11.15;
T_11.3 ;
    %load/vec4 v000002278f9a6880_0;
    %flag_set/vec4 8;
    %jmp/0 T_11.22, 8;
    %pushi/vec4 183, 0, 11;
    %jmp/1 T_11.23, 8;
T_11.22 ; End of true expr.
    %pushi/vec4 182, 0, 11;
    %jmp/0 T_11.23, 8;
 ; End of false expr.
    %blend;
T_11.23;
    %store/vec4 v000002278f9a7c80_0, 0, 11;
    %jmp T_11.15;
T_11.4 ;
    %load/vec4 v000002278f9a6880_0;
    %flag_set/vec4 8;
    %jmp/0 T_11.24, 8;
    %pushi/vec4 209, 0, 11;
    %jmp/1 T_11.25, 8;
T_11.24 ; End of true expr.
    %pushi/vec4 208, 0, 11;
    %jmp/0 T_11.25, 8;
 ; End of false expr.
    %blend;
T_11.25;
    %store/vec4 v000002278f9a7c80_0, 0, 11;
    %jmp T_11.15;
T_11.5 ;
    %load/vec4 v000002278f9a6880_0;
    %flag_set/vec4 8;
    %jmp/0 T_11.26, 8;
    %pushi/vec4 262, 0, 11;
    %jmp/1 T_11.27, 8;
T_11.26 ; End of true expr.
    %pushi/vec4 261, 0, 11;
    %jmp/0 T_11.27, 8;
 ; End of false expr.
    %blend;
T_11.27;
    %store/vec4 v000002278f9a7c80_0, 0, 11;
    %jmp T_11.15;
T_11.6 ;
    %load/vec4 v000002278f9a6880_0;
    %flag_set/vec4 8;
    %jmp/0 T_11.28, 8;
    %pushi/vec4 314, 0, 11;
    %jmp/1 T_11.29, 8;
T_11.28 ; End of true expr.
    %pushi/vec4 313, 0, 11;
    %jmp/0 T_11.29, 8;
 ; End of false expr.
    %blend;
T_11.29;
    %store/vec4 v000002278f9a7c80_0, 0, 11;
    %jmp T_11.15;
T_11.7 ;
    %load/vec4 v000002278f9a6880_0;
    %flag_set/vec4 8;
    %jmp/0 T_11.30, 8;
    %pushi/vec4 366, 0, 11;
    %jmp/1 T_11.31, 8;
T_11.30 ; End of true expr.
    %pushi/vec4 365, 0, 11;
    %jmp/0 T_11.31, 8;
 ; End of false expr.
    %blend;
T_11.31;
    %store/vec4 v000002278f9a7c80_0, 0, 11;
    %jmp T_11.15;
T_11.8 ;
    %load/vec4 v000002278f9a6880_0;
    %flag_set/vec4 8;
    %jmp/0 T_11.32, 8;
    %pushi/vec4 418, 0, 11;
    %jmp/1 T_11.33, 8;
T_11.32 ; End of true expr.
    %pushi/vec4 417, 0, 11;
    %jmp/0 T_11.33, 8;
 ; End of false expr.
    %blend;
T_11.33;
    %store/vec4 v000002278f9a7c80_0, 0, 11;
    %jmp T_11.15;
T_11.9 ;
    %load/vec4 v000002278f9a6880_0;
    %flag_set/vec4 8;
    %jmp/0 T_11.34, 8;
    %pushi/vec4 523, 0, 11;
    %jmp/1 T_11.35, 8;
T_11.34 ; End of true expr.
    %pushi/vec4 522, 0, 11;
    %jmp/0 T_11.35, 8;
 ; End of false expr.
    %blend;
T_11.35;
    %store/vec4 v000002278f9a7c80_0, 0, 11;
    %jmp T_11.15;
T_11.10 ;
    %load/vec4 v000002278f9a6880_0;
    %flag_set/vec4 8;
    %jmp/0 T_11.36, 8;
    %pushi/vec4 627, 0, 11;
    %jmp/1 T_11.37, 8;
T_11.36 ; End of true expr.
    %pushi/vec4 626, 0, 11;
    %jmp/0 T_11.37, 8;
 ; End of false expr.
    %blend;
T_11.37;
    %store/vec4 v000002278f9a7c80_0, 0, 11;
    %jmp T_11.15;
T_11.11 ;
    %load/vec4 v000002278f9a6880_0;
    %flag_set/vec4 8;
    %jmp/0 T_11.38, 8;
    %pushi/vec4 732, 0, 11;
    %jmp/1 T_11.39, 8;
T_11.38 ; End of true expr.
    %pushi/vec4 731, 0, 11;
    %jmp/0 T_11.39, 8;
 ; End of false expr.
    %blend;
T_11.39;
    %store/vec4 v000002278f9a7c80_0, 0, 11;
    %jmp T_11.15;
T_11.12 ;
    %load/vec4 v000002278f9a6880_0;
    %flag_set/vec4 8;
    %jmp/0 T_11.40, 8;
    %pushi/vec4 836, 0, 11;
    %jmp/1 T_11.41, 8;
T_11.40 ; End of true expr.
    %pushi/vec4 835, 0, 11;
    %jmp/0 T_11.41, 8;
 ; End of false expr.
    %blend;
T_11.41;
    %store/vec4 v000002278f9a7c80_0, 0, 11;
    %jmp T_11.15;
T_11.13 ;
    %load/vec4 v000002278f9a6880_0;
    %flag_set/vec4 8;
    %jmp/0 T_11.42, 8;
    %pushi/vec4 1045, 0, 11;
    %jmp/1 T_11.43, 8;
T_11.42 ; End of true expr.
    %pushi/vec4 1044, 0, 11;
    %jmp/0 T_11.43, 8;
 ; End of false expr.
    %blend;
T_11.43;
    %store/vec4 v000002278f9a7c80_0, 0, 11;
    %jmp T_11.15;
T_11.15 ;
    %pop/vec4 1;
    %jmp T_11;
    .thread T_11, $push;
    .scope S_000002278f904160;
T_12 ;
    %wait E_000002278f9743b0;
    %load/vec4 v000002278f9a7820_0;
    %flag_set/vec4 8;
    %jmp/0xz  T_12.0, 8;
    %pushi/vec4 0, 0, 12;
    %assign/vec4 v000002278f9a8220_0, 0;
    %pushi/vec4 0, 0, 3;
    %assign/vec4 v000002278f9a7a00_0, 0;
    %pushi/vec4 0, 0, 1;
    %assign/vec4 v000002278f9a7960_0, 0;
    %jmp T_12.1;
T_12.0 ;
    %load/vec4 v000002278f9a7960_0;
    %flag_set/vec4 8;
    %jmp/0xz  T_12.2, 8;
    %load/vec4 v000002278f9a6e20_0;
    %flag_set/vec4 8;
    %jmp/0xz  T_12.4, 8;
    %load/vec4 v000002278f9a8220_0;
    %addi 1, 0, 12;
    %assign/vec4 v000002278f9a8220_0, 0;
    %load/vec4 v000002278f9a8220_0;
    %load/vec4 v000002278f9a7aa0_0;
    %pad/u 12;
    %cmp/u;
    %jmp/0xz  T_12.6, 5;
    %pushi/vec4 4, 0, 3;
    %assign/vec4 v000002278f9a7a00_0, 0;
    %jmp T_12.7;
T_12.6 ;
    %load/vec4 v000002278f9a8220_0;
    %load/vec4 v000002278f9a7aa0_0;
    %pad/u 12;
    %load/vec4 v000002278f9a78c0_0;
    %pad/u 12;
    %add;
    %cmp/u;
    %jmp/0xz  T_12.8, 5;
    %pushi/vec4 2, 0, 3;
    %assign/vec4 v000002278f9a7a00_0, 0;
    %jmp T_12.9;
T_12.8 ;
    %load/vec4 v000002278f9a8220_0;
    %addi 4, 0, 12;
    %load/vec4 v000002278f9a7460_0;
    %pad/u 12;
    %cmp/u;
    %jmp/0xz  T_12.10, 5;
    %pushi/vec4 1, 0, 3;
    %assign/vec4 v000002278f9a7a00_0, 0;
    %jmp T_12.11;
T_12.10 ;
    %load/vec4 v000002278f9a8220_0;
    %addi 4, 0, 12;
    %load/vec4 v000002278f9a7460_0;
    %pad/u 12;
    %addi 3, 0, 12;
    %cmp/u;
    %jmp/0xz  T_12.12, 5;
    %pushi/vec4 0, 0, 3;
    %assign/vec4 v000002278f9a7a00_0, 0;
    %jmp T_12.13;
T_12.12 ;
    %pushi/vec4 0, 0, 3;
    %assign/vec4 v000002278f9a7a00_0, 0;
    %pushi/vec4 0, 0, 1;
    %assign/vec4 v000002278f9a7960_0, 0;
    %pushi/vec4 0, 0, 12;
    %assign/vec4 v000002278f9a8220_0, 0;
T_12.13 ;
T_12.11 ;
T_12.9 ;
T_12.7 ;
T_12.4 ;
    %jmp T_12.3;
T_12.2 ;
    %load/vec4 v000002278f9a7b40_0;
    %flag_set/vec4 8;
    %jmp/0xz  T_12.14, 8;
    %load/vec4 v000002278f9a82c0_0;
    %flag_set/vec4 8;
    %jmp/0xz  T_12.16, 8;
    %pushi/vec4 0, 0, 2;
    %assign/vec4 v000002278f9a7aa0_0, 0;
    %jmp T_12.17;
T_12.16 ;
    %pushi/vec4 2, 0, 2;
    %assign/vec4 v000002278f9a7aa0_0, 0;
T_12.17 ;
    %load/vec4 v000002278f9a7640_0;
    %pad/u 32;
    %cmpi/e 3, 0, 32;
    %jmp/0xz  T_12.18, 4;
    %pushi/vec4 17, 0, 6;
    %assign/vec4 v000002278f9a78c0_0, 0;
    %jmp T_12.19;
T_12.18 ;
    %pushi/vec4 32, 0, 6;
    %assign/vec4 v000002278f9a78c0_0, 0;
T_12.19 ;
    %load/vec4 v000002278f9a76e0_0;
    %assign/vec4 v000002278f9a7460_0, 0;
    %pushi/vec4 1, 0, 1;
    %assign/vec4 v000002278f9a7960_0, 0;
    %pushi/vec4 0, 0, 12;
    %assign/vec4 v000002278f9a8220_0, 0;
    %jmp T_12.15;
T_12.14 ;
    %pushi/vec4 0, 0, 3;
    %assign/vec4 v000002278f9a7a00_0, 0;
T_12.15 ;
T_12.3 ;
T_12.1 ;
    %jmp T_12;
    .thread T_12;
    .scope S_000002278f911030;
T_13 ;
    %wait E_000002278f974730;
    %load/vec4 v000002278f9f2470_0;
    %flag_set/vec4 8;
    %jmp/0xz  T_13.0, 8;
    %pushi/vec4 0, 0, 24;
    %assign/vec4 v000002278f9f1250_0, 0;
    %pushi/vec4 0, 0, 6;
    %assign/vec4 v000002278f9f1a70_0, 0;
    %pushi/vec4 0, 0, 1;
    %assign/vec4 v000002278f9f1e30_0, 0;
    %jmp T_13.1;
T_13.0 ;
    %load/vec4 v000002278f9a8040_0;
    %flag_set/vec4 9;
    %flag_get/vec4 9;
    %jmp/0 T_13.4, 9;
    %load/vec4 v000002278f9f1a70_0;
    %pushi/vec4 32, 0, 6;
    %cmp/ne;
    %flag_get/vec4 4;
    %and;
T_13.4;
    %flag_set/vec4 8;
    %jmp/0xz  T_13.2, 8;
    %load/vec4 v000002278f9f1250_0;
    %parti/s 16, 0, 2;
    %load/vec4 v000002278f9a7fa0_0;
    %concat/vec4; draw_concat_vec4
    %assign/vec4 v000002278f9f1250_0, 0;
    %load/vec4 v000002278f9f1a70_0;
    %addi 1, 0, 6;
    %assign/vec4 v000002278f9f1a70_0, 0;
    %pushi/vec4 0, 0, 1;
    %assign/vec4 v000002278f9f1e30_0, 0;
    %jmp T_13.3;
T_13.2 ;
    %load/vec4 v000002278f9a8040_0;
    %flag_set/vec4 8;
    %jmp/0xz  T_13.5, 8;
    %load/vec4 v000002278f9f1250_0;
    %parti/s 16, 0, 2;
    %load/vec4 v000002278f9a7fa0_0;
    %concat/vec4; draw_concat_vec4
    %assign/vec4 v000002278f9f1250_0, 0;
    %pushi/vec4 1, 0, 6;
    %assign/vec4 v000002278f9f1a70_0, 0;
    %pushi/vec4 0, 0, 1;
    %assign/vec4 v000002278f9f1e30_0, 0;
    %jmp T_13.6;
T_13.5 ;
    %load/vec4 v000002278f9f1a70_0;
    %cmpi/e 32, 0, 6;
    %jmp/0xz  T_13.7, 4;
    %pushi/vec4 1, 0, 1;
    %assign/vec4 v000002278f9f1e30_0, 0;
    %pushi/vec4 0, 0, 6;
    %assign/vec4 v000002278f9f1a70_0, 0;
    %jmp T_13.8;
T_13.7 ;
    %pushi/vec4 0, 0, 1;
    %assign/vec4 v000002278f9f1e30_0, 0;
T_13.8 ;
T_13.6 ;
T_13.3 ;
T_13.1 ;
    %jmp T_13;
    .thread T_13;
    .scope S_000002278f911030;
T_14 ;
    %wait E_000002278f974730;
    %load/vec4 v000002278f9f2470_0;
    %flag_set/vec4 8;
    %jmp/0xz  T_14.0, 8;
    %pushi/vec4 0, 0, 9;
    %assign/vec4 v000002278f9f1b10_0, 0;
    %pushi/vec4 0, 0, 3;
    %assign/vec4 v000002278f9f16b0_0, 0;
    %pushi/vec4 0, 0, 8;
    %assign/vec4 v000002278f9f1ed0_0, 0;
    %pushi/vec4 0, 0, 48;
    %assign/vec4 v000002278f9f19d0_0, 0;
    %pushi/vec4 0, 0, 36;
    %assign/vec4 v000002278f9f1110_0, 0;
    %pushi/vec4 0, 0, 32;
    %assign/vec4 v000002278f9f1930_0, 0;
    %pushi/vec4 0, 0, 16;
    %assign/vec4 v000002278f9f2650_0, 0;
    %pushi/vec4 0, 0, 4;
    %assign/vec4 v000002278f9f2010_0, 0;
    %pushi/vec4 0, 0, 8;
    %assign/vec4 v000002278f9f2fb0_0, 0;
    %pushi/vec4 0, 0, 4;
    %assign/vec4 v000002278f9f1f70_0, 0;
    %pushi/vec4 0, 0, 60;
    %assign/vec4 v000002278f9f1750_0, 0;
    %pushi/vec4 0, 0, 36;
    %assign/vec4 v000002278f9f2c90_0, 0;
    %pushi/vec4 0, 0, 16;
    %assign/vec4 v000002278f9f2f10_0, 0;
    %pushi/vec4 0, 0, 16;
    %assign/vec4 v000002278f9f1cf0_0, 0;
    %pushi/vec4 0, 0, 4;
    %assign/vec4 v000002278f9f1390_0, 0;
    %pushi/vec4 0, 0, 4;
    %assign/vec4 v000002278f9f2790_0, 0;
    %pushi/vec4 0, 0, 4;
    %assign/vec4 v000002278f9f1610_0, 0;
    %jmp T_14.1;
T_14.0 ;
    %load/vec4 v000002278f9f1a70_0;
    %dup/vec4;
    %pushi/vec4 1, 0, 6;
    %cmp/u;
    %jmp/1 T_14.2, 6;
    %dup/vec4;
    %pushi/vec4 2, 0, 6;
    %cmp/u;
    %jmp/1 T_14.3, 6;
    %dup/vec4;
    %pushi/vec4 3, 0, 6;
    %cmp/u;
    %jmp/1 T_14.4, 6;
    %dup/vec4;
    %pushi/vec4 4, 0, 6;
    %cmp/u;
    %jmp/1 T_14.5, 6;
    %dup/vec4;
    %pushi/vec4 5, 0, 6;
    %cmp/u;
    %jmp/1 T_14.6, 6;
    %dup/vec4;
    %pushi/vec4 6, 0, 6;
    %cmp/u;
    %jmp/1 T_14.7, 6;
    %dup/vec4;
    %pushi/vec4 7, 0, 6;
    %cmp/u;
    %jmp/1 T_14.8, 6;
    %dup/vec4;
    %pushi/vec4 8, 0, 6;
    %cmp/u;
    %jmp/1 T_14.9, 6;
    %dup/vec4;
    %pushi/vec4 9, 0, 6;
    %cmp/u;
    %jmp/1 T_14.10, 6;
    %dup/vec4;
    %pushi/vec4 10, 0, 6;
    %cmp/u;
    %jmp/1 T_14.11, 6;
    %dup/vec4;
    %pushi/vec4 11, 0, 6;
    %cmp/u;
    %jmp/1 T_14.12, 6;
    %dup/vec4;
    %pushi/vec4 12, 0, 6;
    %cmp/u;
    %jmp/1 T_14.13, 6;
    %dup/vec4;
    %pushi/vec4 13, 0, 6;
    %cmp/u;
    %jmp/1 T_14.14, 6;
    %dup/vec4;
    %pushi/vec4 14, 0, 6;
    %cmp/u;
    %jmp/1 T_14.15, 6;
    %dup/vec4;
    %pushi/vec4 15, 0, 6;
    %cmp/u;
    %jmp/1 T_14.16, 6;
    %dup/vec4;
    %pushi/vec4 16, 0, 6;
    %cmp/u;
    %jmp/1 T_14.17, 6;
    %dup/vec4;
    %pushi/vec4 17, 0, 6;
    %cmp/u;
    %jmp/1 T_14.18, 6;
    %dup/vec4;
    %pushi/vec4 18, 0, 6;
    %cmp/u;
    %jmp/1 T_14.19, 6;
    %dup/vec4;
    %pushi/vec4 19, 0, 6;
    %cmp/u;
    %jmp/1 T_14.20, 6;
    %dup/vec4;
    %pushi/vec4 20, 0, 6;
    %cmp/u;
    %jmp/1 T_14.21, 6;
    %dup/vec4;
    %pushi/vec4 21, 0, 6;
    %cmp/u;
    %jmp/1 T_14.22, 6;
    %dup/vec4;
    %pushi/vec4 22, 0, 6;
    %cmp/u;
    %jmp/1 T_14.23, 6;
    %dup/vec4;
    %pushi/vec4 23, 0, 6;
    %cmp/u;
    %jmp/1 T_14.24, 6;
    %dup/vec4;
    %pushi/vec4 24, 0, 6;
    %cmp/u;
    %jmp/1 T_14.25, 6;
    %dup/vec4;
    %pushi/vec4 25, 0, 6;
    %cmp/u;
    %jmp/1 T_14.26, 6;
    %dup/vec4;
    %pushi/vec4 26, 0, 6;
    %cmp/u;
    %jmp/1 T_14.27, 6;
    %dup/vec4;
    %pushi/vec4 27, 0, 6;
    %cmp/u;
    %jmp/1 T_14.28, 6;
    %dup/vec4;
    %pushi/vec4 28, 0, 6;
    %cmp/u;
    %jmp/1 T_14.29, 6;
    %dup/vec4;
    %pushi/vec4 29, 0, 6;
    %cmp/u;
    %jmp/1 T_14.30, 6;
    %dup/vec4;
    %pushi/vec4 30, 0, 6;
    %cmp/u;
    %jmp/1 T_14.31, 6;
    %dup/vec4;
    %pushi/vec4 31, 0, 6;
    %cmp/u;
    %jmp/1 T_14.32, 6;
    %dup/vec4;
    %pushi/vec4 32, 0, 6;
    %cmp/u;
    %jmp/1 T_14.33, 6;
    %jmp T_14.34;
T_14.2 ;
    %jmp T_14.34;
T_14.3 ;
    %load/vec4 v000002278f9f1250_0;
    %parti/s 9, 7, 4;
    %assign/vec4 v000002278f9f1b10_0, 0;
    %load/vec4 v000002278f9f1250_0;
    %parti/s 3, 4, 4;
    %assign/vec4 v000002278f9f16b0_0, 0;
    %load/vec4 v000002278f9f1250_0;
    %parti/s 1, 3, 3;
    %ix/load 4, 0, 0;
    %ix/load 5, 0, 0;
    %flag_set/imm 4, 0;
    %assign/vec4/off/d v000002278f9f1ed0_0, 4, 5;
    %load/vec4 v000002278f9f1250_0;
    %parti/s 1, 2, 3;
    %ix/load 4, 1, 0;
    %ix/load 5, 0, 0;
    %flag_set/imm 4, 0;
    %assign/vec4/off/d v000002278f9f1ed0_0, 4, 5;
    %load/vec4 v000002278f9f1250_0;
    %parti/s 1, 1, 2;
    %ix/load 4, 2, 0;
    %ix/load 5, 0, 0;
    %flag_set/imm 4, 0;
    %assign/vec4/off/d v000002278f9f1ed0_0, 4, 5;
    %load/vec4 v000002278f9f1250_0;
    %parti/s 1, 0, 2;
    %ix/load 4, 3, 0;
    %ix/load 5, 0, 0;
    %flag_set/imm 4, 0;
    %assign/vec4/off/d v000002278f9f1ed0_0, 4, 5;
    %jmp T_14.34;
T_14.4 ;
    %load/vec4 v000002278f9f1250_0;
    %parti/s 1, 7, 4;
    %ix/load 4, 4, 0;
    %ix/load 5, 0, 0;
    %flag_set/imm 4, 0;
    %assign/vec4/off/d v000002278f9f1ed0_0, 4, 5;
    %load/vec4 v000002278f9f1250_0;
    %parti/s 1, 6, 4;
    %ix/load 4, 5, 0;
    %ix/load 5, 0, 0;
    %flag_set/imm 4, 0;
    %assign/vec4/off/d v000002278f9f1ed0_0, 4, 5;
    %load/vec4 v000002278f9f1250_0;
    %parti/s 1, 5, 4;
    %ix/load 4, 6, 0;
    %ix/load 5, 0, 0;
    %flag_set/imm 4, 0;
    %assign/vec4/off/d v000002278f9f1ed0_0, 4, 5;
    %load/vec4 v000002278f9f1250_0;
    %parti/s 1, 4, 4;
    %ix/load 4, 7, 0;
    %ix/load 5, 0, 0;
    %flag_set/imm 4, 0;
    %assign/vec4/off/d v000002278f9f1ed0_0, 4, 5;
    %jmp T_14.34;
T_14.5 ;
    %load/vec4 v000002278f9f1250_0;
    %parti/s 12, 0, 2;
    %ix/load 4, 0, 0;
    %ix/load 5, 0, 0;
    %flag_set/imm 4, 0;
    %assign/vec4/off/d v000002278f9f19d0_0, 4, 5;
    %jmp T_14.34;
T_14.6 ;
    %jmp T_14.34;
T_14.7 ;
    %load/vec4 v000002278f9f1250_0;
    %parti/s 9, 7, 4;
    %ix/load 4, 0, 0;
    %ix/load 5, 0, 0;
    %flag_set/imm 4, 0;
    %assign/vec4/off/d v000002278f9f1110_0, 4, 5;
    %jmp T_14.34;
T_14.8 ;
    %load/vec4 v000002278f9f1250_0;
    %parti/s 8, 7, 4;
    %ix/load 4, 0, 0;
    %ix/load 5, 0, 0;
    %flag_set/imm 4, 0;
    %assign/vec4/off/d v000002278f9f1930_0, 4, 5;
    %load/vec4 v000002278f9f1250_0;
    %parti/s 4, 3, 3;
    %ix/load 4, 0, 0;
    %ix/load 5, 0, 0;
    %flag_set/imm 4, 0;
    %assign/vec4/off/d v000002278f9f2650_0, 4, 5;
    %load/vec4 v000002278f9f1250_0;
    %parti/s 1, 2, 3;
    %ix/load 4, 0, 0;
    %ix/load 5, 0, 0;
    %flag_set/imm 4, 0;
    %assign/vec4/off/d v000002278f9f2010_0, 4, 5;
    %jmp T_14.34;
T_14.9 ;
    %load/vec4 v000002278f9f2010_0;
    %parti/s 1, 0, 2;
    %flag_set/vec4 8;
    %jmp/0xz  T_14.35, 8;
    %load/vec4 v000002278f9f1250_0;
    %parti/s 2, 8, 5;
    %ix/load 4, 0, 0;
    %ix/load 5, 0, 0;
    %flag_set/imm 4, 0;
    %assign/vec4/off/d v000002278f9f2fb0_0, 4, 5;
    %load/vec4 v000002278f9f1250_0;
    %parti/s 1, 7, 4;
    %ix/load 4, 0, 0;
    %ix/load 5, 0, 0;
    %flag_set/imm 4, 0;
    %assign/vec4/off/d v000002278f9f1f70_0, 4, 5;
    %load/vec4 v000002278f9f1250_0;
    %parti/s 5, 2, 3;
    %ix/load 4, 0, 0;
    %ix/load 5, 0, 0;
    %flag_set/imm 4, 0;
    %assign/vec4/off/d v000002278f9f1750_0, 4, 5;
    %jmp T_14.36;
T_14.35 ;
    %load/vec4 v000002278f9f1250_0;
    %parti/s 5, 5, 4;
    %ix/load 4, 0, 0;
    %ix/load 5, 0, 0;
    %flag_set/imm 4, 0;
    %assign/vec4/off/d v000002278f9f1750_0, 4, 5;
    %load/vec4 v000002278f9f1250_0;
    %parti/s 5, 0, 2;
    %ix/load 4, 5, 0;
    %ix/load 5, 0, 0;
    %flag_set/imm 4, 0;
    %assign/vec4/off/d v000002278f9f1750_0, 4, 5;
T_14.36 ;
    %jmp T_14.34;
T_14.10 ;
    %load/vec4 v000002278f9f2010_0;
    %parti/s 1, 0, 2;
    %flag_set/vec4 8;
    %jmp/0xz  T_14.37, 8;
    %load/vec4 v000002278f9f1250_0;
    %parti/s 5, 5, 4;
    %ix/load 4, 5, 0;
    %ix/load 5, 0, 0;
    %flag_set/imm 4, 0;
    %assign/vec4/off/d v000002278f9f1750_0, 4, 5;
    %pushi/vec4 0, 0, 5;
    %ix/load 4, 10, 0;
    %ix/load 5, 0, 0;
    %flag_set/imm 4, 0;
    %assign/vec4/off/d v000002278f9f1750_0, 4, 5;
    %load/vec4 v000002278f9f1250_0;
    %parti/s 3, 2, 3;
    %ix/load 4, 0, 0;
    %ix/load 5, 0, 0;
    %flag_set/imm 4, 0;
    %assign/vec4/off/d v000002278f9f2c90_0, 4, 5;
    %jmp T_14.38;
T_14.37 ;
    %load/vec4 v000002278f9f1250_0;
    %parti/s 5, 3, 3;
    %ix/load 4, 10, 0;
    %ix/load 5, 0, 0;
    %flag_set/imm 4, 0;
    %assign/vec4/off/d v000002278f9f1750_0, 4, 5;
T_14.38 ;
    %jmp T_14.34;
T_14.11 ;
    %load/vec4 v000002278f9f2010_0;
    %parti/s 1, 0, 2;
    %flag_set/vec4 8;
    %jmp/0xz  T_14.39, 8;
    %load/vec4 v000002278f9f1250_0;
    %parti/s 3, 7, 4;
    %ix/load 4, 3, 0;
    %ix/load 5, 0, 0;
    %flag_set/imm 4, 0;
    %assign/vec4/off/d v000002278f9f2c90_0, 4, 5;
    %load/vec4 v000002278f9f1250_0;
    %parti/s 3, 4, 4;
    %ix/load 4, 6, 0;
    %ix/load 5, 0, 0;
    %flag_set/imm 4, 0;
    %assign/vec4/off/d v000002278f9f2c90_0, 4, 5;
    %load/vec4 v000002278f9f2fb0_0;
    %parti/s 2, 0, 2;
    %pad/u 32;
    %cmpi/e 2, 0, 32;
    %flag_get/vec4 4;
    %jmp/0 T_14.43, 4;
    %load/vec4 v000002278f9f1f70_0;
    %parti/s 1, 0, 2;
    %pad/u 32;
    %pushi/vec4 0, 0, 32;
    %cmp/e;
    %flag_get/vec4 4;
    %and;
T_14.43;
    %flag_set/vec4 8;
    %jmp/0xz  T_14.41, 8;
    %pushi/vec4 8, 0, 4;
    %ix/load 4, 0, 0;
    %ix/load 5, 0, 0;
    %flag_set/imm 4, 0;
    %assign/vec4/off/d v000002278f9f2f10_0, 4, 5;
    %pushi/vec4 12, 0, 4;
    %ix/load 4, 0, 0;
    %ix/load 5, 0, 0;
    %flag_set/imm 4, 0;
    %assign/vec4/off/d v000002278f9f1cf0_0, 4, 5;
    %jmp T_14.42;
T_14.41 ;
    %pushi/vec4 7, 0, 4;
    %ix/load 4, 0, 0;
    %ix/load 5, 0, 0;
    %flag_set/imm 4, 0;
    %assign/vec4/off/d v000002278f9f2f10_0, 4, 5;
    %pushi/vec4 13, 0, 4;
    %ix/load 4, 0, 0;
    %ix/load 5, 0, 0;
    %flag_set/imm 4, 0;
    %assign/vec4/off/d v000002278f9f1cf0_0, 4, 5;
T_14.42 ;
    %jmp T_14.40;
T_14.39 ;
    %load/vec4 v000002278f9f1250_0;
    %parti/s 4, 7, 4;
    %ix/load 4, 0, 0;
    %ix/load 5, 0, 0;
    %flag_set/imm 4, 0;
    %assign/vec4/off/d v000002278f9f2f10_0, 4, 5;
    %load/vec4 v000002278f9f1250_0;
    %parti/s 3, 4, 4;
    %pad/u 4;
    %ix/load 4, 0, 0;
    %ix/load 5, 0, 0;
    %flag_set/imm 4, 0;
    %assign/vec4/off/d v000002278f9f1cf0_0, 4, 5;
    %pushi/vec4 0, 0, 2;
    %ix/load 4, 0, 0;
    %ix/load 5, 0, 0;
    %flag_set/imm 4, 0;
    %assign/vec4/off/d v000002278f9f2fb0_0, 4, 5;
T_14.40 ;
    %load/vec4 v000002278f9f1250_0;
    %parti/s 1, 3, 3;
    %ix/load 4, 0, 0;
    %ix/load 5, 0, 0;
    %flag_set/imm 4, 0;
    %assign/vec4/off/d v000002278f9f1390_0, 4, 5;
    %load/vec4 v000002278f9f1250_0;
    %parti/s 1, 2, 3;
    %ix/load 4, 0, 0;
    %ix/load 5, 0, 0;
    %flag_set/imm 4, 0;
    %assign/vec4/off/d v000002278f9f2790_0, 4, 5;
    %load/vec4 v000002278f9f1250_0;
    %parti/s 1, 1, 2;
    %ix/load 4, 0, 0;
    %ix/load 5, 0, 0;
    %flag_set/imm 4, 0;
    %assign/vec4/off/d v000002278f9f1610_0, 4, 5;
    %jmp T_14.34;
T_14.12 ;
    %jmp T_14.34;
T_14.13 ;
    %load/vec4 v000002278f9f1250_0;
    %parti/s 12, 5, 4;
    %ix/load 4, 12, 0;
    %ix/load 5, 0, 0;
    %flag_set/imm 4, 0;
    %assign/vec4/off/d v000002278f9f19d0_0, 4, 5;
    %jmp T_14.34;
T_14.14 ;
    %load/vec4 v000002278f9f1250_0;
    %parti/s 9, 4, 4;
    %ix/load 4, 9, 0;
    %ix/load 5, 0, 0;
    %flag_set/imm 4, 0;
    %assign/vec4/off/d v000002278f9f1110_0, 4, 5;
    %jmp T_14.34;
T_14.15 ;
    %load/vec4 v000002278f9f1250_0;
    %parti/s 8, 4, 4;
    %ix/load 4, 8, 0;
    %ix/load 5, 0, 0;
    %flag_set/imm 4, 0;
    %assign/vec4/off/d v000002278f9f1930_0, 4, 5;
    %load/vec4 v000002278f9f1250_0;
    %parti/s 4, 0, 2;
    %ix/load 4, 4, 0;
    %ix/load 5, 0, 0;
    %flag_set/imm 4, 0;
    %assign/vec4/off/d v000002278f9f2650_0, 4, 5;
    %jmp T_14.34;
T_14.16 ;
    %load/vec4 v000002278f9f1250_0;
    %parti/s 1, 7, 4;
    %ix/load 4, 1, 0;
    %ix/load 5, 0, 0;
    %flag_set/imm 4, 0;
    %assign/vec4/off/d v000002278f9f2010_0, 4, 5;
    %jmp T_14.34;
T_14.17 ;
    %load/vec4 v000002278f9f2010_0;
    %parti/s 1, 1, 2;
    %flag_set/vec4 8;
    %jmp/0xz  T_14.44, 8;
    %load/vec4 v000002278f9f1250_0;
    %parti/s 2, 13, 5;
    %ix/load 4, 2, 0;
    %ix/load 5, 0, 0;
    %flag_set/imm 4, 0;
    %assign/vec4/off/d v000002278f9f2fb0_0, 4, 5;
    %load/vec4 v000002278f9f1250_0;
    %parti/s 1, 12, 5;
    %ix/load 4, 1, 0;
    %ix/load 5, 0, 0;
    %flag_set/imm 4, 0;
    %assign/vec4/off/d v000002278f9f1f70_0, 4, 5;
    %load/vec4 v000002278f9f1250_0;
    %parti/s 5, 7, 4;
    %ix/load 4, 15, 0;
    %ix/load 5, 0, 0;
    %flag_set/imm 4, 0;
    %assign/vec4/off/d v000002278f9f1750_0, 4, 5;
    %load/vec4 v000002278f9f1250_0;
    %parti/s 5, 2, 3;
    %ix/load 4, 20, 0;
    %ix/load 5, 0, 0;
    %flag_set/imm 4, 0;
    %assign/vec4/off/d v000002278f9f1750_0, 4, 5;
    %pushi/vec4 0, 0, 5;
    %ix/load 4, 25, 0;
    %ix/load 5, 0, 0;
    %flag_set/imm 4, 0;
    %assign/vec4/off/d v000002278f9f1750_0, 4, 5;
    %jmp T_14.45;
T_14.44 ;
    %load/vec4 v000002278f9f1250_0;
    %parti/s 5, 10, 5;
    %ix/load 4, 15, 0;
    %ix/load 5, 0, 0;
    %flag_set/imm 4, 0;
    %assign/vec4/off/d v000002278f9f1750_0, 4, 5;
    %load/vec4 v000002278f9f1250_0;
    %parti/s 5, 5, 4;
    %ix/load 4, 20, 0;
    %ix/load 5, 0, 0;
    %flag_set/imm 4, 0;
    %assign/vec4/off/d v000002278f9f1750_0, 4, 5;
    %load/vec4 v000002278f9f1250_0;
    %parti/s 5, 0, 2;
    %ix/load 4, 25, 0;
    %ix/load 5, 0, 0;
    %flag_set/imm 4, 0;
    %assign/vec4/off/d v000002278f9f1750_0, 4, 5;
T_14.45 ;
    %jmp T_14.34;
T_14.18 ;
    %load/vec4 v000002278f9f2010_0;
    %parti/s 1, 1, 2;
    %flag_set/vec4 8;
    %jmp/0xz  T_14.46, 8;
    %load/vec4 v000002278f9f1250_0;
    %parti/s 3, 7, 4;
    %ix/load 4, 9, 0;
    %ix/load 5, 0, 0;
    %flag_set/imm 4, 0;
    %assign/vec4/off/d v000002278f9f2c90_0, 4, 5;
    %load/vec4 v000002278f9f1250_0;
    %parti/s 3, 4, 4;
    %ix/load 4, 12, 0;
    %ix/load 5, 0, 0;
    %flag_set/imm 4, 0;
    %assign/vec4/off/d v000002278f9f2c90_0, 4, 5;
    %load/vec4 v000002278f9f1250_0;
    %parti/s 3, 1, 2;
    %ix/load 4, 15, 0;
    %ix/load 5, 0, 0;
    %flag_set/imm 4, 0;
    %assign/vec4/off/d v000002278f9f2c90_0, 4, 5;
    %load/vec4 v000002278f9f2fb0_0;
    %parti/s 2, 2, 3;
    %pad/u 32;
    %cmpi/e 2, 0, 32;
    %flag_get/vec4 4;
    %jmp/0 T_14.50, 4;
    %load/vec4 v000002278f9f1f70_0;
    %parti/s 1, 1, 2;
    %pad/u 32;
    %pushi/vec4 0, 0, 32;
    %cmp/e;
    %flag_get/vec4 4;
    %and;
T_14.50;
    %flag_set/vec4 8;
    %jmp/0xz  T_14.48, 8;
    %pushi/vec4 8, 0, 4;
    %ix/load 4, 4, 0;
    %ix/load 5, 0, 0;
    %flag_set/imm 4, 0;
    %assign/vec4/off/d v000002278f9f2f10_0, 4, 5;
    %pushi/vec4 12, 0, 4;
    %ix/load 4, 4, 0;
    %ix/load 5, 0, 0;
    %flag_set/imm 4, 0;
    %assign/vec4/off/d v000002278f9f1cf0_0, 4, 5;
    %jmp T_14.49;
T_14.48 ;
    %pushi/vec4 7, 0, 4;
    %ix/load 4, 4, 0;
    %ix/load 5, 0, 0;
    %flag_set/imm 4, 0;
    %assign/vec4/off/d v000002278f9f2f10_0, 4, 5;
    %pushi/vec4 13, 0, 4;
    %ix/load 4, 4, 0;
    %ix/load 5, 0, 0;
    %flag_set/imm 4, 0;
    %assign/vec4/off/d v000002278f9f1cf0_0, 4, 5;
T_14.49 ;
    %jmp T_14.47;
T_14.46 ;
    %load/vec4 v000002278f9f1250_0;
    %parti/s 4, 4, 4;
    %ix/load 4, 4, 0;
    %ix/load 5, 0, 0;
    %flag_set/imm 4, 0;
    %assign/vec4/off/d v000002278f9f2f10_0, 4, 5;
    %load/vec4 v000002278f9f1250_0;
    %parti/s 3, 1, 2;
    %pad/u 4;
    %ix/load 4, 4, 0;
    %ix/load 5, 0, 0;
    %flag_set/imm 4, 0;
    %assign/vec4/off/d v000002278f9f1cf0_0, 4, 5;
    %pushi/vec4 0, 0, 2;
    %ix/load 4, 2, 0;
    %ix/load 5, 0, 0;
    %flag_set/imm 4, 0;
    %assign/vec4/off/d v000002278f9f2fb0_0, 4, 5;
T_14.47 ;
    %load/vec4 v000002278f9f1250_0;
    %parti/s 1, 0, 2;
    %ix/load 4, 1, 0;
    %ix/load 5, 0, 0;
    %flag_set/imm 4, 0;
    %assign/vec4/off/d v000002278f9f1390_0, 4, 5;
    %jmp T_14.34;
T_14.19 ;
    %load/vec4 v000002278f9f1250_0;
    %parti/s 1, 7, 4;
    %ix/load 4, 1, 0;
    %ix/load 5, 0, 0;
    %flag_set/imm 4, 0;
    %assign/vec4/off/d v000002278f9f2790_0, 4, 5;
    %load/vec4 v000002278f9f1250_0;
    %parti/s 1, 6, 4;
    %ix/load 4, 1, 0;
    %ix/load 5, 0, 0;
    %flag_set/imm 4, 0;
    %assign/vec4/off/d v000002278f9f1610_0, 4, 5;
    %jmp T_14.34;
T_14.20 ;
    %load/vec4 v000002278f9f1250_0;
    %parti/s 12, 2, 3;
    %ix/load 4, 24, 0;
    %ix/load 5, 0, 0;
    %flag_set/imm 4, 0;
    %assign/vec4/off/d v000002278f9f19d0_0, 4, 5;
    %jmp T_14.34;
T_14.21 ;
    %load/vec4 v000002278f9f1250_0;
    %parti/s 9, 1, 2;
    %ix/load 4, 18, 0;
    %ix/load 5, 0, 0;
    %flag_set/imm 4, 0;
    %assign/vec4/off/d v000002278f9f1110_0, 4, 5;
    %jmp T_14.34;
T_14.22 ;
    %load/vec4 v000002278f9f1250_0;
    %parti/s 8, 1, 2;
    %ix/load 4, 16, 0;
    %ix/load 5, 0, 0;
    %flag_set/imm 4, 0;
    %assign/vec4/off/d v000002278f9f1930_0, 4, 5;
    %jmp T_14.34;
T_14.23 ;
    %load/vec4 v000002278f9f1250_0;
    %parti/s 4, 5, 4;
    %ix/load 4, 8, 0;
    %ix/load 5, 0, 0;
    %flag_set/imm 4, 0;
    %assign/vec4/off/d v000002278f9f2650_0, 4, 5;
    %load/vec4 v000002278f9f1250_0;
    %parti/s 1, 4, 4;
    %ix/load 4, 2, 0;
    %ix/load 5, 0, 0;
    %flag_set/imm 4, 0;
    %assign/vec4/off/d v000002278f9f2010_0, 4, 5;
    %jmp T_14.34;
T_14.24 ;
    %load/vec4 v000002278f9f2010_0;
    %parti/s 1, 2, 3;
    %flag_set/vec4 8;
    %jmp/0xz  T_14.51, 8;
    %load/vec4 v000002278f9f1250_0;
    %parti/s 2, 10, 5;
    %ix/load 4, 4, 0;
    %ix/load 5, 0, 0;
    %flag_set/imm 4, 0;
    %assign/vec4/off/d v000002278f9f2fb0_0, 4, 5;
    %load/vec4 v000002278f9f1250_0;
    %parti/s 1, 9, 5;
    %ix/load 4, 2, 0;
    %ix/load 5, 0, 0;
    %flag_set/imm 4, 0;
    %assign/vec4/off/d v000002278f9f1f70_0, 4, 5;
    %load/vec4 v000002278f9f1250_0;
    %parti/s 5, 4, 4;
    %ix/load 4, 30, 0;
    %ix/load 5, 0, 0;
    %flag_set/imm 4, 0;
    %assign/vec4/off/d v000002278f9f1750_0, 4, 5;
    %jmp T_14.52;
T_14.51 ;
    %load/vec4 v000002278f9f1250_0;
    %parti/s 5, 7, 4;
    %ix/load 4, 30, 0;
    %ix/load 5, 0, 0;
    %flag_set/imm 4, 0;
    %assign/vec4/off/d v000002278f9f1750_0, 4, 5;
    %load/vec4 v000002278f9f1250_0;
    %parti/s 5, 2, 3;
    %ix/load 4, 35, 0;
    %ix/load 5, 0, 0;
    %flag_set/imm 4, 0;
    %assign/vec4/off/d v000002278f9f1750_0, 4, 5;
T_14.52 ;
    %jmp T_14.34;
T_14.25 ;
    %load/vec4 v000002278f9f2010_0;
    %parti/s 1, 2, 3;
    %flag_set/vec4 8;
    %jmp/0xz  T_14.53, 8;
    %load/vec4 v000002278f9f1250_0;
    %parti/s 5, 7, 4;
    %ix/load 4, 35, 0;
    %ix/load 5, 0, 0;
    %flag_set/imm 4, 0;
    %assign/vec4/off/d v000002278f9f1750_0, 4, 5;
    %pushi/vec4 0, 0, 5;
    %ix/load 4, 40, 0;
    %ix/load 5, 0, 0;
    %flag_set/imm 4, 0;
    %assign/vec4/off/d v000002278f9f1750_0, 4, 5;
    %load/vec4 v000002278f9f1250_0;
    %parti/s 3, 4, 4;
    %ix/load 4, 18, 0;
    %ix/load 5, 0, 0;
    %flag_set/imm 4, 0;
    %assign/vec4/off/d v000002278f9f2c90_0, 4, 5;
    %load/vec4 v000002278f9f1250_0;
    %parti/s 3, 1, 2;
    %ix/load 4, 21, 0;
    %ix/load 5, 0, 0;
    %flag_set/imm 4, 0;
    %assign/vec4/off/d v000002278f9f2c90_0, 4, 5;
    %jmp T_14.54;
T_14.53 ;
    %load/vec4 v000002278f9f1250_0;
    %parti/s 5, 5, 4;
    %ix/load 4, 40, 0;
    %ix/load 5, 0, 0;
    %flag_set/imm 4, 0;
    %assign/vec4/off/d v000002278f9f1750_0, 4, 5;
    %load/vec4 v000002278f9f1250_0;
    %parti/s 4, 1, 2;
    %ix/load 4, 8, 0;
    %ix/load 5, 0, 0;
    %flag_set/imm 4, 0;
    %assign/vec4/off/d v000002278f9f2f10_0, 4, 5;
T_14.54 ;
    %jmp T_14.34;
T_14.26 ;
    %load/vec4 v000002278f9f2010_0;
    %parti/s 1, 2, 3;
    %flag_set/vec4 8;
    %jmp/0xz  T_14.55, 8;
    %load/vec4 v000002278f9f1250_0;
    %parti/s 3, 6, 4;
    %ix/load 4, 24, 0;
    %ix/load 5, 0, 0;
    %flag_set/imm 4, 0;
    %assign/vec4/off/d v000002278f9f2c90_0, 4, 5;
    %load/vec4 v000002278f9f2fb0_0;
    %parti/s 2, 4, 4;
    %pad/u 32;
    %cmpi/e 2, 0, 32;
    %flag_get/vec4 4;
    %jmp/0 T_14.59, 4;
    %load/vec4 v000002278f9f1f70_0;
    %parti/s 1, 2, 3;
    %pad/u 32;
    %pushi/vec4 0, 0, 32;
    %cmp/e;
    %flag_get/vec4 4;
    %and;
T_14.59;
    %flag_set/vec4 8;
    %jmp/0xz  T_14.57, 8;
    %pushi/vec4 8, 0, 4;
    %ix/load 4, 8, 0;
    %ix/load 5, 0, 0;
    %flag_set/imm 4, 0;
    %assign/vec4/off/d v000002278f9f2f10_0, 4, 5;
    %pushi/vec4 12, 0, 4;
    %ix/load 4, 8, 0;
    %ix/load 5, 0, 0;
    %flag_set/imm 4, 0;
    %assign/vec4/off/d v000002278f9f1cf0_0, 4, 5;
    %jmp T_14.58;
T_14.57 ;
    %pushi/vec4 7, 0, 4;
    %ix/load 4, 8, 0;
    %ix/load 5, 0, 0;
    %flag_set/imm 4, 0;
    %assign/vec4/off/d v000002278f9f2f10_0, 4, 5;
    %pushi/vec4 13, 0, 4;
    %ix/load 4, 8, 0;
    %ix/load 5, 0, 0;
    %flag_set/imm 4, 0;
    %assign/vec4/off/d v000002278f9f1cf0_0, 4, 5;
T_14.58 ;
    %jmp T_14.56;
T_14.55 ;
    %load/vec4 v000002278f9f1250_0;
    %parti/s 3, 6, 4;
    %pad/u 4;
    %ix/load 4, 8, 0;
    %ix/load 5, 0, 0;
    %flag_set/imm 4, 0;
    %assign/vec4/off/d v000002278f9f1cf0_0, 4, 5;
    %pushi/vec4 0, 0, 2;
    %ix/load 4, 4, 0;
    %ix/load 5, 0, 0;
    %flag_set/imm 4, 0;
    %assign/vec4/off/d v000002278f9f2fb0_0, 4, 5;
T_14.56 ;
    %load/vec4 v000002278f9f1250_0;
    %parti/s 1, 5, 4;
    %ix/load 4, 2, 0;
    %ix/load 5, 0, 0;
    %flag_set/imm 4, 0;
    %assign/vec4/off/d v000002278f9f1390_0, 4, 5;
    %load/vec4 v000002278f9f1250_0;
    %parti/s 1, 4, 4;
    %ix/load 4, 2, 0;
    %ix/load 5, 0, 0;
    %flag_set/imm 4, 0;
    %assign/vec4/off/d v000002278f9f2790_0, 4, 5;
    %load/vec4 v000002278f9f1250_0;
    %parti/s 1, 3, 3;
    %ix/load 4, 2, 0;
    %ix/load 5, 0, 0;
    %flag_set/imm 4, 0;
    %assign/vec4/off/d v000002278f9f1610_0, 4, 5;
    %jmp T_14.34;
T_14.27 ;
    %jmp T_14.34;
T_14.28 ;
    %load/vec4 v000002278f9f1250_0;
    %parti/s 12, 7, 4;
    %ix/load 4, 36, 0;
    %ix/load 5, 0, 0;
    %flag_set/imm 4, 0;
    %assign/vec4/off/d v000002278f9f19d0_0, 4, 5;
    %jmp T_14.34;
T_14.29 ;
    %load/vec4 v000002278f9f1250_0;
    %parti/s 9, 6, 4;
    %ix/load 4, 27, 0;
    %ix/load 5, 0, 0;
    %flag_set/imm 4, 0;
    %assign/vec4/off/d v000002278f9f1110_0, 4, 5;
    %jmp T_14.34;
T_14.30 ;
    %load/vec4 v000002278f9f1250_0;
    %parti/s 8, 6, 4;
    %ix/load 4, 24, 0;
    %ix/load 5, 0, 0;
    %flag_set/imm 4, 0;
    %assign/vec4/off/d v000002278f9f1930_0, 4, 5;
    %load/vec4 v000002278f9f1250_0;
    %parti/s 4, 2, 3;
    %ix/load 4, 12, 0;
    %ix/load 5, 0, 0;
    %flag_set/imm 4, 0;
    %assign/vec4/off/d v000002278f9f2650_0, 4, 5;
    %load/vec4 v000002278f9f1250_0;
    %parti/s 1, 1, 2;
    %ix/load 4, 3, 0;
    %ix/load 5, 0, 0;
    %flag_set/imm 4, 0;
    %assign/vec4/off/d v000002278f9f2010_0, 4, 5;
    %jmp T_14.34;
T_14.31 ;
    %load/vec4 v000002278f9f2010_0;
    %parti/s 1, 3, 3;
    %flag_set/vec4 8;
    %jmp/0xz  T_14.60, 8;
    %load/vec4 v000002278f9f1250_0;
    %parti/s 2, 7, 4;
    %ix/load 4, 6, 0;
    %ix/load 5, 0, 0;
    %flag_set/imm 4, 0;
    %assign/vec4/off/d v000002278f9f2fb0_0, 4, 5;
    %load/vec4 v000002278f9f1250_0;
    %parti/s 1, 6, 4;
    %ix/load 4, 3, 0;
    %ix/load 5, 0, 0;
    %flag_set/imm 4, 0;
    %assign/vec4/off/d v000002278f9f1f70_0, 4, 5;
    %load/vec4 v000002278f9f1250_0;
    %parti/s 5, 1, 2;
    %ix/load 4, 45, 0;
    %ix/load 5, 0, 0;
    %flag_set/imm 4, 0;
    %assign/vec4/off/d v000002278f9f1750_0, 4, 5;
    %jmp T_14.61;
T_14.60 ;
    %load/vec4 v000002278f9f1250_0;
    %parti/s 5, 4, 4;
    %ix/load 4, 45, 0;
    %ix/load 5, 0, 0;
    %flag_set/imm 4, 0;
    %assign/vec4/off/d v000002278f9f1750_0, 4, 5;
T_14.61 ;
    %jmp T_14.34;
T_14.32 ;
    %load/vec4 v000002278f9f2010_0;
    %parti/s 1, 3, 3;
    %flag_set/vec4 8;
    %jmp/0xz  T_14.62, 8;
    %load/vec4 v000002278f9f1250_0;
    %parti/s 5, 4, 4;
    %ix/load 4, 50, 0;
    %ix/load 5, 0, 0;
    %flag_set/imm 4, 0;
    %assign/vec4/off/d v000002278f9f1750_0, 4, 5;
    %pushi/vec4 0, 0, 5;
    %ix/load 4, 55, 0;
    %ix/load 5, 0, 0;
    %flag_set/imm 4, 0;
    %assign/vec4/off/d v000002278f9f1750_0, 4, 5;
    %load/vec4 v000002278f9f1250_0;
    %parti/s 3, 1, 2;
    %ix/load 4, 27, 0;
    %ix/load 5, 0, 0;
    %flag_set/imm 4, 0;
    %assign/vec4/off/d v000002278f9f2c90_0, 4, 5;
    %jmp T_14.63;
T_14.62 ;
    %load/vec4 v000002278f9f1250_0;
    %parti/s 5, 7, 4;
    %ix/load 4, 50, 0;
    %ix/load 5, 0, 0;
    %flag_set/imm 4, 0;
    %assign/vec4/off/d v000002278f9f1750_0, 4, 5;
    %load/vec4 v000002278f9f1250_0;
    %parti/s 5, 2, 3;
    %ix/load 4, 55, 0;
    %ix/load 5, 0, 0;
    %flag_set/imm 4, 0;
    %assign/vec4/off/d v000002278f9f1750_0, 4, 5;
T_14.63 ;
    %jmp T_14.34;
T_14.33 ;
    %load/vec4 v000002278f9f2010_0;
    %parti/s 1, 3, 3;
    %flag_set/vec4 8;
    %jmp/0xz  T_14.64, 8;
    %load/vec4 v000002278f9f1250_0;
    %parti/s 3, 6, 4;
    %ix/load 4, 30, 0;
    %ix/load 5, 0, 0;
    %flag_set/imm 4, 0;
    %assign/vec4/off/d v000002278f9f2c90_0, 4, 5;
    %load/vec4 v000002278f9f1250_0;
    %parti/s 3, 3, 3;
    %ix/load 4, 33, 0;
    %ix/load 5, 0, 0;
    %flag_set/imm 4, 0;
    %assign/vec4/off/d v000002278f9f2c90_0, 4, 5;
    %load/vec4 v000002278f9f2fb0_0;
    %parti/s 2, 6, 4;
    %pad/u 32;
    %cmpi/e 2, 0, 32;
    %flag_get/vec4 4;
    %jmp/0 T_14.68, 4;
    %load/vec4 v000002278f9f1f70_0;
    %parti/s 1, 3, 3;
    %pad/u 32;
    %pushi/vec4 0, 0, 32;
    %cmp/e;
    %flag_get/vec4 4;
    %and;
T_14.68;
    %flag_set/vec4 8;
    %jmp/0xz  T_14.66, 8;
    %pushi/vec4 8, 0, 4;
    %ix/load 4, 12, 0;
    %ix/load 5, 0, 0;
    %flag_set/imm 4, 0;
    %assign/vec4/off/d v000002278f9f2f10_0, 4, 5;
    %pushi/vec4 12, 0, 4;
    %ix/load 4, 12, 0;
    %ix/load 5, 0, 0;
    %flag_set/imm 4, 0;
    %assign/vec4/off/d v000002278f9f1cf0_0, 4, 5;
    %jmp T_14.67;
T_14.66 ;
    %pushi/vec4 7, 0, 4;
    %ix/load 4, 12, 0;
    %ix/load 5, 0, 0;
    %flag_set/imm 4, 0;
    %assign/vec4/off/d v000002278f9f2f10_0, 4, 5;
    %pushi/vec4 13, 0, 4;
    %ix/load 4, 12, 0;
    %ix/load 5, 0, 0;
    %flag_set/imm 4, 0;
    %assign/vec4/off/d v000002278f9f1cf0_0, 4, 5;
T_14.67 ;
    %jmp T_14.65;
T_14.64 ;
    %load/vec4 v000002278f9f1250_0;
    %parti/s 4, 6, 4;
    %ix/load 4, 12, 0;
    %ix/load 5, 0, 0;
    %flag_set/imm 4, 0;
    %assign/vec4/off/d v000002278f9f2f10_0, 4, 5;
    %load/vec4 v000002278f9f1250_0;
    %parti/s 3, 3, 3;
    %pad/u 4;
    %ix/load 4, 12, 0;
    %ix/load 5, 0, 0;
    %flag_set/imm 4, 0;
    %assign/vec4/off/d v000002278f9f1cf0_0, 4, 5;
    %pushi/vec4 0, 0, 2;
    %ix/load 4, 6, 0;
    %ix/load 5, 0, 0;
    %flag_set/imm 4, 0;
    %assign/vec4/off/d v000002278f9f2fb0_0, 4, 5;
T_14.65 ;
    %load/vec4 v000002278f9f1250_0;
    %parti/s 1, 2, 3;
    %ix/load 4, 3, 0;
    %ix/load 5, 0, 0;
    %flag_set/imm 4, 0;
    %assign/vec4/off/d v000002278f9f1390_0, 4, 5;
    %load/vec4 v000002278f9f1250_0;
    %parti/s 1, 1, 2;
    %ix/load 4, 3, 0;
    %ix/load 5, 0, 0;
    %flag_set/imm 4, 0;
    %assign/vec4/off/d v000002278f9f2790_0, 4, 5;
    %load/vec4 v000002278f9f1250_0;
    %parti/s 1, 0, 2;
    %ix/load 4, 3, 0;
    %ix/load 5, 0, 0;
    %flag_set/imm 4, 0;
    %assign/vec4/off/d v000002278f9f1610_0, 4, 5;
    %jmp T_14.34;
T_14.34 ;
    %pop/vec4 1;
T_14.1 ;
    %jmp T_14;
    .thread T_14;
# The file index is used to find the file name in the following table.
:file_names 8;
    "N/A";
    "<interactive>";
    "-";
    ".\src\bram_feeder.sv";
    ".\src\xilinx_single_port_ram_read_first.v";
    ".\src\header_finder.sv";
    ".\src\plexer.sv";
    ".\src\side_info_2ch_v2.sv";
