#! /c/Source/iverilog-install/bin/vvp
:ivl_version "12.0 (devel)" "(s20150603-1539-g2693dd32b)";
:ivl_delay_selection "TYPICAL";
:vpi_time_precision - 12;
:vpi_module "C:\iverilog\lib\ivl\system.vpi";
:vpi_module "C:\iverilog\lib\ivl\vhdl_sys.vpi";
:vpi_module "C:\iverilog\lib\ivl\vhdl_textio.vpi";
:vpi_module "C:\iverilog\lib\ivl\v2005_math.vpi";
:vpi_module "C:\iverilog\lib\ivl\va_math.vpi";
:vpi_module "C:\iverilog\lib\ivl\v2009.vpi";
S_000001dad8bc5030 .scope package, "$unit" "$unit" 2 1;
 .timescale 0 0;
S_000001dad8ba1d40 .scope module, "HT_tb" "HT_tb" 3 4;
 .timescale -9 -12;
v000001dad8c0c690_0 .var "axiid", 0 0;
v000001dad8c0be70_0 .var "axiiv", 0 0;
v000001dad8c0c730_0 .net "axiov", 0 0, v000001dad8b22d10_0;  1 drivers
v000001dad8c0c7d0_0 .var "clk", 0 0;
v000001dad8c0bd30_0 .var "code", 22 0;
v000001dad8c0c2d0_0 .var "rst", 0 0;
v000001dad8c0c370_0 .net "x_val", 15 0, v000001dad8c0c550_0;  1 drivers
v000001dad8c0c910_0 .net "y_val", 15 0, v000001dad8c0c870_0;  1 drivers
S_000001dad8ba1ed0 .scope begin, "$ivl_for_loop0" "$ivl_for_loop0" 3 45, 3 45 0, S_000001dad8ba1d40;
 .timescale -9 -12;
v000001dad8b23140_0 .var/2s "i", 31 0;
S_000001dad8b22ae0 .scope module, "UUT" "HT_17" 3 16, 4 5 0, S_000001dad8ba1d40;
 .timescale -9 -12;
    .port_info 0 /INPUT 1 "clk";
    .port_info 1 /INPUT 1 "rst";
    .port_info 2 /INPUT 1 "axiiv";
    .port_info 3 /INPUT 1 "axiid";
    .port_info 4 /OUTPUT 1 "axiov";
    .port_info 5 /OUTPUT 16 "x_val";
    .port_info 6 /OUTPUT 16 "y_val";
P_000001dad8b550a0 .param/l "LINBITS" 0 4 17, +C4<00000000000000000000000000000010>;
P_000001dad8b550d8 .param/l "MAX_BITS" 0 4 16, +C4<00000000000000000000000000010001>;
v000001dad8ba2060_0 .net *"_ivl_5", 8 0, v000001dad8c28200_0;  1 drivers
v000001dad8ba2100_0 .net "axiid", 0 0, v000001dad8c0c690_0;  1 drivers
v000001dad8b22c70_0 .net "axiiv", 0 0, v000001dad8c0be70_0;  1 drivers
v000001dad8b22d10_0 .var "axiov", 0 0;
v000001dad8b22db0_0 .var "bit_counter", 4 0;
v000001dad8b22e50_0 .var "buffer", 16 0;
v000001dad8c26010_0 .net "clk", 0 0, v000001dad8c0c7d0_0;  1 drivers
v000001dad8c260b0_0 .net "found", 0 0, L_000001dad8c0bbf0;  1 drivers
v000001dad8c26150_0 .net "rst", 0 0, v000001dad8c0c2d0_0;  1 drivers
v000001dad8c28200_0 .var "word", 8 0;
v000001dad8c0c5f0_0 .net "x_abs", 3 0, L_000001dad8c0ca50;  1 drivers
v000001dad8c0c050_0 .var "x_linbit_counter", 3 0;
v000001dad8c0c0f0_0 .var "x_linval", 1 0;
v000001dad8c0bf10_0 .var "x_sign", 0 0;
v000001dad8c0c9b0_0 .var "x_signbit_counter", 0 0;
v000001dad8c0c550_0 .var/s "x_val", 15 0;
v000001dad8c0c190_0 .net "y_abs", 3 0, L_000001dad8c0c410;  1 drivers
v000001dad8c0bdd0_0 .var "y_linbit_counter", 3 0;
v000001dad8c0bfb0_0 .var "y_linval", 1 0;
v000001dad8c0c230_0 .var "y_sign", 0 0;
v000001dad8c0c4b0_0 .var "y_signbit_counter", 0 0;
v000001dad8c0c870_0 .var/s "y_val", 15 0;
E_000001dad8bb7730/0 .event anyedge, v000001dad8b22db0_0, v000001dad8b22e50_0, v000001dad8b22e50_0, v000001dad8b22e50_0;
E_000001dad8bb7730/1 .event anyedge, v000001dad8b22e50_0, v000001dad8b22e50_0, v000001dad8b22e50_0, v000001dad8b22e50_0;
E_000001dad8bb7730/2 .event anyedge, v000001dad8b22e50_0, v000001dad8b22e50_0, v000001dad8b22e50_0, v000001dad8b22e50_0;
E_000001dad8bb7730/3 .event anyedge, v000001dad8b22e50_0, v000001dad8b22e50_0, v000001dad8b22e50_0, v000001dad8b22e50_0;
E_000001dad8bb7730 .event/or E_000001dad8bb7730/0, E_000001dad8bb7730/1, E_000001dad8bb7730/2, E_000001dad8bb7730/3;
E_000001dad8bb7970 .event posedge, v000001dad8c26010_0;
E_000001dad8bb7cf0/0 .event anyedge, v000001dad8c0bf10_0, v000001dad8c0c5f0_0, v000001dad8c0c0f0_0, v000001dad8c0c230_0;
E_000001dad8bb7cf0/1 .event anyedge, v000001dad8c0c190_0, v000001dad8c0bfb0_0, v000001dad8c260b0_0, v000001dad8c0c050_0;
E_000001dad8bb7cf0/2 .event anyedge, v000001dad8c0c9b0_0, v000001dad8c0bdd0_0, v000001dad8c0c4b0_0;
E_000001dad8bb7cf0 .event/or E_000001dad8bb7cf0/0, E_000001dad8bb7cf0/1, E_000001dad8bb7cf0/2;
L_000001dad8c0bbf0 .part v000001dad8c28200_0, 8, 1;
L_000001dad8c0ca50 .part v000001dad8c28200_0, 4, 4;
L_000001dad8c0c410 .part v000001dad8c28200_0, 0, 4;
    .scope S_000001dad8b22ae0;
T_0 ;
Ewait_0 .event/or E_000001dad8bb7cf0, E_0x0;
    %wait Ewait_0;
    %load/vec4 v000001dad8c0bf10_0;
    %inv;
    %flag_set/vec4 8;
    %jmp/0 T_0.0, 8;
    %load/vec4 v000001dad8c0c5f0_0;
    %pad/u 16;
    %load/vec4 v000001dad8c0c0f0_0;
    %pad/u 16;
    %add;
    %jmp/1 T_0.1, 8;
T_0.0 ; End of true expr.
    %load/vec4 v000001dad8c0c5f0_0;
    %pad/u 16;
    %load/vec4 v000001dad8c0c0f0_0;
    %pad/u 16;
    %add;
    %muli 65535, 0, 16;
    %jmp/0 T_0.1, 8;
 ; End of false expr.
    %blend;
T_0.1;
    %store/vec4 v000001dad8c0c550_0, 0, 16;
    %load/vec4 v000001dad8c0c230_0;
    %inv;
    %flag_set/vec4 8;
    %jmp/0 T_0.2, 8;
    %load/vec4 v000001dad8c0c190_0;
    %pad/u 16;
    %load/vec4 v000001dad8c0bfb0_0;
    %pad/u 16;
    %add;
    %jmp/1 T_0.3, 8;
T_0.2 ; End of true expr.
    %load/vec4 v000001dad8c0c190_0;
    %pad/u 16;
    %load/vec4 v000001dad8c0bfb0_0;
    %pad/u 16;
    %add;
    %muli 65535, 0, 16;
    %jmp/0 T_0.3, 8;
 ; End of false expr.
    %blend;
T_0.3;
    %store/vec4 v000001dad8c0c870_0, 0, 16;
    %load/vec4 v000001dad8c260b0_0;
    %flag_set/vec4 11;
    %flag_get/vec4 11;
    %jmp/0 T_0.7, 11;
    %load/vec4 v000001dad8c0c5f0_0;
    %cmpi/u 15, 0, 4;
    %flag_get/vec4 5;
    %jmp/1 T_0.8, 5;
    %load/vec4 v000001dad8c0c050_0;
    %pad/u 32;
    %pushi/vec4 2, 0, 32;
    %cmp/e;
    %flag_get/vec4 4;
    %or;
T_0.8;
    %and;
T_0.7;
    %flag_set/vec4 10;
    %flag_get/vec4 10;
    %jmp/0 T_0.6, 10;
    %load/vec4 v000001dad8c0c5f0_0;
    %pad/u 32;
    %cmpi/e 0, 0, 32;
    %flag_get/vec4 4;
    %jmp/1 T_0.9, 4;
    %load/vec4 v000001dad8c0c9b0_0;
    %or;
T_0.9;
    %and;
T_0.6;
    %flag_set/vec4 9;
    %flag_get/vec4 9;
    %jmp/0 T_0.5, 9;
    %load/vec4 v000001dad8c0c190_0;
    %cmpi/u 15, 0, 4;
    %flag_get/vec4 5;
    %jmp/1 T_0.10, 5;
    %load/vec4 v000001dad8c0bdd0_0;
    %pad/u 32;
    %pushi/vec4 2, 0, 32;
    %cmp/e;
    %flag_get/vec4 4;
    %or;
T_0.10;
    %and;
T_0.5;
    %flag_set/vec4 8;
    %flag_get/vec4 8;
    %jmp/0 T_0.4, 8;
    %load/vec4 v000001dad8c0c190_0;
    %pad/u 32;
    %cmpi/e 0, 0, 32;
    %flag_get/vec4 4;
    %jmp/1 T_0.11, 4;
    %load/vec4 v000001dad8c0c4b0_0;
    %or;
T_0.11;
    %and;
T_0.4;
    %store/vec4 v000001dad8b22d10_0, 0, 1;
    %jmp T_0;
    .thread T_0, $push;
    .scope S_000001dad8b22ae0;
T_1 ;
    %wait E_000001dad8bb7970;
    %load/vec4 v000001dad8c26150_0;
    %flag_set/vec4 8;
    %jmp/0xz  T_1.0, 8;
    %pushi/vec4 0, 0, 5;
    %assign/vec4 v000001dad8b22db0_0, 0;
    %pushi/vec4 0, 0, 17;
    %assign/vec4 v000001dad8b22e50_0, 0;
    %pushi/vec4 0, 0, 1;
    %assign/vec4 v000001dad8c0bf10_0, 0;
    %pushi/vec4 0, 0, 1;
    %assign/vec4 v000001dad8c0c230_0, 0;
    %pushi/vec4 0, 0, 2;
    %assign/vec4 v000001dad8c0c0f0_0, 0;
    %pushi/vec4 0, 0, 2;
    %assign/vec4 v000001dad8c0bfb0_0, 0;
    %pushi/vec4 0, 0, 4;
    %assign/vec4 v000001dad8c0c050_0, 0;
    %pushi/vec4 0, 0, 4;
    %assign/vec4 v000001dad8c0bdd0_0, 0;
    %pushi/vec4 0, 0, 1;
    %assign/vec4 v000001dad8c0c9b0_0, 0;
    %pushi/vec4 0, 0, 1;
    %assign/vec4 v000001dad8c0c4b0_0, 0;
    %jmp T_1.1;
T_1.0 ;
    %load/vec4 v000001dad8b22d10_0;
    %flag_set/vec4 8;
    %jmp/0xz  T_1.2, 8;
    %load/vec4 v000001dad8b22c70_0;
    %flag_set/vec4 8;
    %jmp/0 T_1.4, 8;
    %pushi/vec4 1, 0, 5;
    %jmp/1 T_1.5, 8;
T_1.4 ; End of true expr.
    %pushi/vec4 0, 0, 5;
    %jmp/0 T_1.5, 8;
 ; End of false expr.
    %blend;
T_1.5;
    %assign/vec4 v000001dad8b22db0_0, 0;
    %load/vec4 v000001dad8b22c70_0;
    %flag_set/vec4 8;
    %jmp/0 T_1.6, 8;
    %load/vec4 v000001dad8ba2100_0;
    %concati/vec4 0, 0, 2;
    %pad/u 17;
    %jmp/1 T_1.7, 8;
T_1.6 ; End of true expr.
    %pushi/vec4 0, 0, 17;
    %jmp/0 T_1.7, 8;
 ; End of false expr.
    %blend;
T_1.7;
    %assign/vec4 v000001dad8b22e50_0, 0;
    %pushi/vec4 0, 0, 1;
    %assign/vec4 v000001dad8c0bf10_0, 0;
    %pushi/vec4 0, 0, 1;
    %assign/vec4 v000001dad8c0c230_0, 0;
    %pushi/vec4 0, 0, 2;
    %assign/vec4 v000001dad8c0c0f0_0, 0;
    %pushi/vec4 0, 0, 2;
    %assign/vec4 v000001dad8c0bfb0_0, 0;
    %pushi/vec4 0, 0, 4;
    %assign/vec4 v000001dad8c0c050_0, 0;
    %pushi/vec4 0, 0, 1;
    %assign/vec4 v000001dad8c0c4b0_0, 0;
    %pushi/vec4 0, 0, 1;
    %assign/vec4 v000001dad8c0c4b0_0, 0;
    %jmp T_1.3;
T_1.2 ;
    %load/vec4 v000001dad8b22c70_0;
    %flag_set/vec4 8;
    %jmp/0xz  T_1.8, 8;
    %load/vec4 v000001dad8c260b0_0;
    %inv;
    %flag_set/vec4 8;
    %jmp/0xz  T_1.10, 8;
    %load/vec4 v000001dad8b22db0_0;
    %addi 1, 0, 5;
    %assign/vec4 v000001dad8b22db0_0, 0;
    %load/vec4 v000001dad8b22db0_0;
    %dup/vec4;
    %pushi/vec4 0, 0, 5;
    %cmp/u;
    %jmp/1 T_1.12, 6;
    %dup/vec4;
    %pushi/vec4 1, 0, 5;
    %cmp/u;
    %jmp/1 T_1.13, 6;
    %dup/vec4;
    %pushi/vec4 2, 0, 5;
    %cmp/u;
    %jmp/1 T_1.14, 6;
    %dup/vec4;
    %pushi/vec4 3, 0, 5;
    %cmp/u;
    %jmp/1 T_1.15, 6;
    %dup/vec4;
    %pushi/vec4 4, 0, 5;
    %cmp/u;
    %jmp/1 T_1.16, 6;
    %dup/vec4;
    %pushi/vec4 5, 0, 5;
    %cmp/u;
    %jmp/1 T_1.17, 6;
    %dup/vec4;
    %pushi/vec4 6, 0, 5;
    %cmp/u;
    %jmp/1 T_1.18, 6;
    %dup/vec4;
    %pushi/vec4 7, 0, 5;
    %cmp/u;
    %jmp/1 T_1.19, 6;
    %dup/vec4;
    %pushi/vec4 8, 0, 5;
    %cmp/u;
    %jmp/1 T_1.20, 6;
    %dup/vec4;
    %pushi/vec4 9, 0, 5;
    %cmp/u;
    %jmp/1 T_1.21, 6;
    %dup/vec4;
    %pushi/vec4 10, 0, 5;
    %cmp/u;
    %jmp/1 T_1.22, 6;
    %dup/vec4;
    %pushi/vec4 11, 0, 5;
    %cmp/u;
    %jmp/1 T_1.23, 6;
    %dup/vec4;
    %pushi/vec4 12, 0, 5;
    %cmp/u;
    %jmp/1 T_1.24, 6;
    %dup/vec4;
    %pushi/vec4 13, 0, 5;
    %cmp/u;
    %jmp/1 T_1.25, 6;
    %dup/vec4;
    %pushi/vec4 14, 0, 5;
    %cmp/u;
    %jmp/1 T_1.26, 6;
    %dup/vec4;
    %pushi/vec4 15, 0, 5;
    %cmp/u;
    %jmp/1 T_1.27, 6;
    %dup/vec4;
    %pushi/vec4 16, 0, 5;
    %cmp/u;
    %jmp/1 T_1.28, 6;
    %jmp T_1.29;
T_1.12 ;
    %load/vec4 v000001dad8ba2100_0;
    %ix/load 4, 16, 0;
    %ix/load 5, 0, 0;
    %flag_set/imm 4, 0;
    %assign/vec4/off/d v000001dad8b22e50_0, 4, 5;
    %jmp T_1.29;
T_1.13 ;
    %load/vec4 v000001dad8ba2100_0;
    %ix/load 4, 15, 0;
    %ix/load 5, 0, 0;
    %flag_set/imm 4, 0;
    %assign/vec4/off/d v000001dad8b22e50_0, 4, 5;
    %jmp T_1.29;
T_1.14 ;
    %load/vec4 v000001dad8ba2100_0;
    %ix/load 4, 14, 0;
    %ix/load 5, 0, 0;
    %flag_set/imm 4, 0;
    %assign/vec4/off/d v000001dad8b22e50_0, 4, 5;
    %jmp T_1.29;
T_1.15 ;
    %load/vec4 v000001dad8ba2100_0;
    %ix/load 4, 13, 0;
    %ix/load 5, 0, 0;
    %flag_set/imm 4, 0;
    %assign/vec4/off/d v000001dad8b22e50_0, 4, 5;
    %jmp T_1.29;
T_1.16 ;
    %load/vec4 v000001dad8ba2100_0;
    %ix/load 4, 12, 0;
    %ix/load 5, 0, 0;
    %flag_set/imm 4, 0;
    %assign/vec4/off/d v000001dad8b22e50_0, 4, 5;
    %jmp T_1.29;
T_1.17 ;
    %load/vec4 v000001dad8ba2100_0;
    %ix/load 4, 11, 0;
    %ix/load 5, 0, 0;
    %flag_set/imm 4, 0;
    %assign/vec4/off/d v000001dad8b22e50_0, 4, 5;
    %jmp T_1.29;
T_1.18 ;
    %load/vec4 v000001dad8ba2100_0;
    %ix/load 4, 10, 0;
    %ix/load 5, 0, 0;
    %flag_set/imm 4, 0;
    %assign/vec4/off/d v000001dad8b22e50_0, 4, 5;
    %jmp T_1.29;
T_1.19 ;
    %load/vec4 v000001dad8ba2100_0;
    %ix/load 4, 9, 0;
    %ix/load 5, 0, 0;
    %flag_set/imm 4, 0;
    %assign/vec4/off/d v000001dad8b22e50_0, 4, 5;
    %jmp T_1.29;
T_1.20 ;
    %load/vec4 v000001dad8ba2100_0;
    %ix/load 4, 8, 0;
    %ix/load 5, 0, 0;
    %flag_set/imm 4, 0;
    %assign/vec4/off/d v000001dad8b22e50_0, 4, 5;
    %jmp T_1.29;
T_1.21 ;
    %load/vec4 v000001dad8ba2100_0;
    %ix/load 4, 7, 0;
    %ix/load 5, 0, 0;
    %flag_set/imm 4, 0;
    %assign/vec4/off/d v000001dad8b22e50_0, 4, 5;
    %jmp T_1.29;
T_1.22 ;
    %load/vec4 v000001dad8ba2100_0;
    %ix/load 4, 6, 0;
    %ix/load 5, 0, 0;
    %flag_set/imm 4, 0;
    %assign/vec4/off/d v000001dad8b22e50_0, 4, 5;
    %jmp T_1.29;
T_1.23 ;
    %load/vec4 v000001dad8ba2100_0;
    %ix/load 4, 5, 0;
    %ix/load 5, 0, 0;
    %flag_set/imm 4, 0;
    %assign/vec4/off/d v000001dad8b22e50_0, 4, 5;
    %jmp T_1.29;
T_1.24 ;
    %load/vec4 v000001dad8ba2100_0;
    %ix/load 4, 4, 0;
    %ix/load 5, 0, 0;
    %flag_set/imm 4, 0;
    %assign/vec4/off/d v000001dad8b22e50_0, 4, 5;
    %jmp T_1.29;
T_1.25 ;
    %load/vec4 v000001dad8ba2100_0;
    %ix/load 4, 3, 0;
    %ix/load 5, 0, 0;
    %flag_set/imm 4, 0;
    %assign/vec4/off/d v000001dad8b22e50_0, 4, 5;
    %jmp T_1.29;
T_1.26 ;
    %load/vec4 v000001dad8ba2100_0;
    %ix/load 4, 2, 0;
    %ix/load 5, 0, 0;
    %flag_set/imm 4, 0;
    %assign/vec4/off/d v000001dad8b22e50_0, 4, 5;
    %jmp T_1.29;
T_1.27 ;
    %load/vec4 v000001dad8ba2100_0;
    %ix/load 4, 1, 0;
    %ix/load 5, 0, 0;
    %flag_set/imm 4, 0;
    %assign/vec4/off/d v000001dad8b22e50_0, 4, 5;
    %jmp T_1.29;
T_1.28 ;
    %load/vec4 v000001dad8ba2100_0;
    %ix/load 4, 0, 0;
    %ix/load 5, 0, 0;
    %flag_set/imm 4, 0;
    %assign/vec4/off/d v000001dad8b22e50_0, 4, 5;
    %jmp T_1.29;
T_1.29 ;
    %pop/vec4 1;
    %jmp T_1.11;
T_1.10 ;
    %load/vec4 v000001dad8c0c5f0_0;
    %cmpi/e 15, 0, 4;
    %flag_get/vec4 4;
    %jmp/0 T_1.32, 4;
    %load/vec4 v000001dad8c0c050_0;
    %pad/u 32;
    %cmpi/u 2, 0, 32;
    %flag_get/vec4 5;
    %and;
T_1.32;
    %flag_set/vec4 8;
    %jmp/0xz  T_1.30, 8;
    %load/vec4 v000001dad8c0c0f0_0;
    %parti/s 1, 0, 2;
    %load/vec4 v000001dad8ba2100_0;
    %concat/vec4; draw_concat_vec4
    %assign/vec4 v000001dad8c0c0f0_0, 0;
    %load/vec4 v000001dad8c0c050_0;
    %addi 1, 0, 4;
    %assign/vec4 v000001dad8c0c050_0, 0;
    %jmp T_1.31;
T_1.30 ;
    %load/vec4 v000001dad8c0c5f0_0;
    %pad/u 32;
    %cmpi/u 0, 0, 32;
    %flag_or 5, 4; GT is !LE
    %flag_inv 5;
    %flag_get/vec4 5;
    %jmp/0 T_1.35, 5;
    %load/vec4 v000001dad8c0c9b0_0;
    %inv;
    %and;
T_1.35;
    %flag_set/vec4 8;
    %jmp/0xz  T_1.33, 8;
    %load/vec4 v000001dad8ba2100_0;
    %assign/vec4 v000001dad8c0bf10_0, 0;
    %load/vec4 v000001dad8c0c9b0_0;
    %pad/u 2;
    %addi 1, 0, 2;
    %pad/u 1;
    %assign/vec4 v000001dad8c0c9b0_0, 0;
    %jmp T_1.34;
T_1.33 ;
    %load/vec4 v000001dad8c0c190_0;
    %cmpi/e 15, 0, 4;
    %flag_get/vec4 4;
    %jmp/0 T_1.38, 4;
    %load/vec4 v000001dad8c0bdd0_0;
    %pad/u 32;
    %cmpi/u 2, 0, 32;
    %flag_get/vec4 5;
    %and;
T_1.38;
    %flag_set/vec4 8;
    %jmp/0xz  T_1.36, 8;
    %load/vec4 v000001dad8c0bfb0_0;
    %parti/s 1, 0, 2;
    %load/vec4 v000001dad8ba2100_0;
    %concat/vec4; draw_concat_vec4
    %assign/vec4 v000001dad8c0bfb0_0, 0;
    %load/vec4 v000001dad8c0bdd0_0;
    %addi 1, 0, 4;
    %assign/vec4 v000001dad8c0bdd0_0, 0;
    %jmp T_1.37;
T_1.36 ;
    %load/vec4 v000001dad8c0c190_0;
    %pad/u 32;
    %cmpi/u 0, 0, 32;
    %flag_or 5, 4; GT is !LE
    %flag_inv 5;
    %flag_get/vec4 5;
    %jmp/0 T_1.41, 5;
    %load/vec4 v000001dad8c0c4b0_0;
    %inv;
    %and;
T_1.41;
    %flag_set/vec4 8;
    %jmp/0xz  T_1.39, 8;
    %load/vec4 v000001dad8ba2100_0;
    %assign/vec4 v000001dad8c0c230_0, 0;
    %load/vec4 v000001dad8c0c4b0_0;
    %pad/u 2;
    %addi 1, 0, 2;
    %pad/u 1;
    %assign/vec4 v000001dad8c0c4b0_0, 0;
T_1.39 ;
T_1.37 ;
T_1.34 ;
T_1.31 ;
T_1.11 ;
T_1.8 ;
T_1.3 ;
T_1.1 ;
    %jmp T_1;
    .thread T_1;
    .scope S_000001dad8b22ae0;
T_2 ;
Ewait_1 .event/or E_000001dad8bb7730, E_0x0;
    %wait Ewait_1;
    %load/vec4 v000001dad8b22db0_0;
    %dup/vec4;
    %pushi/vec4 0, 0, 5;
    %cmp/u;
    %jmp/1 T_2.0, 6;
    %dup/vec4;
    %pushi/vec4 1, 0, 5;
    %cmp/u;
    %jmp/1 T_2.1, 6;
    %dup/vec4;
    %pushi/vec4 2, 0, 5;
    %cmp/u;
    %jmp/1 T_2.2, 6;
    %dup/vec4;
    %pushi/vec4 3, 0, 5;
    %cmp/u;
    %jmp/1 T_2.3, 6;
    %dup/vec4;
    %pushi/vec4 4, 0, 5;
    %cmp/u;
    %jmp/1 T_2.4, 6;
    %dup/vec4;
    %pushi/vec4 5, 0, 5;
    %cmp/u;
    %jmp/1 T_2.5, 6;
    %dup/vec4;
    %pushi/vec4 6, 0, 5;
    %cmp/u;
    %jmp/1 T_2.6, 6;
    %dup/vec4;
    %pushi/vec4 7, 0, 5;
    %cmp/u;
    %jmp/1 T_2.7, 6;
    %dup/vec4;
    %pushi/vec4 8, 0, 5;
    %cmp/u;
    %jmp/1 T_2.8, 6;
    %dup/vec4;
    %pushi/vec4 9, 0, 5;
    %cmp/u;
    %jmp/1 T_2.9, 6;
    %dup/vec4;
    %pushi/vec4 10, 0, 5;
    %cmp/u;
    %jmp/1 T_2.10, 6;
    %dup/vec4;
    %pushi/vec4 11, 0, 5;
    %cmp/u;
    %jmp/1 T_2.11, 6;
    %dup/vec4;
    %pushi/vec4 12, 0, 5;
    %cmp/u;
    %jmp/1 T_2.12, 6;
    %dup/vec4;
    %pushi/vec4 13, 0, 5;
    %cmp/u;
    %jmp/1 T_2.13, 6;
    %dup/vec4;
    %pushi/vec4 14, 0, 5;
    %cmp/u;
    %jmp/1 T_2.14, 6;
    %dup/vec4;
    %pushi/vec4 15, 0, 5;
    %cmp/u;
    %jmp/1 T_2.15, 6;
    %dup/vec4;
    %pushi/vec4 16, 0, 5;
    %cmp/u;
    %jmp/1 T_2.16, 6;
    %dup/vec4;
    %pushi/vec4 17, 0, 5;
    %cmp/u;
    %jmp/1 T_2.17, 6;
    %pushi/vec4 0, 0, 9;
    %store/vec4 v000001dad8c28200_0, 0, 9;
    %jmp T_2.19;
T_2.0 ;
    %pushi/vec4 0, 0, 9;
    %store/vec4 v000001dad8c28200_0, 0, 9;
    %jmp T_2.19;
T_2.1 ;
    %load/vec4 v000001dad8b22e50_0;
    %parti/s 1, 16, 6;
    %dup/vec4;
    %pushi/vec4 1, 0, 1;
    %cmp/u;
    %jmp/1 T_2.20, 6;
    %pushi/vec4 0, 0, 9;
    %store/vec4 v000001dad8c28200_0, 0, 9;
    %jmp T_2.22;
T_2.20 ;
    %pushi/vec4 256, 0, 9;
    %store/vec4 v000001dad8c28200_0, 0, 9;
    %jmp T_2.22;
T_2.22 ;
    %pop/vec4 1;
    %jmp T_2.19;
T_2.2 ;
    %pushi/vec4 0, 0, 9;
    %store/vec4 v000001dad8c28200_0, 0, 9;
    %jmp T_2.19;
T_2.3 ;
    %load/vec4 v000001dad8b22e50_0;
    %parti/s 3, 14, 5;
    %dup/vec4;
    %pushi/vec4 3, 0, 3;
    %cmp/u;
    %jmp/1 T_2.23, 6;
    %pushi/vec4 0, 0, 9;
    %store/vec4 v000001dad8c28200_0, 0, 9;
    %jmp T_2.25;
T_2.23 ;
    %pushi/vec4 272, 0, 9;
    %store/vec4 v000001dad8c28200_0, 0, 9;
    %jmp T_2.25;
T_2.25 ;
    %pop/vec4 1;
    %jmp T_2.19;
T_2.4 ;
    %load/vec4 v000001dad8b22e50_0;
    %parti/s 4, 13, 5;
    %dup/vec4;
    %pushi/vec4 5, 0, 4;
    %cmp/u;
    %jmp/1 T_2.26, 6;
    %dup/vec4;
    %pushi/vec4 4, 0, 4;
    %cmp/u;
    %jmp/1 T_2.27, 6;
    %pushi/vec4 0, 0, 9;
    %store/vec4 v000001dad8c28200_0, 0, 9;
    %jmp T_2.29;
T_2.26 ;
    %pushi/vec4 257, 0, 9;
    %store/vec4 v000001dad8c28200_0, 0, 9;
    %jmp T_2.29;
T_2.27 ;
    %pushi/vec4 273, 0, 9;
    %store/vec4 v000001dad8c28200_0, 0, 9;
    %jmp T_2.29;
T_2.29 ;
    %pop/vec4 1;
    %jmp T_2.19;
T_2.5 ;
    %pushi/vec4 0, 0, 9;
    %store/vec4 v000001dad8c28200_0, 0, 9;
    %jmp T_2.19;
T_2.6 ;
    %load/vec4 v000001dad8b22e50_0;
    %parti/s 6, 11, 5;
    %dup/vec4;
    %pushi/vec4 14, 0, 6;
    %cmp/u;
    %jmp/1 T_2.30, 6;
    %dup/vec4;
    %pushi/vec4 12, 0, 6;
    %cmp/u;
    %jmp/1 T_2.31, 6;
    %dup/vec4;
    %pushi/vec4 15, 0, 6;
    %cmp/u;
    %jmp/1 T_2.32, 6;
    %dup/vec4;
    %pushi/vec4 13, 0, 6;
    %cmp/u;
    %jmp/1 T_2.33, 6;
    %pushi/vec4 0, 0, 9;
    %store/vec4 v000001dad8c28200_0, 0, 9;
    %jmp T_2.35;
T_2.30 ;
    %pushi/vec4 258, 0, 9;
    %store/vec4 v000001dad8c28200_0, 0, 9;
    %jmp T_2.35;
T_2.31 ;
    %pushi/vec4 274, 0, 9;
    %store/vec4 v000001dad8c28200_0, 0, 9;
    %jmp T_2.35;
T_2.32 ;
    %pushi/vec4 288, 0, 9;
    %store/vec4 v000001dad8c28200_0, 0, 9;
    %jmp T_2.35;
T_2.33 ;
    %pushi/vec4 289, 0, 9;
    %store/vec4 v000001dad8c28200_0, 0, 9;
    %jmp T_2.35;
T_2.35 ;
    %pop/vec4 1;
    %jmp T_2.19;
T_2.7 ;
    %load/vec4 v000001dad8b22e50_0;
    %parti/s 7, 10, 5;
    %dup/vec4;
    %pushi/vec4 20, 0, 7;
    %cmp/u;
    %jmp/1 T_2.36, 6;
    %dup/vec4;
    %pushi/vec4 23, 0, 7;
    %cmp/u;
    %jmp/1 T_2.37, 6;
    %dup/vec4;
    %pushi/vec4 21, 0, 7;
    %cmp/u;
    %jmp/1 T_2.38, 6;
    %pushi/vec4 0, 0, 9;
    %store/vec4 v000001dad8c28200_0, 0, 9;
    %jmp T_2.40;
T_2.36 ;
    %pushi/vec4 275, 0, 9;
    %store/vec4 v000001dad8c28200_0, 0, 9;
    %jmp T_2.40;
T_2.37 ;
    %pushi/vec4 290, 0, 9;
    %store/vec4 v000001dad8c28200_0, 0, 9;
    %jmp T_2.40;
T_2.38 ;
    %pushi/vec4 305, 0, 9;
    %store/vec4 v000001dad8c28200_0, 0, 9;
    %jmp T_2.40;
T_2.40 ;
    %pop/vec4 1;
    %jmp T_2.19;
T_2.8 ;
    %load/vec4 v000001dad8b22e50_0;
    %parti/s 8, 9, 5;
    %dup/vec4;
    %pushi/vec4 44, 0, 8;
    %cmp/u;
    %jmp/1 T_2.41, 6;
    %dup/vec4;
    %pushi/vec4 35, 0, 8;
    %cmp/u;
    %jmp/1 T_2.42, 6;
    %dup/vec4;
    %pushi/vec4 9, 0, 8;
    %cmp/u;
    %jmp/1 T_2.43, 6;
    %dup/vec4;
    %pushi/vec4 38, 0, 8;
    %cmp/u;
    %jmp/1 T_2.44, 6;
    %dup/vec4;
    %pushi/vec4 45, 0, 8;
    %cmp/u;
    %jmp/1 T_2.45, 6;
    %dup/vec4;
    %pushi/vec4 39, 0, 8;
    %cmp/u;
    %jmp/1 T_2.46, 6;
    %dup/vec4;
    %pushi/vec4 36, 0, 8;
    %cmp/u;
    %jmp/1 T_2.47, 6;
    %dup/vec4;
    %pushi/vec4 30, 0, 8;
    %cmp/u;
    %jmp/1 T_2.48, 6;
    %dup/vec4;
    %pushi/vec4 10, 0, 8;
    %cmp/u;
    %jmp/1 T_2.49, 6;
    %dup/vec4;
    %pushi/vec4 7, 0, 8;
    %cmp/u;
    %jmp/1 T_2.50, 6;
    %dup/vec4;
    %pushi/vec4 3, 0, 8;
    %cmp/u;
    %jmp/1 T_2.51, 6;
    %pushi/vec4 0, 0, 9;
    %store/vec4 v000001dad8c28200_0, 0, 9;
    %jmp T_2.53;
T_2.41 ;
    %pushi/vec4 259, 0, 9;
    %store/vec4 v000001dad8c28200_0, 0, 9;
    %jmp T_2.53;
T_2.42 ;
    %pushi/vec4 276, 0, 9;
    %store/vec4 v000001dad8c28200_0, 0, 9;
    %jmp T_2.53;
T_2.43 ;
    %pushi/vec4 287, 0, 9;
    %store/vec4 v000001dad8c28200_0, 0, 9;
    %jmp T_2.53;
T_2.44 ;
    %pushi/vec4 291, 0, 9;
    %store/vec4 v000001dad8c28200_0, 0, 9;
    %jmp T_2.53;
T_2.45 ;
    %pushi/vec4 304, 0, 9;
    %store/vec4 v000001dad8c28200_0, 0, 9;
    %jmp T_2.53;
T_2.46 ;
    %pushi/vec4 306, 0, 9;
    %store/vec4 v000001dad8c28200_0, 0, 9;
    %jmp T_2.53;
T_2.47 ;
    %pushi/vec4 321, 0, 9;
    %store/vec4 v000001dad8c28200_0, 0, 9;
    %jmp T_2.53;
T_2.48 ;
    %pushi/vec4 337, 0, 9;
    %store/vec4 v000001dad8c28200_0, 0, 9;
    %jmp T_2.53;
T_2.49 ;
    %pushi/vec4 497, 0, 9;
    %store/vec4 v000001dad8c28200_0, 0, 9;
    %jmp T_2.53;
T_2.50 ;
    %pushi/vec4 498, 0, 9;
    %store/vec4 v000001dad8c28200_0, 0, 9;
    %jmp T_2.53;
T_2.51 ;
    %pushi/vec4 511, 0, 9;
    %store/vec4 v000001dad8c28200_0, 0, 9;
    %jmp T_2.53;
T_2.53 ;
    %pop/vec4 1;
    %jmp T_2.19;
T_2.9 ;
    %load/vec4 v000001dad8b22e50_0;
    %parti/s 9, 8, 5;
    %dup/vec4;
    %pushi/vec4 74, 0, 9;
    %cmp/u;
    %jmp/1 T_2.54, 6;
    %dup/vec4;
    %pushi/vec4 63, 0, 9;
    %cmp/u;
    %jmp/1 T_2.55, 6;
    %dup/vec4;
    %pushi/vec4 17, 0, 9;
    %cmp/u;
    %jmp/1 T_2.56, 6;
    %dup/vec4;
    %pushi/vec4 62, 0, 9;
    %cmp/u;
    %jmp/1 T_2.57, 6;
    %dup/vec4;
    %pushi/vec4 53, 0, 9;
    %cmp/u;
    %jmp/1 T_2.58, 6;
    %dup/vec4;
    %pushi/vec4 47, 0, 9;
    %cmp/u;
    %jmp/1 T_2.59, 6;
    %dup/vec4;
    %pushi/vec4 67, 0, 9;
    %cmp/u;
    %jmp/1 T_2.60, 6;
    %dup/vec4;
    %pushi/vec4 58, 0, 9;
    %cmp/u;
    %jmp/1 T_2.61, 6;
    %dup/vec4;
    %pushi/vec4 16, 0, 9;
    %cmp/u;
    %jmp/1 T_2.62, 6;
    %dup/vec4;
    %pushi/vec4 69, 0, 9;
    %cmp/u;
    %jmp/1 T_2.63, 6;
    %dup/vec4;
    %pushi/vec4 64, 0, 9;
    %cmp/u;
    %jmp/1 T_2.64, 6;
    %dup/vec4;
    %pushi/vec4 75, 0, 9;
    %cmp/u;
    %jmp/1 T_2.65, 6;
    %dup/vec4;
    %pushi/vec4 68, 0, 9;
    %cmp/u;
    %jmp/1 T_2.66, 6;
    %dup/vec4;
    %pushi/vec4 65, 0, 9;
    %cmp/u;
    %jmp/1 T_2.67, 6;
    %dup/vec4;
    %pushi/vec4 9, 0, 9;
    %cmp/u;
    %jmp/1 T_2.68, 6;
    %dup/vec4;
    %pushi/vec4 66, 0, 9;
    %cmp/u;
    %jmp/1 T_2.69, 6;
    %dup/vec4;
    %pushi/vec4 59, 0, 9;
    %cmp/u;
    %jmp/1 T_2.70, 6;
    %dup/vec4;
    %pushi/vec4 56, 0, 9;
    %cmp/u;
    %jmp/1 T_2.71, 6;
    %dup/vec4;
    %pushi/vec4 54, 0, 9;
    %cmp/u;
    %jmp/1 T_2.72, 6;
    %dup/vec4;
    %pushi/vec4 52, 0, 9;
    %cmp/u;
    %jmp/1 T_2.73, 6;
    %dup/vec4;
    %pushi/vec4 48, 0, 9;
    %cmp/u;
    %jmp/1 T_2.74, 6;
    %dup/vec4;
    %pushi/vec4 12, 0, 9;
    %cmp/u;
    %jmp/1 T_2.75, 6;
    %dup/vec4;
    %pushi/vec4 11, 0, 9;
    %cmp/u;
    %jmp/1 T_2.76, 6;
    %dup/vec4;
    %pushi/vec4 10, 0, 9;
    %cmp/u;
    %jmp/1 T_2.77, 6;
    %pushi/vec4 0, 0, 9;
    %store/vec4 v000001dad8c28200_0, 0, 9;
    %jmp T_2.79;
T_2.54 ;
    %pushi/vec4 260, 0, 9;
    %store/vec4 v000001dad8c28200_0, 0, 9;
    %jmp T_2.79;
T_2.55 ;
    %pushi/vec4 261, 0, 9;
    %store/vec4 v000001dad8c28200_0, 0, 9;
    %jmp T_2.79;
T_2.56 ;
    %pushi/vec4 271, 0, 9;
    %store/vec4 v000001dad8c28200_0, 0, 9;
    %jmp T_2.79;
T_2.57 ;
    %pushi/vec4 277, 0, 9;
    %store/vec4 v000001dad8c28200_0, 0, 9;
    %jmp T_2.79;
T_2.58 ;
    %pushi/vec4 278, 0, 9;
    %store/vec4 v000001dad8c28200_0, 0, 9;
    %jmp T_2.79;
T_2.59 ;
    %pushi/vec4 279, 0, 9;
    %store/vec4 v000001dad8c28200_0, 0, 9;
    %jmp T_2.79;
T_2.60 ;
    %pushi/vec4 292, 0, 9;
    %store/vec4 v000001dad8c28200_0, 0, 9;
    %jmp T_2.79;
T_2.61 ;
    %pushi/vec4 293, 0, 9;
    %store/vec4 v000001dad8c28200_0, 0, 9;
    %jmp T_2.79;
T_2.62 ;
    %pushi/vec4 303, 0, 9;
    %store/vec4 v000001dad8c28200_0, 0, 9;
    %jmp T_2.79;
T_2.63 ;
    %pushi/vec4 307, 0, 9;
    %store/vec4 v000001dad8c28200_0, 0, 9;
    %jmp T_2.79;
T_2.64 ;
    %pushi/vec4 308, 0, 9;
    %store/vec4 v000001dad8c28200_0, 0, 9;
    %jmp T_2.79;
T_2.65 ;
    %pushi/vec4 320, 0, 9;
    %store/vec4 v000001dad8c28200_0, 0, 9;
    %jmp T_2.79;
T_2.66 ;
    %pushi/vec4 322, 0, 9;
    %store/vec4 v000001dad8c28200_0, 0, 9;
    %jmp T_2.79;
T_2.67 ;
    %pushi/vec4 323, 0, 9;
    %store/vec4 v000001dad8c28200_0, 0, 9;
    %jmp T_2.79;
T_2.68 ;
    %pushi/vec4 335, 0, 9;
    %store/vec4 v000001dad8c28200_0, 0, 9;
    %jmp T_2.79;
T_2.69 ;
    %pushi/vec4 336, 0, 9;
    %store/vec4 v000001dad8c28200_0, 0, 9;
    %jmp T_2.79;
T_2.70 ;
    %pushi/vec4 338, 0, 9;
    %store/vec4 v000001dad8c28200_0, 0, 9;
    %jmp T_2.79;
T_2.71 ;
    %pushi/vec4 339, 0, 9;
    %store/vec4 v000001dad8c28200_0, 0, 9;
    %jmp T_2.79;
T_2.72 ;
    %pushi/vec4 353, 0, 9;
    %store/vec4 v000001dad8c28200_0, 0, 9;
    %jmp T_2.79;
T_2.73 ;
    %pushi/vec4 354, 0, 9;
    %store/vec4 v000001dad8c28200_0, 0, 9;
    %jmp T_2.79;
T_2.74 ;
    %pushi/vec4 369, 0, 9;
    %store/vec4 v000001dad8c28200_0, 0, 9;
    %jmp T_2.79;
T_2.75 ;
    %pushi/vec4 496, 0, 9;
    %store/vec4 v000001dad8c28200_0, 0, 9;
    %jmp T_2.79;
T_2.76 ;
    %pushi/vec4 499, 0, 9;
    %store/vec4 v000001dad8c28200_0, 0, 9;
    %jmp T_2.79;
T_2.77 ;
    %pushi/vec4 500, 0, 9;
    %store/vec4 v000001dad8c28200_0, 0, 9;
    %jmp T_2.79;
T_2.79 ;
    %pop/vec4 1;
    %jmp T_2.19;
T_2.10 ;
    %load/vec4 v000001dad8b22e50_0;
    %parti/s 10, 7, 4;
    %dup/vec4;
    %pushi/vec4 110, 0, 10;
    %cmp/u;
    %jmp/1 T_2.80, 6;
    %dup/vec4;
    %pushi/vec4 93, 0, 10;
    %cmp/u;
    %jmp/1 T_2.81, 6;
    %dup/vec4;
    %pushi/vec4 83, 0, 10;
    %cmp/u;
    %jmp/1 T_2.82, 6;
    %dup/vec4;
    %pushi/vec4 75, 0, 10;
    %cmp/u;
    %jmp/1 T_2.83, 6;
    %dup/vec4;
    %pushi/vec4 68, 0, 10;
    %cmp/u;
    %jmp/1 T_2.84, 6;
    %dup/vec4;
    %pushi/vec4 103, 0, 10;
    %cmp/u;
    %jmp/1 T_2.85, 6;
    %dup/vec4;
    %pushi/vec4 90, 0, 10;
    %cmp/u;
    %jmp/1 T_2.86, 6;
    %dup/vec4;
    %pushi/vec4 72, 0, 10;
    %cmp/u;
    %jmp/1 T_2.87, 6;
    %dup/vec4;
    %pushi/vec4 114, 0, 10;
    %cmp/u;
    %jmp/1 T_2.88, 6;
    %dup/vec4;
    %pushi/vec4 99, 0, 10;
    %cmp/u;
    %jmp/1 T_2.89, 6;
    %dup/vec4;
    %pushi/vec4 87, 0, 10;
    %cmp/u;
    %jmp/1 T_2.90, 6;
    %dup/vec4;
    %pushi/vec4 26, 0, 10;
    %cmp/u;
    %jmp/1 T_2.91, 6;
    %dup/vec4;
    %pushi/vec4 115, 0, 10;
    %cmp/u;
    %jmp/1 T_2.92, 6;
    %dup/vec4;
    %pushi/vec4 101, 0, 10;
    %cmp/u;
    %jmp/1 T_2.93, 6;
    %dup/vec4;
    %pushi/vec4 102, 0, 10;
    %cmp/u;
    %jmp/1 T_2.94, 6;
    %dup/vec4;
    %pushi/vec4 16, 0, 10;
    %cmp/u;
    %jmp/1 T_2.95, 6;
    %dup/vec4;
    %pushi/vec4 111, 0, 10;
    %cmp/u;
    %jmp/1 T_2.96, 6;
    %dup/vec4;
    %pushi/vec4 100, 0, 10;
    %cmp/u;
    %jmp/1 T_2.97, 6;
    %dup/vec4;
    %pushi/vec4 10, 0, 10;
    %cmp/u;
    %jmp/1 T_2.98, 6;
    %dup/vec4;
    %pushi/vec4 98, 0, 10;
    %cmp/u;
    %jmp/1 T_2.99, 6;
    %dup/vec4;
    %pushi/vec4 91, 0, 10;
    %cmp/u;
    %jmp/1 T_2.100, 6;
    %dup/vec4;
    %pushi/vec4 88, 0, 10;
    %cmp/u;
    %jmp/1 T_2.101, 6;
    %dup/vec4;
    %pushi/vec4 8, 0, 10;
    %cmp/u;
    %jmp/1 T_2.102, 6;
    %dup/vec4;
    %pushi/vec4 85, 0, 10;
    %cmp/u;
    %jmp/1 T_2.103, 6;
    %dup/vec4;
    %pushi/vec4 84, 0, 10;
    %cmp/u;
    %jmp/1 T_2.104, 6;
    %dup/vec4;
    %pushi/vec4 81, 0, 10;
    %cmp/u;
    %jmp/1 T_2.105, 6;
    %dup/vec4;
    %pushi/vec4 7, 0, 10;
    %cmp/u;
    %jmp/1 T_2.106, 6;
    %dup/vec4;
    %pushi/vec4 76, 0, 10;
    %cmp/u;
    %jmp/1 T_2.107, 6;
    %dup/vec4;
    %pushi/vec4 73, 0, 10;
    %cmp/u;
    %jmp/1 T_2.108, 6;
    %dup/vec4;
    %pushi/vec4 67, 0, 10;
    %cmp/u;
    %jmp/1 T_2.109, 6;
    %dup/vec4;
    %pushi/vec4 4, 0, 10;
    %cmp/u;
    %jmp/1 T_2.110, 6;
    %dup/vec4;
    %pushi/vec4 17, 0, 10;
    %cmp/u;
    %jmp/1 T_2.111, 6;
    %dup/vec4;
    %pushi/vec4 11, 0, 10;
    %cmp/u;
    %jmp/1 T_2.112, 6;
    %dup/vec4;
    %pushi/vec4 9, 0, 10;
    %cmp/u;
    %jmp/1 T_2.113, 6;
    %pushi/vec4 0, 0, 9;
    %store/vec4 v000001dad8c28200_0, 0, 9;
    %jmp T_2.115;
T_2.80 ;
    %pushi/vec4 262, 0, 9;
    %store/vec4 v000001dad8c28200_0, 0, 9;
    %jmp T_2.115;
T_2.81 ;
    %pushi/vec4 263, 0, 9;
    %store/vec4 v000001dad8c28200_0, 0, 9;
    %jmp T_2.115;
T_2.82 ;
    %pushi/vec4 280, 0, 9;
    %store/vec4 v000001dad8c28200_0, 0, 9;
    %jmp T_2.115;
T_2.83 ;
    %pushi/vec4 281, 0, 9;
    %store/vec4 v000001dad8c28200_0, 0, 9;
    %jmp T_2.115;
T_2.84 ;
    %pushi/vec4 282, 0, 9;
    %store/vec4 v000001dad8c28200_0, 0, 9;
    %jmp T_2.115;
T_2.85 ;
    %pushi/vec4 294, 0, 9;
    %store/vec4 v000001dad8c28200_0, 0, 9;
    %jmp T_2.115;
T_2.86 ;
    %pushi/vec4 295, 0, 9;
    %store/vec4 v000001dad8c28200_0, 0, 9;
    %jmp T_2.115;
T_2.87 ;
    %pushi/vec4 297, 0, 9;
    %store/vec4 v000001dad8c28200_0, 0, 9;
    %jmp T_2.115;
T_2.88 ;
    %pushi/vec4 309, 0, 9;
    %store/vec4 v000001dad8c28200_0, 0, 9;
    %jmp T_2.115;
T_2.89 ;
    %pushi/vec4 310, 0, 9;
    %store/vec4 v000001dad8c28200_0, 0, 9;
    %jmp T_2.115;
T_2.90 ;
    %pushi/vec4 311, 0, 9;
    %store/vec4 v000001dad8c28200_0, 0, 9;
    %jmp T_2.115;
T_2.91 ;
    %pushi/vec4 319, 0, 9;
    %store/vec4 v000001dad8c28200_0, 0, 9;
    %jmp T_2.115;
T_2.92 ;
    %pushi/vec4 324, 0, 9;
    %store/vec4 v000001dad8c28200_0, 0, 9;
    %jmp T_2.115;
T_2.93 ;
    %pushi/vec4 325, 0, 9;
    %store/vec4 v000001dad8c28200_0, 0, 9;
    %jmp T_2.115;
T_2.94 ;
    %pushi/vec4 340, 0, 9;
    %store/vec4 v000001dad8c28200_0, 0, 9;
    %jmp T_2.115;
T_2.95 ;
    %pushi/vec4 351, 0, 9;
    %store/vec4 v000001dad8c28200_0, 0, 9;
    %jmp T_2.115;
T_2.96 ;
    %pushi/vec4 352, 0, 9;
    %store/vec4 v000001dad8c28200_0, 0, 9;
    %jmp T_2.115;
T_2.97 ;
    %pushi/vec4 355, 0, 9;
    %store/vec4 v000001dad8c28200_0, 0, 9;
    %jmp T_2.115;
T_2.98 ;
    %pushi/vec4 367, 0, 9;
    %store/vec4 v000001dad8c28200_0, 0, 9;
    %jmp T_2.115;
T_2.99 ;
    %pushi/vec4 368, 0, 9;
    %store/vec4 v000001dad8c28200_0, 0, 9;
    %jmp T_2.115;
T_2.100 ;
    %pushi/vec4 370, 0, 9;
    %store/vec4 v000001dad8c28200_0, 0, 9;
    %jmp T_2.115;
T_2.101 ;
    %pushi/vec4 371, 0, 9;
    %store/vec4 v000001dad8c28200_0, 0, 9;
    %jmp T_2.115;
T_2.102 ;
    %pushi/vec4 383, 0, 9;
    %store/vec4 v000001dad8c28200_0, 0, 9;
    %jmp T_2.115;
T_2.103 ;
    %pushi/vec4 384, 0, 9;
    %store/vec4 v000001dad8c28200_0, 0, 9;
    %jmp T_2.115;
T_2.104 ;
    %pushi/vec4 385, 0, 9;
    %store/vec4 v000001dad8c28200_0, 0, 9;
    %jmp T_2.115;
T_2.105 ;
    %pushi/vec4 386, 0, 9;
    %store/vec4 v000001dad8c28200_0, 0, 9;
    %jmp T_2.115;
T_2.106 ;
    %pushi/vec4 399, 0, 9;
    %store/vec4 v000001dad8c28200_0, 0, 9;
    %jmp T_2.115;
T_2.107 ;
    %pushi/vec4 401, 0, 9;
    %store/vec4 v000001dad8c28200_0, 0, 9;
    %jmp T_2.115;
T_2.108 ;
    %pushi/vec4 402, 0, 9;
    %store/vec4 v000001dad8c28200_0, 0, 9;
    %jmp T_2.115;
T_2.109 ;
    %pushi/vec4 418, 0, 9;
    %store/vec4 v000001dad8c28200_0, 0, 9;
    %jmp T_2.115;
T_2.110 ;
    %pushi/vec4 431, 0, 9;
    %store/vec4 v000001dad8c28200_0, 0, 9;
    %jmp T_2.115;
T_2.111 ;
    %pushi/vec4 501, 0, 9;
    %store/vec4 v000001dad8c28200_0, 0, 9;
    %jmp T_2.115;
T_2.112 ;
    %pushi/vec4 502, 0, 9;
    %store/vec4 v000001dad8c28200_0, 0, 9;
    %jmp T_2.115;
T_2.113 ;
    %pushi/vec4 503, 0, 9;
    %store/vec4 v000001dad8c28200_0, 0, 9;
    %jmp T_2.115;
T_2.115 ;
    %pop/vec4 1;
    %jmp T_2.19;
T_2.11 ;
    %load/vec4 v000001dad8b22e50_0;
    %parti/s 11, 6, 4;
    %dup/vec4;
    %pushi/vec4 172, 0, 11;
    %cmp/u;
    %jmp/1 T_2.116, 6;
    %dup/vec4;
    %pushi/vec4 149, 0, 11;
    %cmp/u;
    %jmp/1 T_2.117, 6;
    %dup/vec4;
    %pushi/vec4 138, 0, 11;
    %cmp/u;
    %jmp/1 T_2.118, 6;
    %dup/vec4;
    %pushi/vec4 119, 0, 11;
    %cmp/u;
    %jmp/1 T_2.119, 6;
    %dup/vec4;
    %pushi/vec4 107, 0, 11;
    %cmp/u;
    %jmp/1 T_2.120, 6;
    %dup/vec4;
    %pushi/vec4 161, 0, 11;
    %cmp/u;
    %jmp/1 T_2.121, 6;
    %dup/vec4;
    %pushi/vec4 127, 0, 11;
    %cmp/u;
    %jmp/1 T_2.122, 6;
    %dup/vec4;
    %pushi/vec4 117, 0, 11;
    %cmp/u;
    %jmp/1 T_2.123, 6;
    %dup/vec4;
    %pushi/vec4 110, 0, 11;
    %cmp/u;
    %jmp/1 T_2.124, 6;
    %dup/vec4;
    %pushi/vec4 158, 0, 11;
    %cmp/u;
    %jmp/1 T_2.125, 6;
    %dup/vec4;
    %pushi/vec4 140, 0, 11;
    %cmp/u;
    %jmp/1 T_2.126, 6;
    %dup/vec4;
    %pushi/vec4 179, 0, 11;
    %cmp/u;
    %jmp/1 T_2.127, 6;
    %dup/vec4;
    %pushi/vec4 164, 0, 11;
    %cmp/u;
    %jmp/1 T_2.128, 6;
    %dup/vec4;
    %pushi/vec4 155, 0, 11;
    %cmp/u;
    %jmp/1 T_2.129, 6;
    %dup/vec4;
    %pushi/vec4 185, 0, 11;
    %cmp/u;
    %jmp/1 T_2.130, 6;
    %dup/vec4;
    %pushi/vec4 173, 0, 11;
    %cmp/u;
    %jmp/1 T_2.131, 6;
    %dup/vec4;
    %pushi/vec4 142, 0, 11;
    %cmp/u;
    %jmp/1 T_2.132, 6;
    %dup/vec4;
    %pushi/vec4 184, 0, 11;
    %cmp/u;
    %jmp/1 T_2.133, 6;
    %dup/vec4;
    %pushi/vec4 178, 0, 11;
    %cmp/u;
    %jmp/1 T_2.134, 6;
    %dup/vec4;
    %pushi/vec4 160, 0, 11;
    %cmp/u;
    %jmp/1 T_2.135, 6;
    %dup/vec4;
    %pushi/vec4 133, 0, 11;
    %cmp/u;
    %jmp/1 T_2.136, 6;
    %dup/vec4;
    %pushi/vec4 165, 0, 11;
    %cmp/u;
    %jmp/1 T_2.137, 6;
    %dup/vec4;
    %pushi/vec4 157, 0, 11;
    %cmp/u;
    %jmp/1 T_2.138, 6;
    %dup/vec4;
    %pushi/vec4 148, 0, 11;
    %cmp/u;
    %jmp/1 T_2.139, 6;
    %dup/vec4;
    %pushi/vec4 159, 0, 11;
    %cmp/u;
    %jmp/1 T_2.140, 6;
    %dup/vec4;
    %pushi/vec4 156, 0, 11;
    %cmp/u;
    %jmp/1 T_2.141, 6;
    %dup/vec4;
    %pushi/vec4 143, 0, 11;
    %cmp/u;
    %jmp/1 T_2.142, 6;
    %dup/vec4;
    %pushi/vec4 154, 0, 11;
    %cmp/u;
    %jmp/1 T_2.143, 6;
    %dup/vec4;
    %pushi/vec4 141, 0, 11;
    %cmp/u;
    %jmp/1 T_2.144, 6;
    %dup/vec4;
    %pushi/vec4 131, 0, 11;
    %cmp/u;
    %jmp/1 T_2.145, 6;
    %dup/vec4;
    %pushi/vec4 11, 0, 11;
    %cmp/u;
    %jmp/1 T_2.146, 6;
    %dup/vec4;
    %pushi/vec4 139, 0, 11;
    %cmp/u;
    %jmp/1 T_2.147, 6;
    %dup/vec4;
    %pushi/vec4 129, 0, 11;
    %cmp/u;
    %jmp/1 T_2.148, 6;
    %dup/vec4;
    %pushi/vec4 125, 0, 11;
    %cmp/u;
    %jmp/1 T_2.149, 6;
    %dup/vec4;
    %pushi/vec4 120, 0, 11;
    %cmp/u;
    %jmp/1 T_2.150, 6;
    %dup/vec4;
    %pushi/vec4 118, 0, 11;
    %cmp/u;
    %jmp/1 T_2.151, 6;
    %dup/vec4;
    %pushi/vec4 115, 0, 11;
    %cmp/u;
    %jmp/1 T_2.152, 6;
    %dup/vec4;
    %pushi/vec4 6, 0, 11;
    %cmp/u;
    %jmp/1 T_2.153, 6;
    %dup/vec4;
    %pushi/vec4 4, 0, 11;
    %cmp/u;
    %jmp/1 T_2.154, 6;
    %dup/vec4;
    %pushi/vec4 2, 0, 11;
    %cmp/u;
    %jmp/1 T_2.155, 6;
    %dup/vec4;
    %pushi/vec4 102, 0, 11;
    %cmp/u;
    %jmp/1 T_2.156, 6;
    %dup/vec4;
    %pushi/vec4 0, 0, 11;
    %cmp/u;
    %jmp/1 T_2.157, 6;
    %dup/vec4;
    %pushi/vec4 13, 0, 11;
    %cmp/u;
    %jmp/1 T_2.158, 6;
    %dup/vec4;
    %pushi/vec4 12, 0, 11;
    %cmp/u;
    %jmp/1 T_2.159, 6;
    %dup/vec4;
    %pushi/vec4 10, 0, 11;
    %cmp/u;
    %jmp/1 T_2.160, 6;
    %dup/vec4;
    %pushi/vec4 7, 0, 11;
    %cmp/u;
    %jmp/1 T_2.161, 6;
    %dup/vec4;
    %pushi/vec4 5, 0, 11;
    %cmp/u;
    %jmp/1 T_2.162, 6;
    %dup/vec4;
    %pushi/vec4 3, 0, 11;
    %cmp/u;
    %jmp/1 T_2.163, 6;
    %dup/vec4;
    %pushi/vec4 1, 0, 11;
    %cmp/u;
    %jmp/1 T_2.164, 6;
    %pushi/vec4 0, 0, 9;
    %store/vec4 v000001dad8c28200_0, 0, 9;
    %jmp T_2.166;
T_2.116 ;
    %pushi/vec4 264, 0, 9;
    %store/vec4 v000001dad8c28200_0, 0, 9;
    %jmp T_2.166;
T_2.117 ;
    %pushi/vec4 265, 0, 9;
    %store/vec4 v000001dad8c28200_0, 0, 9;
    %jmp T_2.166;
T_2.118 ;
    %pushi/vec4 266, 0, 9;
    %store/vec4 v000001dad8c28200_0, 0, 9;
    %jmp T_2.166;
T_2.119 ;
    %pushi/vec4 283, 0, 9;
    %store/vec4 v000001dad8c28200_0, 0, 9;
    %jmp T_2.166;
T_2.120 ;
    %pushi/vec4 285, 0, 9;
    %store/vec4 v000001dad8c28200_0, 0, 9;
    %jmp T_2.166;
T_2.121 ;
    %pushi/vec4 296, 0, 9;
    %store/vec4 v000001dad8c28200_0, 0, 9;
    %jmp T_2.166;
T_2.122 ;
    %pushi/vec4 298, 0, 9;
    %store/vec4 v000001dad8c28200_0, 0, 9;
    %jmp T_2.166;
T_2.123 ;
    %pushi/vec4 299, 0, 9;
    %store/vec4 v000001dad8c28200_0, 0, 9;
    %jmp T_2.166;
T_2.124 ;
    %pushi/vec4 300, 0, 9;
    %store/vec4 v000001dad8c28200_0, 0, 9;
    %jmp T_2.166;
T_2.125 ;
    %pushi/vec4 312, 0, 9;
    %store/vec4 v000001dad8c28200_0, 0, 9;
    %jmp T_2.166;
T_2.126 ;
    %pushi/vec4 313, 0, 9;
    %store/vec4 v000001dad8c28200_0, 0, 9;
    %jmp T_2.166;
T_2.127 ;
    %pushi/vec4 326, 0, 9;
    %store/vec4 v000001dad8c28200_0, 0, 9;
    %jmp T_2.166;
T_2.128 ;
    %pushi/vec4 327, 0, 9;
    %store/vec4 v000001dad8c28200_0, 0, 9;
    %jmp T_2.166;
T_2.129 ;
    %pushi/vec4 328, 0, 9;
    %store/vec4 v000001dad8c28200_0, 0, 9;
    %jmp T_2.166;
T_2.130 ;
    %pushi/vec4 341, 0, 9;
    %store/vec4 v000001dad8c28200_0, 0, 9;
    %jmp T_2.166;
T_2.131 ;
    %pushi/vec4 342, 0, 9;
    %store/vec4 v000001dad8c28200_0, 0, 9;
    %jmp T_2.166;
T_2.132 ;
    %pushi/vec4 344, 0, 9;
    %store/vec4 v000001dad8c28200_0, 0, 9;
    %jmp T_2.166;
T_2.133 ;
    %pushi/vec4 356, 0, 9;
    %store/vec4 v000001dad8c28200_0, 0, 9;
    %jmp T_2.166;
T_2.134 ;
    %pushi/vec4 357, 0, 9;
    %store/vec4 v000001dad8c28200_0, 0, 9;
    %jmp T_2.166;
T_2.135 ;
    %pushi/vec4 358, 0, 9;
    %store/vec4 v000001dad8c28200_0, 0, 9;
    %jmp T_2.166;
T_2.136 ;
    %pushi/vec4 359, 0, 9;
    %store/vec4 v000001dad8c28200_0, 0, 9;
    %jmp T_2.166;
T_2.137 ;
    %pushi/vec4 372, 0, 9;
    %store/vec4 v000001dad8c28200_0, 0, 9;
    %jmp T_2.166;
T_2.138 ;
    %pushi/vec4 373, 0, 9;
    %store/vec4 v000001dad8c28200_0, 0, 9;
    %jmp T_2.166;
T_2.139 ;
    %pushi/vec4 374, 0, 9;
    %store/vec4 v000001dad8c28200_0, 0, 9;
    %jmp T_2.166;
T_2.140 ;
    %pushi/vec4 387, 0, 9;
    %store/vec4 v000001dad8c28200_0, 0, 9;
    %jmp T_2.166;
T_2.141 ;
    %pushi/vec4 388, 0, 9;
    %store/vec4 v000001dad8c28200_0, 0, 9;
    %jmp T_2.166;
T_2.142 ;
    %pushi/vec4 389, 0, 9;
    %store/vec4 v000001dad8c28200_0, 0, 9;
    %jmp T_2.166;
T_2.143 ;
    %pushi/vec4 400, 0, 9;
    %store/vec4 v000001dad8c28200_0, 0, 9;
    %jmp T_2.166;
T_2.144 ;
    %pushi/vec4 403, 0, 9;
    %store/vec4 v000001dad8c28200_0, 0, 9;
    %jmp T_2.166;
T_2.145 ;
    %pushi/vec4 404, 0, 9;
    %store/vec4 v000001dad8c28200_0, 0, 9;
    %jmp T_2.166;
T_2.146 ;
    %pushi/vec4 415, 0, 9;
    %store/vec4 v000001dad8c28200_0, 0, 9;
    %jmp T_2.166;
T_2.147 ;
    %pushi/vec4 416, 0, 9;
    %store/vec4 v000001dad8c28200_0, 0, 9;
    %jmp T_2.166;
T_2.148 ;
    %pushi/vec4 417, 0, 9;
    %store/vec4 v000001dad8c28200_0, 0, 9;
    %jmp T_2.166;
T_2.149 ;
    %pushi/vec4 419, 0, 9;
    %store/vec4 v000001dad8c28200_0, 0, 9;
    %jmp T_2.166;
T_2.150 ;
    %pushi/vec4 433, 0, 9;
    %store/vec4 v000001dad8c28200_0, 0, 9;
    %jmp T_2.166;
T_2.151 ;
    %pushi/vec4 434, 0, 9;
    %store/vec4 v000001dad8c28200_0, 0, 9;
    %jmp T_2.166;
T_2.152 ;
    %pushi/vec4 435, 0, 9;
    %store/vec4 v000001dad8c28200_0, 0, 9;
    %jmp T_2.166;
T_2.153 ;
    %pushi/vec4 447, 0, 9;
    %store/vec4 v000001dad8c28200_0, 0, 9;
    %jmp T_2.166;
T_2.154 ;
    %pushi/vec4 463, 0, 9;
    %store/vec4 v000001dad8c28200_0, 0, 9;
    %jmp T_2.166;
T_2.155 ;
    %pushi/vec4 479, 0, 9;
    %store/vec4 v000001dad8c28200_0, 0, 9;
    %jmp T_2.166;
T_2.156 ;
    %pushi/vec4 482, 0, 9;
    %store/vec4 v000001dad8c28200_0, 0, 9;
    %jmp T_2.166;
T_2.157 ;
    %pushi/vec4 495, 0, 9;
    %store/vec4 v000001dad8c28200_0, 0, 9;
    %jmp T_2.166;
T_2.158 ;
    %pushi/vec4 504, 0, 9;
    %store/vec4 v000001dad8c28200_0, 0, 9;
    %jmp T_2.166;
T_2.159 ;
    %pushi/vec4 505, 0, 9;
    %store/vec4 v000001dad8c28200_0, 0, 9;
    %jmp T_2.166;
T_2.160 ;
    %pushi/vec4 506, 0, 9;
    %store/vec4 v000001dad8c28200_0, 0, 9;
    %jmp T_2.166;
T_2.161 ;
    %pushi/vec4 507, 0, 9;
    %store/vec4 v000001dad8c28200_0, 0, 9;
    %jmp T_2.166;
T_2.162 ;
    %pushi/vec4 508, 0, 9;
    %store/vec4 v000001dad8c28200_0, 0, 9;
    %jmp T_2.166;
T_2.163 ;
    %pushi/vec4 509, 0, 9;
    %store/vec4 v000001dad8c28200_0, 0, 9;
    %jmp T_2.166;
T_2.164 ;
    %pushi/vec4 510, 0, 9;
    %store/vec4 v000001dad8c28200_0, 0, 9;
    %jmp T_2.166;
T_2.166 ;
    %pop/vec4 1;
    %jmp T_2.19;
T_2.12 ;
    %load/vec4 v000001dad8b22e50_0;
    %parti/s 12, 5, 4;
    %dup/vec4;
    %pushi/vec4 242, 0, 12;
    %cmp/u;
    %jmp/1 T_2.167, 6;
    %dup/vec4;
    %pushi/vec4 225, 0, 12;
    %cmp/u;
    %jmp/1 T_2.168, 6;
    %dup/vec4;
    %pushi/vec4 195, 0, 12;
    %cmp/u;
    %jmp/1 T_2.169, 6;
    %dup/vec4;
    %pushi/vec4 201, 0, 12;
    %cmp/u;
    %jmp/1 T_2.170, 6;
    %dup/vec4;
    %pushi/vec4 207, 0, 12;
    %cmp/u;
    %jmp/1 T_2.171, 6;
    %dup/vec4;
    %pushi/vec4 209, 0, 12;
    %cmp/u;
    %jmp/1 T_2.172, 6;
    %dup/vec4;
    %pushi/vec4 206, 0, 12;
    %cmp/u;
    %jmp/1 T_2.173, 6;
    %dup/vec4;
    %pushi/vec4 252, 0, 12;
    %cmp/u;
    %jmp/1 T_2.174, 6;
    %dup/vec4;
    %pushi/vec4 212, 0, 12;
    %cmp/u;
    %jmp/1 T_2.175, 6;
    %dup/vec4;
    %pushi/vec4 199, 0, 12;
    %cmp/u;
    %jmp/1 T_2.176, 6;
    %dup/vec4;
    %pushi/vec4 264, 0, 12;
    %cmp/u;
    %jmp/1 T_2.177, 6;
    %dup/vec4;
    %pushi/vec4 246, 0, 12;
    %cmp/u;
    %jmp/1 T_2.178, 6;
    %dup/vec4;
    %pushi/vec4 226, 0, 12;
    %cmp/u;
    %jmp/1 T_2.179, 6;
    %dup/vec4;
    %pushi/vec4 265, 0, 12;
    %cmp/u;
    %jmp/1 T_2.180, 6;
    %dup/vec4;
    %pushi/vec4 253, 0, 12;
    %cmp/u;
    %jmp/1 T_2.181, 6;
    %dup/vec4;
    %pushi/vec4 232, 0, 12;
    %cmp/u;
    %jmp/1 T_2.182, 6;
    %dup/vec4;
    %pushi/vec4 257, 0, 12;
    %cmp/u;
    %jmp/1 T_2.183, 6;
    %dup/vec4;
    %pushi/vec4 244, 0, 12;
    %cmp/u;
    %jmp/1 T_2.184, 6;
    %dup/vec4;
    %pushi/vec4 228, 0, 12;
    %cmp/u;
    %jmp/1 T_2.185, 6;
    %dup/vec4;
    %pushi/vec4 217, 0, 12;
    %cmp/u;
    %jmp/1 T_2.186, 6;
    %dup/vec4;
    %pushi/vec4 261, 0, 12;
    %cmp/u;
    %jmp/1 T_2.187, 6;
    %dup/vec4;
    %pushi/vec4 248, 0, 12;
    %cmp/u;
    %jmp/1 T_2.188, 6;
    %dup/vec4;
    %pushi/vec4 260, 0, 12;
    %cmp/u;
    %jmp/1 T_2.189, 6;
    %dup/vec4;
    %pushi/vec4 249, 0, 12;
    %cmp/u;
    %jmp/1 T_2.190, 6;
    %dup/vec4;
    %pushi/vec4 256, 0, 12;
    %cmp/u;
    %jmp/1 T_2.191, 6;
    %dup/vec4;
    %pushi/vec4 245, 0, 12;
    %cmp/u;
    %jmp/1 T_2.192, 6;
    %dup/vec4;
    %pushi/vec4 247, 0, 12;
    %cmp/u;
    %jmp/1 T_2.193, 6;
    %dup/vec4;
    %pushi/vec4 233, 0, 12;
    %cmp/u;
    %jmp/1 T_2.194, 6;
    %dup/vec4;
    %pushi/vec4 229, 0, 12;
    %cmp/u;
    %jmp/1 T_2.195, 6;
    %dup/vec4;
    %pushi/vec4 219, 0, 12;
    %cmp/u;
    %jmp/1 T_2.196, 6;
    %dup/vec4;
    %pushi/vec4 243, 0, 12;
    %cmp/u;
    %jmp/1 T_2.197, 6;
    %dup/vec4;
    %pushi/vec4 227, 0, 12;
    %cmp/u;
    %jmp/1 T_2.198, 6;
    %dup/vec4;
    %pushi/vec4 223, 0, 12;
    %cmp/u;
    %jmp/1 T_2.199, 6;
    %dup/vec4;
    %pushi/vec4 202, 0, 12;
    %cmp/u;
    %jmp/1 T_2.200, 6;
    %dup/vec4;
    %pushi/vec4 224, 0, 12;
    %cmp/u;
    %jmp/1 T_2.201, 6;
    %dup/vec4;
    %pushi/vec4 222, 0, 12;
    %cmp/u;
    %jmp/1 T_2.202, 6;
    %dup/vec4;
    %pushi/vec4 218, 0, 12;
    %cmp/u;
    %jmp/1 T_2.203, 6;
    %dup/vec4;
    %pushi/vec4 216, 0, 12;
    %cmp/u;
    %jmp/1 T_2.204, 6;
    %dup/vec4;
    %pushi/vec4 211, 0, 12;
    %cmp/u;
    %jmp/1 T_2.205, 6;
    %dup/vec4;
    %pushi/vec4 210, 0, 12;
    %cmp/u;
    %jmp/1 T_2.206, 6;
    %dup/vec4;
    %pushi/vec4 208, 0, 12;
    %cmp/u;
    %jmp/1 T_2.207, 6;
    %dup/vec4;
    %pushi/vec4 187, 0, 12;
    %cmp/u;
    %jmp/1 T_2.208, 6;
    %pushi/vec4 0, 0, 9;
    %store/vec4 v000001dad8c28200_0, 0, 9;
    %jmp T_2.210;
T_2.167 ;
    %pushi/vec4 267, 0, 9;
    %store/vec4 v000001dad8c28200_0, 0, 9;
    %jmp T_2.210;
T_2.168 ;
    %pushi/vec4 268, 0, 9;
    %store/vec4 v000001dad8c28200_0, 0, 9;
    %jmp T_2.210;
T_2.169 ;
    %pushi/vec4 269, 0, 9;
    %store/vec4 v000001dad8c28200_0, 0, 9;
    %jmp T_2.210;
T_2.170 ;
    %pushi/vec4 284, 0, 9;
    %store/vec4 v000001dad8c28200_0, 0, 9;
    %jmp T_2.210;
T_2.171 ;
    %pushi/vec4 286, 0, 9;
    %store/vec4 v000001dad8c28200_0, 0, 9;
    %jmp T_2.210;
T_2.172 ;
    %pushi/vec4 301, 0, 9;
    %store/vec4 v000001dad8c28200_0, 0, 9;
    %jmp T_2.210;
T_2.173 ;
    %pushi/vec4 302, 0, 9;
    %store/vec4 v000001dad8c28200_0, 0, 9;
    %jmp T_2.210;
T_2.174 ;
    %pushi/vec4 314, 0, 9;
    %store/vec4 v000001dad8c28200_0, 0, 9;
    %jmp T_2.210;
T_2.175 ;
    %pushi/vec4 315, 0, 9;
    %store/vec4 v000001dad8c28200_0, 0, 9;
    %jmp T_2.210;
T_2.176 ;
    %pushi/vec4 316, 0, 9;
    %store/vec4 v000001dad8c28200_0, 0, 9;
    %jmp T_2.210;
T_2.177 ;
    %pushi/vec4 329, 0, 9;
    %store/vec4 v000001dad8c28200_0, 0, 9;
    %jmp T_2.210;
T_2.178 ;
    %pushi/vec4 330, 0, 9;
    %store/vec4 v000001dad8c28200_0, 0, 9;
    %jmp T_2.210;
T_2.179 ;
    %pushi/vec4 331, 0, 9;
    %store/vec4 v000001dad8c28200_0, 0, 9;
    %jmp T_2.210;
T_2.180 ;
    %pushi/vec4 343, 0, 9;
    %store/vec4 v000001dad8c28200_0, 0, 9;
    %jmp T_2.210;
T_2.181 ;
    %pushi/vec4 345, 0, 9;
    %store/vec4 v000001dad8c28200_0, 0, 9;
    %jmp T_2.210;
T_2.182 ;
    %pushi/vec4 346, 0, 9;
    %store/vec4 v000001dad8c28200_0, 0, 9;
    %jmp T_2.210;
T_2.183 ;
    %pushi/vec4 360, 0, 9;
    %store/vec4 v000001dad8c28200_0, 0, 9;
    %jmp T_2.210;
T_2.184 ;
    %pushi/vec4 361, 0, 9;
    %store/vec4 v000001dad8c28200_0, 0, 9;
    %jmp T_2.210;
T_2.185 ;
    %pushi/vec4 362, 0, 9;
    %store/vec4 v000001dad8c28200_0, 0, 9;
    %jmp T_2.210;
T_2.186 ;
    %pushi/vec4 363, 0, 9;
    %store/vec4 v000001dad8c28200_0, 0, 9;
    %jmp T_2.210;
T_2.187 ;
    %pushi/vec4 375, 0, 9;
    %store/vec4 v000001dad8c28200_0, 0, 9;
    %jmp T_2.210;
T_2.188 ;
    %pushi/vec4 376, 0, 9;
    %store/vec4 v000001dad8c28200_0, 0, 9;
    %jmp T_2.210;
T_2.189 ;
    %pushi/vec4 390, 0, 9;
    %store/vec4 v000001dad8c28200_0, 0, 9;
    %jmp T_2.210;
T_2.190 ;
    %pushi/vec4 391, 0, 9;
    %store/vec4 v000001dad8c28200_0, 0, 9;
    %jmp T_2.210;
T_2.191 ;
    %pushi/vec4 405, 0, 9;
    %store/vec4 v000001dad8c28200_0, 0, 9;
    %jmp T_2.210;
T_2.192 ;
    %pushi/vec4 406, 0, 9;
    %store/vec4 v000001dad8c28200_0, 0, 9;
    %jmp T_2.210;
T_2.193 ;
    %pushi/vec4 420, 0, 9;
    %store/vec4 v000001dad8c28200_0, 0, 9;
    %jmp T_2.210;
T_2.194 ;
    %pushi/vec4 421, 0, 9;
    %store/vec4 v000001dad8c28200_0, 0, 9;
    %jmp T_2.210;
T_2.195 ;
    %pushi/vec4 422, 0, 9;
    %store/vec4 v000001dad8c28200_0, 0, 9;
    %jmp T_2.210;
T_2.196 ;
    %pushi/vec4 423, 0, 9;
    %store/vec4 v000001dad8c28200_0, 0, 9;
    %jmp T_2.210;
T_2.197 ;
    %pushi/vec4 432, 0, 9;
    %store/vec4 v000001dad8c28200_0, 0, 9;
    %jmp T_2.210;
T_2.198 ;
    %pushi/vec4 436, 0, 9;
    %store/vec4 v000001dad8c28200_0, 0, 9;
    %jmp T_2.210;
T_2.199 ;
    %pushi/vec4 437, 0, 9;
    %store/vec4 v000001dad8c28200_0, 0, 9;
    %jmp T_2.210;
T_2.200 ;
    %pushi/vec4 448, 0, 9;
    %store/vec4 v000001dad8c28200_0, 0, 9;
    %jmp T_2.210;
T_2.201 ;
    %pushi/vec4 449, 0, 9;
    %store/vec4 v000001dad8c28200_0, 0, 9;
    %jmp T_2.210;
T_2.202 ;
    %pushi/vec4 450, 0, 9;
    %store/vec4 v000001dad8c28200_0, 0, 9;
    %jmp T_2.210;
T_2.203 ;
    %pushi/vec4 451, 0, 9;
    %store/vec4 v000001dad8c28200_0, 0, 9;
    %jmp T_2.210;
T_2.204 ;
    %pushi/vec4 452, 0, 9;
    %store/vec4 v000001dad8c28200_0, 0, 9;
    %jmp T_2.210;
T_2.205 ;
    %pushi/vec4 465, 0, 9;
    %store/vec4 v000001dad8c28200_0, 0, 9;
    %jmp T_2.210;
T_2.206 ;
    %pushi/vec4 466, 0, 9;
    %store/vec4 v000001dad8c28200_0, 0, 9;
    %jmp T_2.210;
T_2.207 ;
    %pushi/vec4 467, 0, 9;
    %store/vec4 v000001dad8c28200_0, 0, 9;
    %jmp T_2.210;
T_2.208 ;
    %pushi/vec4 483, 0, 9;
    %store/vec4 v000001dad8c28200_0, 0, 9;
    %jmp T_2.210;
T_2.210 ;
    %pop/vec4 1;
    %jmp T_2.19;
T_2.13 ;
    %load/vec4 v000001dad8b22e50_0;
    %parti/s 13, 4, 4;
    %dup/vec4;
    %pushi/vec4 376, 0, 13;
    %cmp/u;
    %jmp/1 T_2.211, 6;
    %dup/vec4;
    %pushi/vec4 387, 0, 13;
    %cmp/u;
    %jmp/1 T_2.212, 6;
    %dup/vec4;
    %pushi/vec4 365, 0, 13;
    %cmp/u;
    %jmp/1 T_2.213, 6;
    %dup/vec4;
    %pushi/vec4 395, 0, 13;
    %cmp/u;
    %jmp/1 T_2.214, 6;
    %dup/vec4;
    %pushi/vec4 382, 0, 13;
    %cmp/u;
    %jmp/1 T_2.215, 6;
    %dup/vec4;
    %pushi/vec4 362, 0, 13;
    %cmp/u;
    %jmp/1 T_2.216, 6;
    %dup/vec4;
    %pushi/vec4 400, 0, 13;
    %cmp/u;
    %jmp/1 T_2.217, 6;
    %dup/vec4;
    %pushi/vec4 388, 0, 13;
    %cmp/u;
    %jmp/1 T_2.218, 6;
    %dup/vec4;
    %pushi/vec4 378, 0, 13;
    %cmp/u;
    %jmp/1 T_2.219, 6;
    %dup/vec4;
    %pushi/vec4 385, 0, 13;
    %cmp/u;
    %jmp/1 T_2.220, 6;
    %dup/vec4;
    %pushi/vec4 366, 0, 13;
    %cmp/u;
    %jmp/1 T_2.221, 6;
    %dup/vec4;
    %pushi/vec4 407, 0, 13;
    %cmp/u;
    %jmp/1 T_2.222, 6;
    %dup/vec4;
    %pushi/vec4 397, 0, 13;
    %cmp/u;
    %jmp/1 T_2.223, 6;
    %dup/vec4;
    %pushi/vec4 372, 0, 13;
    %cmp/u;
    %jmp/1 T_2.224, 6;
    %dup/vec4;
    %pushi/vec4 380, 0, 13;
    %cmp/u;
    %jmp/1 T_2.225, 6;
    %dup/vec4;
    %pushi/vec4 427, 0, 13;
    %cmp/u;
    %jmp/1 T_2.226, 6;
    %dup/vec4;
    %pushi/vec4 401, 0, 13;
    %cmp/u;
    %jmp/1 T_2.227, 6;
    %dup/vec4;
    %pushi/vec4 392, 0, 13;
    %cmp/u;
    %jmp/1 T_2.228, 6;
    %dup/vec4;
    %pushi/vec4 383, 0, 13;
    %cmp/u;
    %jmp/1 T_2.229, 6;
    %dup/vec4;
    %pushi/vec4 426, 0, 13;
    %cmp/u;
    %jmp/1 T_2.230, 6;
    %dup/vec4;
    %pushi/vec4 406, 0, 13;
    %cmp/u;
    %jmp/1 T_2.231, 6;
    %dup/vec4;
    %pushi/vec4 394, 0, 13;
    %cmp/u;
    %jmp/1 T_2.232, 6;
    %dup/vec4;
    %pushi/vec4 384, 0, 13;
    %cmp/u;
    %jmp/1 T_2.233, 6;
    %dup/vec4;
    %pushi/vec4 359, 0, 13;
    %cmp/u;
    %jmp/1 T_2.234, 6;
    %dup/vec4;
    %pushi/vec4 352, 0, 13;
    %cmp/u;
    %jmp/1 T_2.235, 6;
    %dup/vec4;
    %pushi/vec4 393, 0, 13;
    %cmp/u;
    %jmp/1 T_2.236, 6;
    %dup/vec4;
    %pushi/vec4 396, 0, 13;
    %cmp/u;
    %jmp/1 T_2.237, 6;
    %dup/vec4;
    %pushi/vec4 223, 0, 13;
    %cmp/u;
    %jmp/1 T_2.238, 6;
    %dup/vec4;
    %pushi/vec4 389, 0, 13;
    %cmp/u;
    %jmp/1 T_2.239, 6;
    %dup/vec4;
    %pushi/vec4 386, 0, 13;
    %cmp/u;
    %jmp/1 T_2.240, 6;
    %dup/vec4;
    %pushi/vec4 381, 0, 13;
    %cmp/u;
    %jmp/1 T_2.241, 6;
    %dup/vec4;
    %pushi/vec4 364, 0, 13;
    %cmp/u;
    %jmp/1 T_2.242, 6;
    %dup/vec4;
    %pushi/vec4 370, 0, 13;
    %cmp/u;
    %jmp/1 T_2.243, 6;
    %dup/vec4;
    %pushi/vec4 379, 0, 13;
    %cmp/u;
    %jmp/1 T_2.244, 6;
    %dup/vec4;
    %pushi/vec4 377, 0, 13;
    %cmp/u;
    %jmp/1 T_2.245, 6;
    %dup/vec4;
    %pushi/vec4 369, 0, 13;
    %cmp/u;
    %jmp/1 T_2.246, 6;
    %dup/vec4;
    %pushi/vec4 358, 0, 13;
    %cmp/u;
    %jmp/1 T_2.247, 6;
    %pushi/vec4 0, 0, 9;
    %store/vec4 v000001dad8c28200_0, 0, 9;
    %jmp T_2.249;
T_2.211 ;
    %pushi/vec4 270, 0, 9;
    %store/vec4 v000001dad8c28200_0, 0, 9;
    %jmp T_2.249;
T_2.212 ;
    %pushi/vec4 317, 0, 9;
    %store/vec4 v000001dad8c28200_0, 0, 9;
    %jmp T_2.249;
T_2.213 ;
    %pushi/vec4 318, 0, 9;
    %store/vec4 v000001dad8c28200_0, 0, 9;
    %jmp T_2.249;
T_2.214 ;
    %pushi/vec4 332, 0, 9;
    %store/vec4 v000001dad8c28200_0, 0, 9;
    %jmp T_2.249;
T_2.215 ;
    %pushi/vec4 333, 0, 9;
    %store/vec4 v000001dad8c28200_0, 0, 9;
    %jmp T_2.249;
T_2.216 ;
    %pushi/vec4 334, 0, 9;
    %store/vec4 v000001dad8c28200_0, 0, 9;
    %jmp T_2.249;
T_2.217 ;
    %pushi/vec4 347, 0, 9;
    %store/vec4 v000001dad8c28200_0, 0, 9;
    %jmp T_2.249;
T_2.218 ;
    %pushi/vec4 348, 0, 9;
    %store/vec4 v000001dad8c28200_0, 0, 9;
    %jmp T_2.249;
T_2.219 ;
    %pushi/vec4 349, 0, 9;
    %store/vec4 v000001dad8c28200_0, 0, 9;
    %jmp T_2.249;
T_2.220 ;
    %pushi/vec4 364, 0, 9;
    %store/vec4 v000001dad8c28200_0, 0, 9;
    %jmp T_2.249;
T_2.221 ;
    %pushi/vec4 365, 0, 9;
    %store/vec4 v000001dad8c28200_0, 0, 9;
    %jmp T_2.249;
T_2.222 ;
    %pushi/vec4 377, 0, 9;
    %store/vec4 v000001dad8c28200_0, 0, 9;
    %jmp T_2.249;
T_2.223 ;
    %pushi/vec4 378, 0, 9;
    %store/vec4 v000001dad8c28200_0, 0, 9;
    %jmp T_2.249;
T_2.224 ;
    %pushi/vec4 379, 0, 9;
    %store/vec4 v000001dad8c28200_0, 0, 9;
    %jmp T_2.249;
T_2.225 ;
    %pushi/vec4 380, 0, 9;
    %store/vec4 v000001dad8c28200_0, 0, 9;
    %jmp T_2.249;
T_2.226 ;
    %pushi/vec4 392, 0, 9;
    %store/vec4 v000001dad8c28200_0, 0, 9;
    %jmp T_2.249;
T_2.227 ;
    %pushi/vec4 393, 0, 9;
    %store/vec4 v000001dad8c28200_0, 0, 9;
    %jmp T_2.249;
T_2.228 ;
    %pushi/vec4 394, 0, 9;
    %store/vec4 v000001dad8c28200_0, 0, 9;
    %jmp T_2.249;
T_2.229 ;
    %pushi/vec4 395, 0, 9;
    %store/vec4 v000001dad8c28200_0, 0, 9;
    %jmp T_2.249;
T_2.230 ;
    %pushi/vec4 407, 0, 9;
    %store/vec4 v000001dad8c28200_0, 0, 9;
    %jmp T_2.249;
T_2.231 ;
    %pushi/vec4 408, 0, 9;
    %store/vec4 v000001dad8c28200_0, 0, 9;
    %jmp T_2.249;
T_2.232 ;
    %pushi/vec4 409, 0, 9;
    %store/vec4 v000001dad8c28200_0, 0, 9;
    %jmp T_2.249;
T_2.233 ;
    %pushi/vec4 410, 0, 9;
    %store/vec4 v000001dad8c28200_0, 0, 9;
    %jmp T_2.249;
T_2.234 ;
    %pushi/vec4 412, 0, 9;
    %store/vec4 v000001dad8c28200_0, 0, 9;
    %jmp T_2.249;
T_2.235 ;
    %pushi/vec4 414, 0, 9;
    %store/vec4 v000001dad8c28200_0, 0, 9;
    %jmp T_2.249;
T_2.236 ;
    %pushi/vec4 424, 0, 9;
    %store/vec4 v000001dad8c28200_0, 0, 9;
    %jmp T_2.249;
T_2.237 ;
    %pushi/vec4 438, 0, 9;
    %store/vec4 v000001dad8c28200_0, 0, 9;
    %jmp T_2.249;
T_2.238 ;
    %pushi/vec4 445, 0, 9;
    %store/vec4 v000001dad8c28200_0, 0, 9;
    %jmp T_2.249;
T_2.239 ;
    %pushi/vec4 453, 0, 9;
    %store/vec4 v000001dad8c28200_0, 0, 9;
    %jmp T_2.249;
T_2.240 ;
    %pushi/vec4 454, 0, 9;
    %store/vec4 v000001dad8c28200_0, 0, 9;
    %jmp T_2.249;
T_2.241 ;
    %pushi/vec4 455, 0, 9;
    %store/vec4 v000001dad8c28200_0, 0, 9;
    %jmp T_2.249;
T_2.242 ;
    %pushi/vec4 456, 0, 9;
    %store/vec4 v000001dad8c28200_0, 0, 9;
    %jmp T_2.249;
T_2.243 ;
    %pushi/vec4 468, 0, 9;
    %store/vec4 v000001dad8c28200_0, 0, 9;
    %jmp T_2.249;
T_2.244 ;
    %pushi/vec4 469, 0, 9;
    %store/vec4 v000001dad8c28200_0, 0, 9;
    %jmp T_2.249;
T_2.245 ;
    %pushi/vec4 480, 0, 9;
    %store/vec4 v000001dad8c28200_0, 0, 9;
    %jmp T_2.249;
T_2.246 ;
    %pushi/vec4 481, 0, 9;
    %store/vec4 v000001dad8c28200_0, 0, 9;
    %jmp T_2.249;
T_2.247 ;
    %pushi/vec4 486, 0, 9;
    %store/vec4 v000001dad8c28200_0, 0, 9;
    %jmp T_2.249;
T_2.249 ;
    %pop/vec4 1;
    %jmp T_2.19;
T_2.14 ;
    %load/vec4 v000001dad8b22e50_0;
    %parti/s 14, 3, 3;
    %dup/vec4;
    %pushi/vec4 445, 0, 14;
    %cmp/u;
    %jmp/1 T_2.250, 6;
    %dup/vec4;
    %pushi/vec4 715, 0, 14;
    %cmp/u;
    %jmp/1 T_2.251, 6;
    %dup/vec4;
    %pushi/vec4 727, 0, 14;
    %cmp/u;
    %jmp/1 T_2.252, 6;
    %dup/vec4;
    %pushi/vec4 713, 0, 14;
    %cmp/u;
    %jmp/1 T_2.253, 6;
    %dup/vec4;
    %pushi/vec4 708, 0, 14;
    %cmp/u;
    %jmp/1 T_2.254, 6;
    %dup/vec4;
    %pushi/vec4 735, 0, 14;
    %cmp/u;
    %jmp/1 T_2.255, 6;
    %dup/vec4;
    %pushi/vec4 710, 0, 14;
    %cmp/u;
    %jmp/1 T_2.256, 6;
    %dup/vec4;
    %pushi/vec4 743, 0, 14;
    %cmp/u;
    %jmp/1 T_2.257, 6;
    %dup/vec4;
    %pushi/vec4 737, 0, 14;
    %cmp/u;
    %jmp/1 T_2.258, 6;
    %dup/vec4;
    %pushi/vec4 720, 0, 14;
    %cmp/u;
    %jmp/1 T_2.259, 6;
    %dup/vec4;
    %pushi/vec4 439, 0, 14;
    %cmp/u;
    %jmp/1 T_2.260, 6;
    %dup/vec4;
    %pushi/vec4 746, 0, 14;
    %cmp/u;
    %jmp/1 T_2.261, 6;
    %dup/vec4;
    %pushi/vec4 742, 0, 14;
    %cmp/u;
    %jmp/1 T_2.262, 6;
    %dup/vec4;
    %pushi/vec4 736, 0, 14;
    %cmp/u;
    %jmp/1 T_2.263, 6;
    %dup/vec4;
    %pushi/vec4 721, 0, 14;
    %cmp/u;
    %jmp/1 T_2.264, 6;
    %dup/vec4;
    %pushi/vec4 712, 0, 14;
    %cmp/u;
    %jmp/1 T_2.265, 6;
    %dup/vec4;
    %pushi/vec4 706, 0, 14;
    %cmp/u;
    %jmp/1 T_2.266, 6;
    %dup/vec4;
    %pushi/vec4 436, 0, 14;
    %cmp/u;
    %jmp/1 T_2.267, 6;
    %dup/vec4;
    %pushi/vec4 443, 0, 14;
    %cmp/u;
    %jmp/1 T_2.268, 6;
    %dup/vec4;
    %pushi/vec4 707, 0, 14;
    %cmp/u;
    %jmp/1 T_2.269, 6;
    %dup/vec4;
    %pushi/vec4 440, 0, 14;
    %cmp/u;
    %jmp/1 T_2.270, 6;
    %dup/vec4;
    %pushi/vec4 437, 0, 14;
    %cmp/u;
    %jmp/1 T_2.271, 6;
    %dup/vec4;
    %pushi/vec4 747, 0, 14;
    %cmp/u;
    %jmp/1 T_2.272, 6;
    %dup/vec4;
    %pushi/vec4 734, 0, 14;
    %cmp/u;
    %jmp/1 T_2.273, 6;
    %dup/vec4;
    %pushi/vec4 723, 0, 14;
    %cmp/u;
    %jmp/1 T_2.274, 6;
    %dup/vec4;
    %pushi/vec4 714, 0, 14;
    %cmp/u;
    %jmp/1 T_2.275, 6;
    %dup/vec4;
    %pushi/vec4 726, 0, 14;
    %cmp/u;
    %jmp/1 T_2.276, 6;
    %dup/vec4;
    %pushi/vec4 722, 0, 14;
    %cmp/u;
    %jmp/1 T_2.277, 6;
    %dup/vec4;
    %pushi/vec4 711, 0, 14;
    %cmp/u;
    %jmp/1 T_2.278, 6;
    %dup/vec4;
    %pushi/vec4 709, 0, 14;
    %cmp/u;
    %jmp/1 T_2.279, 6;
    %dup/vec4;
    %pushi/vec4 434, 0, 14;
    %cmp/u;
    %jmp/1 T_2.280, 6;
    %pushi/vec4 0, 0, 9;
    %store/vec4 v000001dad8c28200_0, 0, 9;
    %jmp T_2.282;
T_2.250 ;
    %pushi/vec4 350, 0, 9;
    %store/vec4 v000001dad8c28200_0, 0, 9;
    %jmp T_2.282;
T_2.251 ;
    %pushi/vec4 366, 0, 9;
    %store/vec4 v000001dad8c28200_0, 0, 9;
    %jmp T_2.282;
T_2.252 ;
    %pushi/vec4 396, 0, 9;
    %store/vec4 v000001dad8c28200_0, 0, 9;
    %jmp T_2.282;
T_2.253 ;
    %pushi/vec4 397, 0, 9;
    %store/vec4 v000001dad8c28200_0, 0, 9;
    %jmp T_2.282;
T_2.254 ;
    %pushi/vec4 398, 0, 9;
    %store/vec4 v000001dad8c28200_0, 0, 9;
    %jmp T_2.282;
T_2.255 ;
    %pushi/vec4 411, 0, 9;
    %store/vec4 v000001dad8c28200_0, 0, 9;
    %jmp T_2.282;
T_2.256 ;
    %pushi/vec4 413, 0, 9;
    %store/vec4 v000001dad8c28200_0, 0, 9;
    %jmp T_2.282;
T_2.257 ;
    %pushi/vec4 425, 0, 9;
    %store/vec4 v000001dad8c28200_0, 0, 9;
    %jmp T_2.282;
T_2.258 ;
    %pushi/vec4 426, 0, 9;
    %store/vec4 v000001dad8c28200_0, 0, 9;
    %jmp T_2.282;
T_2.259 ;
    %pushi/vec4 427, 0, 9;
    %store/vec4 v000001dad8c28200_0, 0, 9;
    %jmp T_2.282;
T_2.260 ;
    %pushi/vec4 430, 0, 9;
    %store/vec4 v000001dad8c28200_0, 0, 9;
    %jmp T_2.282;
T_2.261 ;
    %pushi/vec4 439, 0, 9;
    %store/vec4 v000001dad8c28200_0, 0, 9;
    %jmp T_2.282;
T_2.262 ;
    %pushi/vec4 440, 0, 9;
    %store/vec4 v000001dad8c28200_0, 0, 9;
    %jmp T_2.282;
T_2.263 ;
    %pushi/vec4 441, 0, 9;
    %store/vec4 v000001dad8c28200_0, 0, 9;
    %jmp T_2.282;
T_2.264 ;
    %pushi/vec4 442, 0, 9;
    %store/vec4 v000001dad8c28200_0, 0, 9;
    %jmp T_2.282;
T_2.265 ;
    %pushi/vec4 443, 0, 9;
    %store/vec4 v000001dad8c28200_0, 0, 9;
    %jmp T_2.282;
T_2.266 ;
    %pushi/vec4 444, 0, 9;
    %store/vec4 v000001dad8c28200_0, 0, 9;
    %jmp T_2.282;
T_2.267 ;
    %pushi/vec4 446, 0, 9;
    %store/vec4 v000001dad8c28200_0, 0, 9;
    %jmp T_2.282;
T_2.268 ;
    %pushi/vec4 458, 0, 9;
    %store/vec4 v000001dad8c28200_0, 0, 9;
    %jmp T_2.282;
T_2.269 ;
    %pushi/vec4 459, 0, 9;
    %store/vec4 v000001dad8c28200_0, 0, 9;
    %jmp T_2.282;
T_2.270 ;
    %pushi/vec4 460, 0, 9;
    %store/vec4 v000001dad8c28200_0, 0, 9;
    %jmp T_2.282;
T_2.271 ;
    %pushi/vec4 461, 0, 9;
    %store/vec4 v000001dad8c28200_0, 0, 9;
    %jmp T_2.282;
T_2.272 ;
    %pushi/vec4 464, 0, 9;
    %store/vec4 v000001dad8c28200_0, 0, 9;
    %jmp T_2.282;
T_2.273 ;
    %pushi/vec4 470, 0, 9;
    %store/vec4 v000001dad8c28200_0, 0, 9;
    %jmp T_2.282;
T_2.274 ;
    %pushi/vec4 471, 0, 9;
    %store/vec4 v000001dad8c28200_0, 0, 9;
    %jmp T_2.282;
T_2.275 ;
    %pushi/vec4 472, 0, 9;
    %store/vec4 v000001dad8c28200_0, 0, 9;
    %jmp T_2.282;
T_2.276 ;
    %pushi/vec4 484, 0, 9;
    %store/vec4 v000001dad8c28200_0, 0, 9;
    %jmp T_2.282;
T_2.277 ;
    %pushi/vec4 485, 0, 9;
    %store/vec4 v000001dad8c28200_0, 0, 9;
    %jmp T_2.282;
T_2.278 ;
    %pushi/vec4 487, 0, 9;
    %store/vec4 v000001dad8c28200_0, 0, 9;
    %jmp T_2.282;
T_2.279 ;
    %pushi/vec4 488, 0, 9;
    %store/vec4 v000001dad8c28200_0, 0, 9;
    %jmp T_2.282;
T_2.280 ;
    %pushi/vec4 494, 0, 9;
    %store/vec4 v000001dad8c28200_0, 0, 9;
    %jmp T_2.282;
T_2.282 ;
    %pop/vec4 1;
    %jmp T_2.19;
T_2.15 ;
    %load/vec4 v000001dad8b22e50_0;
    %parti/s 15, 2, 3;
    %dup/vec4;
    %pushi/vec4 889, 0, 15;
    %cmp/u;
    %jmp/1 T_2.283, 6;
    %dup/vec4;
    %pushi/vec4 884, 0, 15;
    %cmp/u;
    %jmp/1 T_2.284, 6;
    %dup/vec4;
    %pushi/vec4 885, 0, 15;
    %cmp/u;
    %jmp/1 T_2.285, 6;
    %dup/vec4;
    %pushi/vec4 882, 0, 15;
    %cmp/u;
    %jmp/1 T_2.286, 6;
    %dup/vec4;
    %pushi/vec4 888, 0, 15;
    %cmp/u;
    %jmp/1 T_2.287, 6;
    %dup/vec4;
    %pushi/vec4 883, 0, 15;
    %cmp/u;
    %jmp/1 T_2.288, 6;
    %dup/vec4;
    %pushi/vec4 877, 0, 15;
    %cmp/u;
    %jmp/1 T_2.289, 6;
    %dup/vec4;
    %pushi/vec4 876, 0, 15;
    %cmp/u;
    %jmp/1 T_2.290, 6;
    %dup/vec4;
    %pushi/vec4 865, 0, 15;
    %cmp/u;
    %jmp/1 T_2.291, 6;
    %dup/vec4;
    %pushi/vec4 866, 0, 15;
    %cmp/u;
    %jmp/1 T_2.292, 6;
    %dup/vec4;
    %pushi/vec4 871, 0, 15;
    %cmp/u;
    %jmp/1 T_2.293, 6;
    %dup/vec4;
    %pushi/vec4 870, 0, 15;
    %cmp/u;
    %jmp/1 T_2.294, 6;
    %pushi/vec4 0, 0, 9;
    %store/vec4 v000001dad8c28200_0, 0, 9;
    %jmp T_2.296;
T_2.283 ;
    %pushi/vec4 381, 0, 9;
    %store/vec4 v000001dad8c28200_0, 0, 9;
    %jmp T_2.296;
T_2.284 ;
    %pushi/vec4 382, 0, 9;
    %store/vec4 v000001dad8c28200_0, 0, 9;
    %jmp T_2.296;
T_2.285 ;
    %pushi/vec4 428, 0, 9;
    %store/vec4 v000001dad8c28200_0, 0, 9;
    %jmp T_2.296;
T_2.286 ;
    %pushi/vec4 429, 0, 9;
    %store/vec4 v000001dad8c28200_0, 0, 9;
    %jmp T_2.296;
T_2.287 ;
    %pushi/vec4 457, 0, 9;
    %store/vec4 v000001dad8c28200_0, 0, 9;
    %jmp T_2.296;
T_2.288 ;
    %pushi/vec4 474, 0, 9;
    %store/vec4 v000001dad8c28200_0, 0, 9;
    %jmp T_2.296;
T_2.289 ;
    %pushi/vec4 475, 0, 9;
    %store/vec4 v000001dad8c28200_0, 0, 9;
    %jmp T_2.296;
T_2.290 ;
    %pushi/vec4 476, 0, 9;
    %store/vec4 v000001dad8c28200_0, 0, 9;
    %jmp T_2.296;
T_2.291 ;
    %pushi/vec4 478, 0, 9;
    %store/vec4 v000001dad8c28200_0, 0, 9;
    %jmp T_2.296;
T_2.292 ;
    %pushi/vec4 489, 0, 9;
    %store/vec4 v000001dad8c28200_0, 0, 9;
    %jmp T_2.296;
T_2.293 ;
    %pushi/vec4 491, 0, 9;
    %store/vec4 v000001dad8c28200_0, 0, 9;
    %jmp T_2.296;
T_2.294 ;
    %pushi/vec4 493, 0, 9;
    %store/vec4 v000001dad8c28200_0, 0, 9;
    %jmp T_2.296;
T_2.296 ;
    %pop/vec4 1;
    %jmp T_2.19;
T_2.16 ;
    %load/vec4 v000001dad8b22e50_0;
    %parti/s 16, 1, 2;
    %dup/vec4;
    %pushi/vec4 1728, 0, 16;
    %cmp/u;
    %jmp/1 T_2.297, 6;
    %dup/vec4;
    %pushi/vec4 1735, 0, 16;
    %cmp/u;
    %jmp/1 T_2.298, 6;
    %dup/vec4;
    %pushi/vec4 1734, 0, 16;
    %cmp/u;
    %jmp/1 T_2.299, 6;
    %pushi/vec4 0, 0, 9;
    %store/vec4 v000001dad8c28200_0, 0, 9;
    %jmp T_2.301;
T_2.297 ;
    %pushi/vec4 462, 0, 9;
    %store/vec4 v000001dad8c28200_0, 0, 9;
    %jmp T_2.301;
T_2.298 ;
    %pushi/vec4 473, 0, 9;
    %store/vec4 v000001dad8c28200_0, 0, 9;
    %jmp T_2.301;
T_2.299 ;
    %pushi/vec4 490, 0, 9;
    %store/vec4 v000001dad8c28200_0, 0, 9;
    %jmp T_2.301;
T_2.301 ;
    %pop/vec4 1;
    %jmp T_2.19;
T_2.17 ;
    %load/vec4 v000001dad8b22e50_0;
    %dup/vec4;
    %pushi/vec4 3459, 0, 17;
    %cmp/u;
    %jmp/1 T_2.302, 6;
    %dup/vec4;
    %pushi/vec4 3458, 0, 17;
    %cmp/u;
    %jmp/1 T_2.303, 6;
    %pushi/vec4 0, 0, 9;
    %store/vec4 v000001dad8c28200_0, 0, 9;
    %jmp T_2.305;
T_2.302 ;
    %pushi/vec4 477, 0, 9;
    %store/vec4 v000001dad8c28200_0, 0, 9;
    %jmp T_2.305;
T_2.303 ;
    %pushi/vec4 492, 0, 9;
    %store/vec4 v000001dad8c28200_0, 0, 9;
    %jmp T_2.305;
T_2.305 ;
    %pop/vec4 1;
    %jmp T_2.19;
T_2.19 ;
    %pop/vec4 1;
    %jmp T_2;
    .thread T_2, $push;
    .scope S_000001dad8ba1d40;
T_3 ;
    %delay 10000, 0;
    %load/vec4 v000001dad8c0c7d0_0;
    %nor/r;
    %store/vec4 v000001dad8c0c7d0_0, 0, 1;
    %jmp T_3;
    .thread T_3;
    .scope S_000001dad8ba1d40;
T_4 ;
    %vpi_call/w 3 26 "$dumpfile", "sim/HT_sim.vcd" {0 0 0};
    %vpi_call/w 3 27 "$dumpvars", 32'sb00000000000000000000000000000000, S_000001dad8ba1d40 {0 0 0};
    %vpi_call/w 3 28 "$display", "Starting Sim" {0 0 0};
    %pushi/vec4 803115, 0, 23;
    %store/vec4 v000001dad8c0bd30_0, 0, 23;
    %pushi/vec4 0, 0, 1;
    %store/vec4 v000001dad8c0c7d0_0, 0, 1;
    %pushi/vec4 0, 0, 1;
    %store/vec4 v000001dad8c0c2d0_0, 0, 1;
    %pushi/vec4 0, 0, 1;
    %store/vec4 v000001dad8c0be70_0, 0, 1;
    %pushi/vec4 0, 0, 1;
    %store/vec4 v000001dad8c0c690_0, 0, 1;
    %delay 20000, 0;
    %pushi/vec4 1, 0, 1;
    %store/vec4 v000001dad8c0c2d0_0, 0, 1;
    %delay 20000, 0;
    %pushi/vec4 0, 0, 1;
    %store/vec4 v000001dad8c0c2d0_0, 0, 1;
    %fork t_1, S_000001dad8ba1ed0;
    %jmp t_0;
    .scope S_000001dad8ba1ed0;
t_1 ;
    %pushi/vec4 0, 0, 32;
    %store/vec4 v000001dad8b23140_0, 0, 32;
T_4.0 ;
    %load/vec4 v000001dad8b23140_0;
    %cmpi/s 23, 0, 32;
    %jmp/0xz T_4.1, 5;
    %pushi/vec4 1, 0, 1;
    %store/vec4 v000001dad8c0be70_0, 0, 1;
    %load/vec4 v000001dad8c0bd30_0;
    %pushi/vec4 22, 0, 32;
    %load/vec4 v000001dad8b23140_0;
    %sub;
    %part/s 1;
    %store/vec4 v000001dad8c0c690_0, 0, 1;
    %delay 20000, 0;
    %pushi/vec4 0, 0, 1;
    %store/vec4 v000001dad8c0be70_0, 0, 1;
    ; show_stmt_assign_vector: Get l-value for compressed += operand
    %load/vec4 v000001dad8b23140_0;
    %pushi/vec4 1, 0, 32;
    %add;
    %cast2;
    %store/vec4 v000001dad8b23140_0, 0, 32;
    %jmp T_4.0;
T_4.1 ;
    %end;
    .scope S_000001dad8ba1d40;
t_0 %join;
    %delay 200000, 0;
    %vpi_call/w 3 54 "$display", "Finishing Sim" {0 0 0};
    %vpi_call/w 3 55 "$finish" {0 0 0};
    %end;
    .thread T_4;
# The file index is used to find the file name in the following table.
:file_names 5;
    "N/A";
    "<interactive>";
    "-";
    ".\sim\HT_tb.sv";
    ".\src\ht_modules\HT_17.sv";
